2021-12-20 09:51:03,930 INFO org.springframework.boot.StartupInfoLogger [main] Starting RandomTests using Java 11.0.12 on CPX-RB5SLRADOYE with PID 19343 (started by robert in /home/robert/code/github/opentestingapi/impl_java)
2021-12-20 09:51:03,933 INFO org.springframework.boot.SpringApplication [main] No active profile set, falling back to default profiles: default
2021-12-20 09:51:06,216 INFO org.springframework.data.repository.config.RepositoryConfigurationDelegate [main] Bootstrapping Spring Data JDBC repositories in DEFAULT mode.
2021-12-20 09:51:06,251 INFO org.springframework.data.repository.config.RepositoryConfigurationDelegate [main] Finished Spring Data repository scanning in 24 ms. Found 0 JDBC repository interfaces.
2021-12-20 09:51:06,998 INFO org.springframework.cloud.context.scope.GenericScope [main] BeanFactory id=283714b2-f5d5-35d9-ab40-0afae253ca74
2021-12-20 09:51:08,745 INFO org.opentesting.persistence.CheckRepository [main] execute: create table if not exists checkstore (testid VARCHAR(1000) NOT NULL)
2021-12-20 09:51:08,757 INFO com.zaxxer.hikari.HikariDataSource [main] HikariPool-1 - Starting...
2021-12-20 09:51:09,353 INFO com.zaxxer.hikari.HikariDataSource [main] HikariPool-1 - Start completed.
2021-12-20 09:51:09,395 INFO org.opentesting.persistence.CheckRepository [main] execute: alter table checkstore add if not exists checkid VARCHAR(1000)
2021-12-20 09:51:09,436 INFO org.opentesting.persistence.CheckRepository [main] execute: alter table checkstore add if not exists checkinstanceid VARCHAR(1000)
2021-12-20 09:51:09,446 INFO org.opentesting.persistence.CheckRepository [main] execute: alter table checkstore add if not exists version VARCHAR(100)
2021-12-20 09:51:09,459 INFO org.opentesting.persistence.CheckRepository [main] execute: alter table checkstore add if not exists value text
2021-12-20 09:51:09,472 INFO org.opentesting.persistence.CheckRepository [main] execute: alter table checkstore add if not exists insertts timestamp
2021-12-20 09:51:09,480 INFO org.opentesting.persistence.CheckRepository [main] execute: alter table checkstore add if not exists opentype VARCHAR(1000)
2021-12-20 09:51:09,565 INFO org.opentesting.persistence.IndexRepository [main] execute: create table if not exists indexstore (indexname VARCHAR(1000) NOT NULL)
2021-12-20 09:51:09,569 INFO org.opentesting.persistence.IndexRepository [main] execute: alter table indexstore add if not exists key VARCHAR(1000)
2021-12-20 09:51:09,577 INFO org.opentesting.persistence.IndexRepository [main] execute: alter table indexstore add if not exists value VARCHAR(1000)
2021-12-20 09:51:09,585 INFO org.opentesting.persistence.IndexRepository [main] execute: alter table indexstore add if not exists insertts timestamp
2021-12-20 09:51:09,623 INFO org.opentesting.persistence.InjectRepository [main] execute: create table if not exists injectstore (testid VARCHAR(1000) NOT NULL)
2021-12-20 09:51:09,628 INFO org.opentesting.persistence.InjectRepository [main] execute: alter table injectstore add if not exists injectid VARCHAR(1000)
2021-12-20 09:51:09,638 INFO org.opentesting.persistence.InjectRepository [main] execute: alter table injectstore add if not exists injectinstanceid VARCHAR(1000)
2021-12-20 09:51:09,646 INFO org.opentesting.persistence.InjectRepository [main] execute: alter table injectstore add if not exists version VARCHAR(100)
2021-12-20 09:51:09,655 INFO org.opentesting.persistence.InjectRepository [main] execute: alter table injectstore add if not exists value text
2021-12-20 09:51:09,664 INFO org.opentesting.persistence.InjectRepository [main] execute: alter table injectstore add if not exists insertts timestamp
2021-12-20 09:51:09,702 INFO org.opentesting.persistence.KeyValueRepository [main] execute: create table if not exists keyvaluestore (testid VARCHAR(1000) NOT NULL)
2021-12-20 09:51:09,706 INFO org.opentesting.persistence.KeyValueRepository [main] execute: alter table keyvaluestore add if not exists key VARCHAR(1000)
2021-12-20 09:51:09,714 INFO org.opentesting.persistence.KeyValueRepository [main] execute: alter table keyvaluestore add if not exists value text
2021-12-20 09:51:09,722 INFO org.opentesting.persistence.KeyValueRepository [main] execute: alter table keyvaluestore add if not exists insertts timestamp
2021-12-20 09:51:09,759 INFO org.opentesting.persistence.TestRepository [main] execute: create table if not exists teststore (testid VARCHAR(1000) NOT NULL)
2021-12-20 09:51:09,766 INFO org.opentesting.persistence.TestRepository [main] execute: alter table teststore add if not exists version VARCHAR(100)
2021-12-20 09:51:09,774 INFO org.opentesting.persistence.TestRepository [main] execute: alter table teststore add if not exists value text
2021-12-20 09:51:09,782 INFO org.opentesting.persistence.TestRepository [main] execute: alter table teststore add if not exists insertts timestamp
2021-12-20 09:51:09,891 INFO org.opentesting.util.OpenTestingConfig [main] OpenTesting appname: opentesting junit
2021-12-20 09:51:09,895 INFO org.opentesting.util.OpenTestingConfig [main] OpenTesting poolsize: 50
2021-12-20 09:51:09,898 INFO org.opentesting.util.OpenTestingConfig [main] OpenTesting checkcron: [0 * * * * ?, 10 * * * * ?, 20 * * * * ?, 30 * * * * ?, 40 * * * * ?, 50 * * * * ?]
2021-12-20 09:51:09,900 INFO org.opentesting.util.OpenTestingConfig [main] OpenTesting longrunningwarn (sec): 5
2021-12-20 09:51:09,902 INFO org.opentesting.util.OpenTestingConfig [main] OpenTesting resttimeout (sec): 30
2021-12-20 09:51:09,907 INFO org.opentesting.util.OpenTestingConfig [main] OpenTesting reloadtestcases: false
2021-12-20 09:51:09,909 INFO org.opentesting.util.OpenTestingConfig [main] OpenTesting autodelete (days): 365
2021-12-20 09:51:09,912 INFO org.opentesting.util.OpenTestingConfig [main] OpenTesting uselock: true
2021-12-20 09:51:10,069 INFO org.cache2k.core.log.Log$Slf4jLogger [main] cache2k starting. version=2.4.1.Final
2021-12-20 09:51:11,806 INFO org.opentesting.services.adapter.AdapterResolver [main] ##### Adapter ##### cassandra
2021-12-20 09:51:11,821 INFO org.opentesting.services.adapter.AdapterResolver [main] ##### Adapter ##### jdbc
2021-12-20 09:51:11,840 INFO org.opentesting.services.adapter.AdapterResolver [main] ##### Adapter ##### kafka
2021-12-20 09:51:11,857 INFO org.opentesting.services.adapter.AdapterResolver [main] ##### Adapter ##### rest
2021-12-20 09:51:12,141 INFO org.opentesting.services.execution.Startup [main] auto-delete timer created
2021-12-20 09:51:12,142 WARN org.opentesting.services.execution.Startup [main] skipped reloadTestCases()
2021-12-20 09:51:12,234 INFO org.opentesting.services.execution.TestManager [ThreadPoolTaskScheduler1] autodelete (365 days) done
2021-12-20 09:51:14,184 INFO org.springframework.boot.actuate.endpoint.web.EndpointLinksResolver [main] Exposing 4 endpoint(s) beneath base path '/actuator'
2021-12-20 09:51:15,327 INFO org.springframework.boot.autoconfigure.web.servlet.WelcomePageHandlerMapping [main] Adding welcome page: class path resource [static/index.html]
2021-12-20 09:51:18,893 INFO org.springframework.boot.StartupInfoLogger [main] Started RandomTests in 15.711 seconds (JVM running for 18.323)
2021-12-20 09:51:19,977 INFO org.opentesting.RandomTests [main] 2021-12-21 09:51 2021-12-21 09:51
2021-12-20 09:51:20,062 INFO org.opentesting.RandomTests [main] 0d6a052c-8939-4812-928e-1b018630d779
2021-12-20 09:51:20,063 INFO org.opentesting.RandomTests [main] 76277fc1-49b3-7821-517a-1f4bf062a86f
2021-12-20 09:51:20,064 INFO org.opentesting.RandomTests [main] 57a9ad47-a6d1-babd-df03-44c311720804
2021-12-20 09:51:20,065 INFO org.opentesting.RandomTests [main] [0-9a-f]{8}-[0-9a-f]{4}-[0-9a-f]{4}-[0-9a-f]{4}-[0-9a-f]{12}
2021-12-20 09:51:20,155 INFO org.opentesting.RandomTests [main] 3 ccc aaa|bbb|ccc
2021-12-20 09:51:20,213 INFO org.opentesting.RandomTests [main] {"checkid":"testcheck1","service":{"type":"kafka","connectstring":"kafka-broker","username":"user","password":"password","custom":[{"key":"topic","value":"mytopic","version":"TestCaseCustomParameterDTOapi1_0"}],"version":"TestCaseServiceDTOapi1_0"},"validations":[{"order":1,"request":"requestfile","type":"contains","response":["responsefile"],"version":"TestCaseValidationDTOapi1_0"}],"maxwaittime":"1d","active":true,"mandatory":false,"injects":["dummy-inject-1"],"checks":["dummy-check-1"],"result2random":["datenlieferungid"],"checkinstanceid":"testcheck1_-1429594564","checkinstancetestid":"testid","startts":"2021-12-20T09:51:20.1758","targetts":"2021-12-20T09:56:20.175868","randomdata":{"randomdata":{"#hallo#":"Hallo Welt!"}},"bulkid":"bulkid","traceid":"traceid","version":"TestCaseCheckDTOapi1_0"}
2021-12-20 09:51:20,215 INFO org.opentesting.RandomTests [main] {"randomdata":{}}
2021-12-20 09:51:20,332 INFO org.opentesting.RandomTests [main] {"randomdata":{"#testcheck1.datenlieferungid#":"DL-5948bf82-4e36-3a4f-8ca9-d0b379505ff0ÃŸ"}}
2021-12-20 09:51:20,431 INFO org.opentesting.RandomTests [main] bbb bbb
2021-12-20 09:51:20,454 INFO org.springframework.test.context.support.AbstractTestContextBootstrapper [main] Neither @ContextConfiguration nor @ContextHierarchy found for test class [org.opentesting.EncryptionTests], using SpringBootContextLoader
2021-12-20 09:51:20,458 INFO org.springframework.test.context.support.AbstractContextLoader [main] Could not detect default resource locations for test class [org.opentesting.EncryptionTests]: no resource found for suffixes {-context.xml, Context.groovy}.
2021-12-20 09:51:20,459 INFO org.springframework.test.context.support.AnnotationConfigContextLoaderUtils [main] Could not detect default configuration classes for test class [org.opentesting.EncryptionTests]: EncryptionTests does not declare any static, non-private, non-final, nested classes annotated with @Configuration.
2021-12-20 09:51:20,464 INFO org.springframework.boot.test.context.SpringBootTestContextBootstrapper [main] Found @SpringBootConfiguration org.opentesting.OpenTestingApplication for test class org.opentesting.EncryptionTests
2021-12-20 09:51:20,476 INFO org.springframework.test.context.support.AbstractTestContextBootstrapper [main] Loaded default TestExecutionListener class names from location [META-INF/spring.factories]: [org.springframework.boot.test.mock.mockito.MockitoTestExecutionListener, org.springframework.boot.test.mock.mockito.ResetMocksTestExecutionListener, org.springframework.boot.test.autoconfigure.restdocs.RestDocsTestExecutionListener, org.springframework.boot.test.autoconfigure.web.client.MockRestServiceServerResetTestExecutionListener, org.springframework.boot.test.autoconfigure.web.servlet.MockMvcPrintOnlyOnFailureTestExecutionListener, org.springframework.boot.test.autoconfigure.web.servlet.WebDriverTestExecutionListener, org.springframework.boot.test.autoconfigure.webservices.client.MockWebServiceServerTestExecutionListener, org.springframework.test.context.web.ServletTestExecutionListener, org.springframework.test.context.support.DirtiesContextBeforeModesTestExecutionListener, org.springframework.test.context.event.ApplicationEventsTestExecutionListener, org.springframework.test.context.support.DependencyInjectionTestExecutionListener, org.springframework.test.context.support.DirtiesContextTestExecutionListener, org.springframework.test.context.transaction.TransactionalTestExecutionListener, org.springframework.test.context.jdbc.SqlScriptsTestExecutionListener, org.springframework.test.context.event.EventPublishingTestExecutionListener]
2021-12-20 09:51:20,479 INFO org.springframework.test.context.support.AbstractTestContextBootstrapper [main] Using TestExecutionListeners: [org.springframework.test.context.web.ServletTestExecutionListener@4bdec54, org.springframework.test.context.support.DirtiesContextBeforeModesTestExecutionListener@68fd0fba, org.springframework.test.context.event.ApplicationEventsTestExecutionListener@3f9e38d4, org.springframework.boot.test.mock.mockito.MockitoTestExecutionListener@7310bc90, org.springframework.boot.test.autoconfigure.SpringBootDependencyInjectionTestExecutionListener@18a421ea, org.springframework.test.context.support.DirtiesContextTestExecutionListener@18247d9b, org.springframework.test.context.transaction.TransactionalTestExecutionListener@5632bed3, org.springframework.test.context.jdbc.SqlScriptsTestExecutionListener@20307cb9, org.springframework.test.context.event.EventPublishingTestExecutionListener@19a2b224, org.springframework.boot.test.mock.mockito.ResetMocksTestExecutionListener@2251cc2e, org.springframework.boot.test.autoconfigure.restdocs.RestDocsTestExecutionListener@61563a91, org.springframework.boot.test.autoconfigure.web.client.MockRestServiceServerResetTestExecutionListener@42a057b6, org.springframework.boot.test.autoconfigure.web.servlet.MockMvcPrintOnlyOnFailureTestExecutionListener@4e1ffe54, org.springframework.boot.test.autoconfigure.web.servlet.WebDriverTestExecutionListener@62036b05, org.springframework.boot.test.autoconfigure.webservices.client.MockWebServiceServerTestExecutionListener@32514766]
2021-12-20 09:51:20,594 INFO org.springframework.test.context.support.AbstractTestContextBootstrapper [main] Neither @ContextConfiguration nor @ContextHierarchy found for test class [org.opentesting.RestTests], using SpringBootContextLoader
2021-12-20 09:51:20,598 INFO org.springframework.test.context.support.AbstractContextLoader [main] Could not detect default resource locations for test class [org.opentesting.RestTests]: no resource found for suffixes {-context.xml, Context.groovy}.
2021-12-20 09:51:20,599 INFO org.springframework.test.context.support.AnnotationConfigContextLoaderUtils [main] Could not detect default configuration classes for test class [org.opentesting.RestTests]: RestTests does not declare any static, non-private, non-final, nested classes annotated with @Configuration.
2021-12-20 09:51:20,610 INFO org.springframework.boot.test.context.SpringBootTestContextBootstrapper [main] Found @SpringBootConfiguration org.opentesting.OpenTestingApplication for test class org.opentesting.RestTests
2021-12-20 09:51:20,621 INFO org.springframework.test.context.support.AbstractTestContextBootstrapper [main] Loaded default TestExecutionListener class names from location [META-INF/spring.factories]: [org.springframework.boot.test.mock.mockito.MockitoTestExecutionListener, org.springframework.boot.test.mock.mockito.ResetMocksTestExecutionListener, org.springframework.boot.test.autoconfigure.restdocs.RestDocsTestExecutionListener, org.springframework.boot.test.autoconfigure.web.client.MockRestServiceServerResetTestExecutionListener, org.springframework.boot.test.autoconfigure.web.servlet.MockMvcPrintOnlyOnFailureTestExecutionListener, org.springframework.boot.test.autoconfigure.web.servlet.WebDriverTestExecutionListener, org.springframework.boot.test.autoconfigure.webservices.client.MockWebServiceServerTestExecutionListener, org.springframework.test.context.web.ServletTestExecutionListener, org.springframework.test.context.support.DirtiesContextBeforeModesTestExecutionListener, org.springframework.test.context.event.ApplicationEventsTestExecutionListener, org.springframework.test.context.support.DependencyInjectionTestExecutionListener, org.springframework.test.context.support.DirtiesContextTestExecutionListener, org.springframework.test.context.transaction.TransactionalTestExecutionListener, org.springframework.test.context.jdbc.SqlScriptsTestExecutionListener, org.springframework.test.context.event.EventPublishingTestExecutionListener]
2021-12-20 09:51:20,625 INFO org.springframework.test.context.support.AbstractTestContextBootstrapper [main] Using TestExecutionListeners: [org.springframework.test.context.web.ServletTestExecutionListener@6f5ae4e1, org.springframework.test.context.support.DirtiesContextBeforeModesTestExecutionListener@2fb006dc, org.springframework.test.context.event.ApplicationEventsTestExecutionListener@1285ec6, org.springframework.boot.test.mock.mockito.MockitoTestExecutionListener@2abe5132, org.springframework.boot.test.autoconfigure.SpringBootDependencyInjectionTestExecutionListener@12fbc568, org.springframework.test.context.support.DirtiesContextTestExecutionListener@3dd2a70d, org.springframework.test.context.transaction.TransactionalTestExecutionListener@7ecf001f, org.springframework.test.context.jdbc.SqlScriptsTestExecutionListener@2620f935, org.springframework.test.context.event.EventPublishingTestExecutionListener@6a3cb81c, org.springframework.boot.test.mock.mockito.ResetMocksTestExecutionListener@42fe9099, org.springframework.boot.test.autoconfigure.restdocs.RestDocsTestExecutionListener@4437af21, org.springframework.boot.test.autoconfigure.web.client.MockRestServiceServerResetTestExecutionListener@657f1fc3, org.springframework.boot.test.autoconfigure.web.servlet.MockMvcPrintOnlyOnFailureTestExecutionListener@6a0ca728, org.springframework.boot.test.autoconfigure.web.servlet.WebDriverTestExecutionListener@5cc088a8, org.springframework.boot.test.autoconfigure.webservices.client.MockWebServiceServerTestExecutionListener@25777ab6]
2021-12-20 09:51:20,686 WARN org.opentesting.services.rest.ReportingController [main] test not found: 1
org.opentesting.util.exceptions.NotFoundException: test not found: 1
	at org.opentesting.persistence.TestRepository.select(TestRepository.java:89)
	at org.opentesting.persistence.TestRepository$$FastClassBySpringCGLIB$$5dccbd7d.invoke(<generated>)
	at org.springframework.cglib.proxy.MethodProxy.invoke(MethodProxy.java:218)
	at org.springframework.aop.framework.CglibAopProxy$CglibMethodInvocation.invokeJoinpoint(CglibAopProxy.java:783)
	at org.springframework.aop.framework.ReflectiveMethodInvocation.proceed(ReflectiveMethodInvocation.java:163)
	at org.springframework.aop.framework.CglibAopProxy$CglibMethodInvocation.proceed(CglibAopProxy.java:753)
	at org.springframework.aop.aspectj.MethodInvocationProceedingJoinPoint.proceed(MethodInvocationProceedingJoinPoint.java:89)
	at org.opentesting.util.LogExecutionTimeImpl.logExecutionTime(LogExecutionTimeImpl.java:26)
	at jdk.internal.reflect.GeneratedMethodAccessor74.invoke(Unknown Source)
	at java.base/jdk.internal.reflect.DelegatingMethodAccessorImpl.invoke(DelegatingMethodAccessorImpl.java:43)
	at java.base/java.lang.reflect.Method.invoke(Method.java:566)
	at org.springframework.aop.aspectj.AbstractAspectJAdvice.invokeAdviceMethodWithGivenArgs(AbstractAspectJAdvice.java:634)
	at org.springframework.aop.aspectj.AbstractAspectJAdvice.invokeAdviceMethod(AbstractAspectJAdvice.java:624)
	at org.springframework.aop.aspectj.AspectJAroundAdvice.invoke(AspectJAroundAdvice.java:72)
	at org.springframework.aop.framework.ReflectiveMethodInvocation.proceed(ReflectiveMethodInvocation.java:175)
	at org.springframework.aop.framework.CglibAopProxy$CglibMethodInvocation.proceed(CglibAopProxy.java:753)
	at org.springframework.aop.interceptor.ExposeInvocationInterceptor.invoke(ExposeInvocationInterceptor.java:97)
	at org.springframework.aop.framework.ReflectiveMethodInvocation.proceed(ReflectiveMethodInvocation.java:186)
	at org.springframework.aop.framework.CglibAopProxy$CglibMethodInvocation.proceed(CglibAopProxy.java:753)
	at org.springframework.aop.framework.CglibAopProxy$DynamicAdvisedInterceptor.intercept(CglibAopProxy.java:698)
	at org.opentesting.persistence.TestRepository$$EnhancerBySpringCGLIB$$560fbe27.select(<generated>)
	at org.opentesting.services.execution.TestAbstractHandler.getTest(TestAbstractHandler.java:76)
	at org.opentesting.services.execution.TestReporting.getTest(TestReporting.java:30)
	at org.opentesting.services.execution.TestReporting$$FastClassBySpringCGLIB$$ce91a6e8.invoke(<generated>)
	at org.springframework.cglib.proxy.MethodProxy.invoke(MethodProxy.java:218)
	at org.springframework.aop.framework.CglibAopProxy$CglibMethodInvocation.invokeJoinpoint(CglibAopProxy.java:783)
	at org.springframework.aop.framework.ReflectiveMethodInvocation.proceed(ReflectiveMethodInvocation.java:163)
	at org.springframework.aop.framework.CglibAopProxy$CglibMethodInvocation.proceed(CglibAopProxy.java:753)
	at org.springframework.aop.aspectj.MethodInvocationProceedingJoinPoint.proceed(MethodInvocationProceedingJoinPoint.java:89)
	at org.opentesting.util.LogExecutionTimeImpl.logExecutionTime(LogExecutionTimeImpl.java:26)
	at jdk.internal.reflect.GeneratedMethodAccessor74.invoke(Unknown Source)
	at java.base/jdk.internal.reflect.DelegatingMethodAccessorImpl.invoke(DelegatingMethodAccessorImpl.java:43)
	at java.base/java.lang.reflect.Method.invoke(Method.java:566)
	at org.springframework.aop.aspectj.AbstractAspectJAdvice.invokeAdviceMethodWithGivenArgs(AbstractAspectJAdvice.java:634)
	at org.springframework.aop.aspectj.AbstractAspectJAdvice.invokeAdviceMethod(AbstractAspectJAdvice.java:624)
	at org.springframework.aop.aspectj.AspectJAroundAdvice.invoke(AspectJAroundAdvice.java:72)
	at org.springframework.aop.framework.ReflectiveMethodInvocation.proceed(ReflectiveMethodInvocation.java:175)
	at org.springframework.aop.framework.CglibAopProxy$CglibMethodInvocation.proceed(CglibAopProxy.java:753)
	at org.springframework.aop.interceptor.ExposeInvocationInterceptor.invoke(ExposeInvocationInterceptor.java:97)
	at org.springframework.aop.framework.ReflectiveMethodInvocation.proceed(ReflectiveMethodInvocation.java:186)
	at org.springframework.aop.framework.CglibAopProxy$CglibMethodInvocation.proceed(CglibAopProxy.java:753)
	at org.springframework.aop.framework.CglibAopProxy$DynamicAdvisedInterceptor.intercept(CglibAopProxy.java:698)
	at org.opentesting.services.execution.TestReporting$$EnhancerBySpringCGLIB$$43a3548.getTest(<generated>)
	at org.opentesting.services.rest.ReportingController.get(ReportingController.java:67)
	at org.opentesting.RestTests.testReportingGet(RestTests.java:68)
	at java.base/jdk.internal.reflect.NativeMethodAccessorImpl.invoke0(Native Method)
	at java.base/jdk.internal.reflect.NativeMethodAccessorImpl.invoke(NativeMethodAccessorImpl.java:62)
	at java.base/jdk.internal.reflect.DelegatingMethodAccessorImpl.invoke(DelegatingMethodAccessorImpl.java:43)
	at java.base/java.lang.reflect.Method.invoke(Method.java:566)
	at org.junit.platform.commons.util.ReflectionUtils.invokeMethod(ReflectionUtils.java:688)
	at org.junit.jupiter.engine.execution.MethodInvocation.proceed(MethodInvocation.java:60)
	at org.junit.jupiter.engine.execution.InvocationInterceptorChain$ValidatingInvocation.proceed(InvocationInterceptorChain.java:131)
	at org.junit.jupiter.engine.extension.TimeoutExtension.intercept(TimeoutExtension.java:149)
	at org.junit.jupiter.engine.extension.TimeoutExtension.interceptTestableMethod(TimeoutExtension.java:140)
	at org.junit.jupiter.engine.extension.TimeoutExtension.interceptTestMethod(TimeoutExtension.java:84)
	at org.junit.jupiter.engine.execution.ExecutableInvoker$ReflectiveInterceptorCall.lambda$ofVoidMethod$0(ExecutableInvoker.java:115)
	at org.junit.jupiter.engine.execution.ExecutableInvoker.lambda$invoke$0(ExecutableInvoker.java:105)
	at org.junit.jupiter.engine.execution.InvocationInterceptorChain$InterceptedInvocation.proceed(InvocationInterceptorChain.java:106)
	at org.junit.jupiter.engine.execution.InvocationInterceptorChain.proceed(InvocationInterceptorChain.java:64)
	at org.junit.jupiter.engine.execution.InvocationInterceptorChain.chainAndInvoke(InvocationInterceptorChain.java:45)
	at org.junit.jupiter.engine.execution.InvocationInterceptorChain.invoke(InvocationInterceptorChain.java:37)
	at org.junit.jupiter.engine.execution.ExecutableInvoker.invoke(ExecutableInvoker.java:104)
	at org.junit.jupiter.engine.execution.ExecutableInvoker.invoke(ExecutableInvoker.java:98)
	at org.junit.jupiter.engine.descriptor.TestMethodTestDescriptor.lambda$invokeTestMethod$6(TestMethodTestDescriptor.java:210)
	at org.junit.platform.engine.support.hierarchical.ThrowableCollector.execute(ThrowableCollector.java:73)
	at org.junit.jupiter.engine.descriptor.TestMethodTestDescriptor.invokeTestMethod(TestMethodTestDescriptor.java:206)
	at org.junit.jupiter.engine.descriptor.TestMethodTestDescriptor.execute(TestMethodTestDescriptor.java:131)
	at org.junit.jupiter.engine.descriptor.TestMethodTestDescriptor.execute(TestMethodTestDescriptor.java:65)
	at org.junit.platform.engine.support.hierarchical.NodeTestTask.lambda$executeRecursively$5(NodeTestTask.java:139)
	at org.junit.platform.engine.support.hierarchical.ThrowableCollector.execute(ThrowableCollector.java:73)
	at org.junit.platform.engine.support.hierarchical.NodeTestTask.lambda$executeRecursively$7(NodeTestTask.java:129)
	at org.junit.platform.engine.support.hierarchical.Node.around(Node.java:137)
	at org.junit.platform.engine.support.hierarchical.NodeTestTask.lambda$executeRecursively$8(NodeTestTask.java:127)
	at org.junit.platform.engine.support.hierarchical.ThrowableCollector.execute(ThrowableCollector.java:73)
	at org.junit.platform.engine.support.hierarchical.NodeTestTask.executeRecursively(NodeTestTask.java:126)
	at org.junit.platform.engine.support.hierarchical.NodeTestTask.execute(NodeTestTask.java:84)
	at java.base/java.util.ArrayList.forEach(ArrayList.java:1541)
	at org.junit.platform.engine.support.hierarchical.SameThreadHierarchicalTestExecutorService.invokeAll(SameThreadHierarchicalTestExecutorService.java:38)
	at org.junit.platform.engine.support.hierarchical.NodeTestTask.lambda$executeRecursively$5(NodeTestTask.java:143)
	at org.junit.platform.engine.support.hierarchical.ThrowableCollector.execute(ThrowableCollector.java:73)
	at org.junit.platform.engine.support.hierarchical.NodeTestTask.lambda$executeRecursively$7(NodeTestTask.java:129)
	at org.junit.platform.engine.support.hierarchical.Node.around(Node.java:137)
	at org.junit.platform.engine.support.hierarchical.NodeTestTask.lambda$executeRecursively$8(NodeTestTask.java:127)
	at org.junit.platform.engine.support.hierarchical.ThrowableCollector.execute(ThrowableCollector.java:73)
	at org.junit.platform.engine.support.hierarchical.NodeTestTask.executeRecursively(NodeTestTask.java:126)
	at org.junit.platform.engine.support.hierarchical.NodeTestTask.execute(NodeTestTask.java:84)
	at java.base/java.util.ArrayList.forEach(ArrayList.java:1541)
	at org.junit.platform.engine.support.hierarchical.SameThreadHierarchicalTestExecutorService.invokeAll(SameThreadHierarchicalTestExecutorService.java:38)
	at org.junit.platform.engine.support.hierarchical.NodeTestTask.lambda$executeRecursively$5(NodeTestTask.java:143)
	at org.junit.platform.engine.support.hierarchical.ThrowableCollector.execute(ThrowableCollector.java:73)
	at org.junit.platform.engine.support.hierarchical.NodeTestTask.lambda$executeRecursively$7(NodeTestTask.java:129)
	at org.junit.platform.engine.support.hierarchical.Node.around(Node.java:137)
	at org.junit.platform.engine.support.hierarchical.NodeTestTask.lambda$executeRecursively$8(NodeTestTask.java:127)
	at org.junit.platform.engine.support.hierarchical.ThrowableCollector.execute(ThrowableCollector.java:73)
	at org.junit.platform.engine.support.hierarchical.NodeTestTask.executeRecursively(NodeTestTask.java:126)
	at org.junit.platform.engine.support.hierarchical.NodeTestTask.execute(NodeTestTask.java:84)
	at org.junit.platform.engine.support.hierarchical.SameThreadHierarchicalTestExecutorService.submit(SameThreadHierarchicalTestExecutorService.java:32)
	at org.junit.platform.engine.support.hierarchical.HierarchicalTestExecutor.execute(HierarchicalTestExecutor.java:57)
	at org.junit.platform.engine.support.hierarchical.HierarchicalTestEngine.execute(HierarchicalTestEngine.java:51)
	at org.junit.platform.launcher.core.DefaultLauncher.execute(DefaultLauncher.java:220)
	at org.junit.platform.launcher.core.DefaultLauncher.lambda$execute$6(DefaultLauncher.java:188)
	at org.junit.platform.launcher.core.DefaultLauncher.withInterceptedStreams(DefaultLauncher.java:202)
	at org.junit.platform.launcher.core.DefaultLauncher.execute(DefaultLauncher.java:181)
	at org.junit.platform.launcher.core.DefaultLauncher.execute(DefaultLauncher.java:128)
	at org.apache.maven.surefire.junitplatform.JUnitPlatformProvider.invokeAllTests(JUnitPlatformProvider.java:150)
	at org.apache.maven.surefire.junitplatform.JUnitPlatformProvider.invoke(JUnitPlatformProvider.java:124)
	at org.apache.maven.surefire.booter.ForkedBooter.invokeProviderInSameClassLoader(ForkedBooter.java:384)
	at org.apache.maven.surefire.booter.ForkedBooter.runSuitesInProcess(ForkedBooter.java:345)
	at org.apache.maven.surefire.booter.ForkedBooter.execute(ForkedBooter.java:126)
	at org.apache.maven.surefire.booter.ForkedBooter.main(ForkedBooter.java:418)
2021-12-20 09:51:20,696 INFO org.opentesting.RestTests [main] ##### testReportingGet done #####
2021-12-20 09:51:20,725 INFO org.opentesting.RestTests [main] ##### testTemplateTestcase done #####
2021-12-20 09:51:20,749 INFO org.opentesting.RestTests [main] ##### testDummyGet done #####
2021-12-20 09:51:20,774 INFO org.opentesting.RestTests [main] ##### testTemplateDashboard done #####
2021-12-20 09:51:20,795 INFO org.opentesting.RestTests [main] ##### testDummyPost done #####
2021-12-20 09:51:20,889 INFO org.opentesting.services.rest.UploadController [main] ##### upload ##### file local_test_00001/source_rest_headers_1.json stored: local_test_00001 - source_rest_headers_1.json stored
2021-12-20 09:51:20,895 INFO org.opentesting.services.rest.UploadController [main] ##### upload ##### file local_test_00001/check_cassandra_2.json stored: local_test_00001 - check_cassandra_2.json stored
2021-12-20 09:51:20,900 INFO org.opentesting.services.rest.UploadController [main] ##### upload ##### file local_test_00001/source_kafka_1.txt stored: local_test_00001 - source_kafka_1.txt stored
2021-12-20 09:51:20,907 INFO org.opentesting.services.rest.UploadController [main] ##### upload ##### file local_test_00001/source_cassandra_1.cql stored: local_test_00001 - source_cassandra_1.cql stored
2021-12-20 09:51:20,914 INFO org.opentesting.services.rest.UploadController [main] ##### upload ##### file local_test_00001/check_rest_headers_1.json stored: local_test_00001 - check_rest_headers_1.json stored
2021-12-20 09:51:20,922 INFO org.opentesting.services.rest.UploadController [main] ##### upload ##### file local_test_00001/source_kafka_headers_1.json stored: local_test_00001 - source_kafka_headers_1.json stored
2021-12-20 09:51:20,932 INFO org.opentesting.services.rest.UploadController [main] ##### upload ##### file local_test_00001/check_cassandra_param_1.cql stored: local_test_00001 - check_cassandra_param_1.cql stored
2021-12-20 09:51:20,939 INFO org.opentesting.services.rest.UploadController [main] ##### upload ##### file local_test_00001/source_rest_1.json stored: local_test_00001 - source_rest_1.json stored
2021-12-20 09:51:20,952 INFO org.opentesting.services.rest.UploadController [main] ##### upload ##### file local_test_00001/check_rest_1.json stored: local_test_00001 - check_rest_1.json stored
2021-12-20 09:51:20,968 INFO org.opentesting.services.rest.UploadController [main] ##### upload ##### file local_test_00001/check_kafka_1.txt stored: local_test_00001 - check_kafka_1.txt stored
2021-12-20 09:51:20,997 INFO org.opentesting.services.rest.UploadController [main] ##### upload ##### file local_test_00001/check_cassandra_param_2.cql stored: local_test_00001 - check_cassandra_param_2.cql stored
2021-12-20 09:51:21,008 INFO org.opentesting.services.rest.UploadController [main] ##### upload ##### file local_test_00001/check_cassandra_1.json stored: local_test_00001 - check_cassandra_1.json stored
2021-12-20 09:51:21,240 INFO org.opentesting.services.execution.TestScheduler [main] planing local_test_00001 with 3 injections and 4 checks
2021-12-20 09:51:21,663 INFO org.apache.kafka.common.config.AbstractConfig [main] ConsumerConfig values: 
	allow.auto.create.topics = true
	auto.commit.interval.ms = 5000
	auto.offset.reset = latest
	bootstrap.servers = [localhost:9092]
	check.crcs = true
	client.dns.lookup = use_all_dns_ips
	client.id = consumer-e2etests-1
	client.rack = 
	connections.max.idle.ms = 540000
	default.api.timeout.ms = 60000
	enable.auto.commit = false
	exclude.internal.topics = true
	fetch.max.bytes = 52428800
	fetch.max.wait.ms = 500
	fetch.min.bytes = 1
	group.id = e2etests
	group.instance.id = null
	heartbeat.interval.ms = 3000
	interceptor.classes = []
	internal.leave.group.on.close = true
	internal.throw.on.fetch.stable.offset.unsupported = false
	isolation.level = read_uncommitted
	key.deserializer = class org.apache.kafka.common.serialization.StringDeserializer
	max.partition.fetch.bytes = 1048576
	max.poll.interval.ms = 300000
	max.poll.records = 500
	metadata.max.age.ms = 300000
	metric.reporters = []
	metrics.num.samples = 2
	metrics.recording.level = INFO
	metrics.sample.window.ms = 30000
	partition.assignment.strategy = [class org.apache.kafka.clients.consumer.RangeAssignor]
	receive.buffer.bytes = 65536
	reconnect.backoff.max.ms = 1000
	reconnect.backoff.ms = 50
	request.timeout.ms = 30000
	retry.backoff.ms = 100
	sasl.client.callback.handler.class = null
	sasl.jaas.config = null
	sasl.kerberos.kinit.cmd = /usr/bin/kinit
	sasl.kerberos.min.time.before.relogin = 60000
	sasl.kerberos.service.name = null
	sasl.kerberos.ticket.renew.jitter = 0.05
	sasl.kerberos.ticket.renew.window.factor = 0.8
	sasl.login.callback.handler.class = null
	sasl.login.class = null
	sasl.login.refresh.buffer.seconds = 300
	sasl.login.refresh.min.period.seconds = 60
	sasl.login.refresh.window.factor = 0.8
	sasl.login.refresh.window.jitter = 0.05
	sasl.mechanism = GSSAPI
	security.protocol = PLAINTEXT
	security.providers = null
	send.buffer.bytes = 131072
	session.timeout.ms = 10000
	socket.connection.setup.timeout.max.ms = 127000
	socket.connection.setup.timeout.ms = 10000
	ssl.cipher.suites = null
	ssl.enabled.protocols = [TLSv1.2, TLSv1.3]
	ssl.endpoint.identification.algorithm = https
	ssl.engine.factory.class = null
	ssl.key.password = null
	ssl.keymanager.algorithm = SunX509
	ssl.keystore.certificate.chain = null
	ssl.keystore.key = null
	ssl.keystore.location = null
	ssl.keystore.password = null
	ssl.keystore.type = JKS
	ssl.protocol = TLSv1.3
	ssl.provider = null
	ssl.secure.random.implementation = null
	ssl.trustmanager.algorithm = PKIX
	ssl.truststore.certificates = null
	ssl.truststore.location = null
	ssl.truststore.password = null
	ssl.truststore.type = JKS
	value.deserializer = class org.apache.kafka.common.serialization.StringDeserializer

2021-12-20 09:51:22,123 INFO org.apache.kafka.common.utils.AppInfoParser$AppInfo [main] Kafka version: 2.7.1
2021-12-20 09:51:22,126 INFO org.apache.kafka.common.utils.AppInfoParser$AppInfo [main] Kafka commitId: 61dbce85d0d41457
2021-12-20 09:51:22,130 INFO org.apache.kafka.common.utils.AppInfoParser$AppInfo [main] Kafka startTimeMs: 1639990282116
2021-12-20 09:51:22,148 INFO org.apache.kafka.clients.consumer.KafkaConsumer [main] [Consumer clientId=consumer-e2etests-1, groupId=e2etests] Subscribed to topic(s): mytopic1
2021-12-20 09:51:23,195 INFO org.opentesting.services.adapter.kafka.OpenTestingKafkaConsumerFactory [main] KafkaConsumer created: localhost:9092#mytopic1#
2021-12-20 09:51:23,259 INFO org.opentesting.services.scheduler.TimerFactory [main] Timer(s) e19c0d40-6d49-4567-bbe7-c7ddb10751f9 created: 6
2021-12-20 09:51:23,284 INFO org.opentesting.services.scheduler.TimerFactory [main] Timer(s) f9448da3-7236-4db6-9d04-6c7be2a8e2e4 created: 6
2021-12-20 09:51:23,301 INFO org.opentesting.services.scheduler.TimerFactory [main] Timer(s) da6c9f59-4205-4fa4-b131-00e47318f6f4 created: 6
2021-12-20 09:51:23,377 INFO org.opentesting.services.prometheus.Prometheus [main] Prometheus Counter created: schedule#testid#_total#success#_total#labels#_total, actual size of the map: 0
2021-12-20 09:51:23,386 INFO org.opentesting.services.prometheus.Prometheus [main] Prometheus Counter created: schedule#testid#local_test_00001#success#_total#labels#|stage-all|department-mydepartment|function-myfunction|, actual size of the map: 1
2021-12-20 09:51:23,389 INFO org.opentesting.services.prometheus.Prometheus [main] Prometheus Counter created: schedule#testid#local_test_00001#success#true#labels#|stage-all|department-mydepartment|function-myfunction|, actual size of the map: 2
2021-12-20 09:51:23,392 INFO org.opentesting.services.rest.UploadController [main] ##### upload ##### test case local_test_00001 planned: Test scheduled - here's the time-to-live of your injects: inject-kafka-1=5d (2021-12-20T09:51:23.260747) inject-cassandra-1=5d (2021-12-20T09:51:23.285498) inject-rest-1=5d (2021-12-20T09:51:23.303048)
2021-12-20 09:51:23,402 INFO org.opentesting.services.rest.UploadController [main] ##### upload ##### file local_test_00002/source_kafka_1.txt stored: local_test_00002 - source_kafka_1.txt stored
2021-12-20 09:51:23,409 INFO org.opentesting.services.rest.UploadController [main] ##### upload ##### file local_test_00002/source_kafka_headers_1.json stored: local_test_00002 - source_kafka_headers_1.json stored
2021-12-20 09:51:23,416 INFO org.opentesting.services.rest.UploadController [main] ##### upload ##### file local_test_00002/check_kafka_1.txt stored: local_test_00002 - check_kafka_1.txt stored
2021-12-20 09:51:23,425 INFO org.opentesting.services.execution.TestScheduler [main] planing local_test_00002 with 1 injections and 1 checks
2021-12-20 09:51:23,429 INFO org.opentesting.services.adapter.kafka.OpenTestingKafkaConsumerFactory [main] kafka consumer already exists: localhost:9092#mytopic1#
2021-12-20 09:51:23,488 INFO org.opentesting.services.scheduler.TimerFactory [main] Timer(s) d6885716-51b6-413c-9a7e-9eb8e33be0b8 created: 6
2021-12-20 09:51:23,505 INFO org.opentesting.services.prometheus.Prometheus [main] Prometheus Counter created: schedule#testid#local_test_00002#success#_total#labels#|stage-local|department-mydepartment|function-myfunction|, actual size of the map: 3
2021-12-20 09:51:23,510 INFO org.opentesting.services.prometheus.Prometheus [main] Prometheus Counter created: schedule#testid#local_test_00002#success#true#labels#|stage-local|department-mydepartment|function-myfunction|, actual size of the map: 4
2021-12-20 09:51:23,511 INFO org.opentesting.services.rest.UploadController [main] ##### upload ##### test case local_test_00002 planned: Test scheduled - here's the time-to-live of your injects: inject-kafka-1=5d (2021-12-20T09:51:23.492121)
2021-12-20 09:51:23,518 INFO org.opentesting.services.rest.UploadController [main] ##### upload ##### file local_test_00003/check_cassandra_2.json stored: local_test_00003 - check_cassandra_2.json stored
2021-12-20 09:51:23,526 INFO org.opentesting.services.rest.UploadController [main] ##### upload ##### file local_test_00003/source_cassandra_1.cql stored: local_test_00003 - source_cassandra_1.cql stored
2021-12-20 09:51:23,530 INFO org.opentesting.services.rest.UploadController [main] ##### upload ##### file local_test_00003/check_cassandra_param_1.cql stored: local_test_00003 - check_cassandra_param_1.cql stored
2021-12-20 09:51:23,534 INFO org.opentesting.services.rest.UploadController [main] ##### upload ##### file local_test_00003/check_cassandra_param_2.cql stored: local_test_00003 - check_cassandra_param_2.cql stored
2021-12-20 09:51:23,538 INFO org.opentesting.services.rest.UploadController [main] ##### upload ##### file local_test_00003/check_cassandra_1.json stored: local_test_00003 - check_cassandra_1.json stored
2021-12-20 09:51:23,545 INFO org.opentesting.services.execution.TestScheduler [main] planing local_test_00003 with 1 injections and 2 checks
2021-12-20 09:51:23,581 INFO org.opentesting.services.scheduler.TimerFactory [main] Timer(s) 83729fa3-3e14-4fe4-8465-80bf82bb0f5b created: 6
2021-12-20 09:51:23,608 INFO org.apache.kafka.clients.Metadata [-C-1] [Consumer clientId=consumer-e2etests-1, groupId=e2etests] Cluster ID: EdArnZYTQaafjBaPOpAEHA
2021-12-20 09:51:23,611 INFO org.opentesting.services.prometheus.Prometheus [main] Prometheus Counter created: schedule#testid#local_test_00003#success#_total#labels#|stage-local|department-mydepartment|function-myfunction|, actual size of the map: 5
2021-12-20 09:51:23,613 INFO org.opentesting.services.prometheus.Prometheus [main] Prometheus Counter created: schedule#testid#local_test_00003#success#true#labels#|stage-local|department-mydepartment|function-myfunction|, actual size of the map: 6
2021-12-20 09:51:23,614 INFO org.apache.kafka.clients.consumer.internals.AbstractCoordinator$FindCoordinatorResponseHandler [-C-1] [Consumer clientId=consumer-e2etests-1, groupId=e2etests] Discovered group coordinator localhost:9092 (id: 2147482646 rack: null)
2021-12-20 09:51:23,614 INFO org.opentesting.services.rest.UploadController [main] ##### upload ##### test case local_test_00003 planned: Test scheduled - here's the time-to-live of your injects: inject-cassandra-1=5d (2021-12-20T09:51:23.584240)
2021-12-20 09:51:23,618 INFO org.opentesting.services.rest.UploadController [main] ##### upload ##### file local_test_00004/source_rest_headers_1.json stored: local_test_00004 - source_rest_headers_1.json stored
2021-12-20 09:51:23,628 INFO org.apache.kafka.clients.consumer.internals.AbstractCoordinator [-C-1] [Consumer clientId=consumer-e2etests-1, groupId=e2etests] (Re-)joining group
2021-12-20 09:51:23,636 INFO org.opentesting.services.rest.UploadController [main] ##### upload ##### file local_test_00004/check_rest_param1.json stored: local_test_00004 - check_rest_param1.json stored
2021-12-20 09:51:23,655 INFO org.opentesting.services.rest.UploadController [main] ##### upload ##### file local_test_00004/check_rest_2.json stored: local_test_00004 - check_rest_2.json stored
2021-12-20 09:51:23,660 INFO org.opentesting.services.rest.UploadController [main] ##### upload ##### file local_test_00004/check_rest_headers_1.json stored: local_test_00004 - check_rest_headers_1.json stored
2021-12-20 09:51:23,678 INFO org.opentesting.services.rest.UploadController [main] ##### upload ##### file local_test_00004/source_rest_1.json stored: local_test_00004 - source_rest_1.json stored
2021-12-20 09:51:23,693 INFO org.opentesting.services.rest.UploadController [main] ##### upload ##### file local_test_00004/check_rest_1.json stored: local_test_00004 - check_rest_1.json stored
2021-12-20 09:51:23,712 INFO org.opentesting.services.execution.TestScheduler [main] planing local_test_00004 with 2 injections and 2 checks
2021-12-20 09:51:23,731 INFO org.apache.kafka.clients.consumer.internals.AbstractCoordinator [-C-1] [Consumer clientId=consumer-e2etests-1, groupId=e2etests] (Re-)joining group
2021-12-20 09:51:23,746 INFO org.opentesting.services.scheduler.TimerFactory [main] Timer(s) 6b51dcc9-4b2b-40a4-91f6-96d8652f927f created: 2
2021-12-20 09:51:23,749 INFO org.opentesting.services.scheduler.TimerFactory [main] Timer(s) 615625ee-554b-488d-b9b6-1e7953e68234 created: 0
2021-12-20 09:51:23,777 INFO org.opentesting.services.prometheus.Prometheus [main] Prometheus Counter created: schedule#testid#local_test_00004#success#_total#labels#|stage-local|department-mydepartment|function-myfunction|, actual size of the map: 7
2021-12-20 09:51:23,779 INFO org.opentesting.services.prometheus.Prometheus [main] Prometheus Counter created: schedule#testid#local_test_00004#success#true#labels#|stage-local|department-mydepartment|function-myfunction|, actual size of the map: 8
2021-12-20 09:51:23,784 INFO org.opentesting.services.rest.UploadController [main] ##### upload ##### test case local_test_00004 planned: Test scheduled - here's the time-to-live of your injects: inject-rest-1=5d (2021-12-20T09:51:23.749318) inject-rest-2=5d (2021-12-20T09:51:23.753335)
2021-12-20 09:51:23,794 INFO org.opentesting.services.rest.UploadController [main] ##### upload ##### file local_test_00005/check_oracle_1.json stored: local_test_00005 - check_oracle_1.json stored
2021-12-20 09:51:23,800 INFO org.opentesting.services.rest.UploadController [main] ##### upload ##### file local_test_00005/check_oracle_param_1.sql stored: local_test_00005 - check_oracle_param_1.sql stored
2021-12-20 09:51:23,807 INFO org.opentesting.services.rest.UploadController [main] ##### upload ##### file local_test_00005/source_oracle_1.sql stored: local_test_00005 - source_oracle_1.sql stored
2021-12-20 09:51:23,816 INFO org.opentesting.services.execution.TestScheduler [main] planing local_test_00005 with 1 injections and 1 checks
2021-12-20 09:51:23,829 INFO org.opentesting.services.scheduler.TimerFactory [main] Timer(s) 1c712261-f52f-49b3-ab1c-d2e79a24b980 created: 6
2021-12-20 09:51:23,846 INFO org.opentesting.services.prometheus.Prometheus [main] Prometheus Counter created: schedule#testid#local_test_00005#success#_total#labels#|stage-local|department-mydepartment|function-myfunction|, actual size of the map: 9
2021-12-20 09:51:23,849 INFO org.opentesting.services.prometheus.Prometheus [main] Prometheus Counter created: schedule#testid#local_test_00005#success#true#labels#|stage-local|department-mydepartment|function-myfunction|, actual size of the map: 10
2021-12-20 09:51:23,850 INFO org.opentesting.services.rest.UploadController [main] ##### upload ##### test case local_test_00005 planned: Test scheduled - here's the time-to-live of your injects: inject-oracle-1=5d (2021-12-20T09:51:23.831125)
2021-12-20 09:51:23,856 INFO org.opentesting.services.rest.UploadController [main] ##### upload ##### file local_test_00006/check_postgresql_param_1.sql stored: local_test_00006 - check_postgresql_param_1.sql stored
2021-12-20 09:51:23,861 INFO org.opentesting.services.rest.UploadController [main] ##### upload ##### file local_test_00006/source_postgresql_1.sql stored: local_test_00006 - source_postgresql_1.sql stored
2021-12-20 09:51:23,865 INFO org.opentesting.services.rest.UploadController [main] ##### upload ##### file local_test_00006/check_postgresql_1.json stored: local_test_00006 - check_postgresql_1.json stored
2021-12-20 09:51:23,870 INFO org.opentesting.services.execution.TestScheduler [main] planing local_test_00006 with 1 injections and 1 checks
2021-12-20 09:51:23,944 INFO org.opentesting.services.scheduler.TimerFactory [main] Timer(s) e3f3177c-e99b-4c92-921d-1a068057408a created: 6
2021-12-20 09:51:23,961 INFO org.opentesting.services.prometheus.Prometheus [main] Prometheus Counter created: schedule#testid#local_test_00006#success#_total#labels#|stage-local|department-mydepartment|function-myfunction|, actual size of the map: 11
2021-12-20 09:51:23,963 INFO org.opentesting.services.prometheus.Prometheus [main] Prometheus Counter created: schedule#testid#local_test_00006#success#true#labels#|stage-local|department-mydepartment|function-myfunction|, actual size of the map: 12
2021-12-20 09:51:23,968 INFO org.opentesting.services.rest.UploadController [main] ##### upload ##### test case local_test_00006 planned: Test scheduled - here's the time-to-live of your injects: inject-postgresql-1=5d (2021-12-20T09:51:23.947310)
2021-12-20 09:51:23,969 INFO org.opentesting.RestTests [main] ##### testUploadTestCases done #####
2021-12-20 09:51:23,999 WARN org.opentesting.services.rest.ReportingController [main] test not found: 1, 1
org.opentesting.util.exceptions.NotFoundException: value not found: 1, 1
	at org.opentesting.persistence.KeyValueRepository.select(KeyValueRepository.java:68)
	at org.opentesting.persistence.KeyValueRepository$$FastClassBySpringCGLIB$$88b486bd.invoke(<generated>)
	at org.springframework.cglib.proxy.MethodProxy.invoke(MethodProxy.java:218)
	at org.springframework.aop.framework.CglibAopProxy$CglibMethodInvocation.invokeJoinpoint(CglibAopProxy.java:783)
	at org.springframework.aop.framework.ReflectiveMethodInvocation.proceed(ReflectiveMethodInvocation.java:163)
	at org.springframework.aop.framework.CglibAopProxy$CglibMethodInvocation.proceed(CglibAopProxy.java:753)
	at org.springframework.aop.aspectj.MethodInvocationProceedingJoinPoint.proceed(MethodInvocationProceedingJoinPoint.java:89)
	at org.opentesting.util.LogExecutionTimeImpl.logExecutionTime(LogExecutionTimeImpl.java:26)
	at jdk.internal.reflect.GeneratedMethodAccessor74.invoke(Unknown Source)
	at java.base/jdk.internal.reflect.DelegatingMethodAccessorImpl.invoke(DelegatingMethodAccessorImpl.java:43)
	at java.base/java.lang.reflect.Method.invoke(Method.java:566)
	at org.springframework.aop.aspectj.AbstractAspectJAdvice.invokeAdviceMethodWithGivenArgs(AbstractAspectJAdvice.java:634)
	at org.springframework.aop.aspectj.AbstractAspectJAdvice.invokeAdviceMethod(AbstractAspectJAdvice.java:624)
	at org.springframework.aop.aspectj.AspectJAroundAdvice.invoke(AspectJAroundAdvice.java:72)
	at org.springframework.aop.framework.ReflectiveMethodInvocation.proceed(ReflectiveMethodInvocation.java:175)
	at org.springframework.aop.framework.CglibAopProxy$CglibMethodInvocation.proceed(CglibAopProxy.java:753)
	at org.springframework.aop.interceptor.ExposeInvocationInterceptor.invoke(ExposeInvocationInterceptor.java:97)
	at org.springframework.aop.framework.ReflectiveMethodInvocation.proceed(ReflectiveMethodInvocation.java:186)
	at org.springframework.aop.framework.CglibAopProxy$CglibMethodInvocation.proceed(CglibAopProxy.java:753)
	at org.springframework.aop.framework.CglibAopProxy$DynamicAdvisedInterceptor.intercept(CglibAopProxy.java:698)
	at org.opentesting.persistence.KeyValueRepository$$EnhancerBySpringCGLIB$$644ee1e7.select(<generated>)
	at org.opentesting.services.execution.TestAbstractHandler.getFile(TestAbstractHandler.java:56)
	at org.opentesting.services.execution.TestAbstractHandler$$FastClassBySpringCGLIB$$85d3e202.invoke(<generated>)
	at org.springframework.cglib.proxy.MethodProxy.invoke(MethodProxy.java:218)
	at org.springframework.aop.framework.CglibAopProxy$CglibMethodInvocation.invokeJoinpoint(CglibAopProxy.java:783)
	at org.springframework.aop.framework.ReflectiveMethodInvocation.proceed(ReflectiveMethodInvocation.java:163)
	at org.springframework.aop.framework.CglibAopProxy$CglibMethodInvocation.proceed(CglibAopProxy.java:753)
	at org.springframework.aop.aspectj.MethodInvocationProceedingJoinPoint.proceed(MethodInvocationProceedingJoinPoint.java:89)
	at org.opentesting.util.LogExecutionTimeImpl.logExecutionTime(LogExecutionTimeImpl.java:26)
	at jdk.internal.reflect.GeneratedMethodAccessor74.invoke(Unknown Source)
	at java.base/jdk.internal.reflect.DelegatingMethodAccessorImpl.invoke(DelegatingMethodAccessorImpl.java:43)
	at java.base/java.lang.reflect.Method.invoke(Method.java:566)
	at org.springframework.aop.aspectj.AbstractAspectJAdvice.invokeAdviceMethodWithGivenArgs(AbstractAspectJAdvice.java:634)
	at org.springframework.aop.aspectj.AbstractAspectJAdvice.invokeAdviceMethod(AbstractAspectJAdvice.java:624)
	at org.springframework.aop.aspectj.AspectJAroundAdvice.invoke(AspectJAroundAdvice.java:72)
	at org.springframework.aop.framework.ReflectiveMethodInvocation.proceed(ReflectiveMethodInvocation.java:175)
	at org.springframework.aop.framework.CglibAopProxy$CglibMethodInvocation.proceed(CglibAopProxy.java:753)
	at org.springframework.aop.interceptor.ExposeInvocationInterceptor.invoke(ExposeInvocationInterceptor.java:97)
	at org.springframework.aop.framework.ReflectiveMethodInvocation.proceed(ReflectiveMethodInvocation.java:186)
	at org.springframework.aop.framework.CglibAopProxy$CglibMethodInvocation.proceed(CglibAopProxy.java:753)
	at org.springframework.aop.framework.CglibAopProxy$DynamicAdvisedInterceptor.intercept(CglibAopProxy.java:698)
	at org.opentesting.services.execution.TestReporting$$EnhancerBySpringCGLIB$$43a3548.getFile(<generated>)
	at org.opentesting.services.rest.ReportingController.getFile(ReportingController.java:90)
	at org.opentesting.RestTests.testReportingGetFile(RestTests.java:78)
	at java.base/jdk.internal.reflect.NativeMethodAccessorImpl.invoke0(Native Method)
	at java.base/jdk.internal.reflect.NativeMethodAccessorImpl.invoke(NativeMethodAccessorImpl.java:62)
	at java.base/jdk.internal.reflect.DelegatingMethodAccessorImpl.invoke(DelegatingMethodAccessorImpl.java:43)
	at java.base/java.lang.reflect.Method.invoke(Method.java:566)
	at org.junit.platform.commons.util.ReflectionUtils.invokeMethod(ReflectionUtils.java:688)
	at org.junit.jupiter.engine.execution.MethodInvocation.proceed(MethodInvocation.java:60)
	at org.junit.jupiter.engine.execution.InvocationInterceptorChain$ValidatingInvocation.proceed(InvocationInterceptorChain.java:131)
	at org.junit.jupiter.engine.extension.TimeoutExtension.intercept(TimeoutExtension.java:149)
	at org.junit.jupiter.engine.extension.TimeoutExtension.interceptTestableMethod(TimeoutExtension.java:140)
	at org.junit.jupiter.engine.extension.TimeoutExtension.interceptTestMethod(TimeoutExtension.java:84)
	at org.junit.jupiter.engine.execution.ExecutableInvoker$ReflectiveInterceptorCall.lambda$ofVoidMethod$0(ExecutableInvoker.java:115)
	at org.junit.jupiter.engine.execution.ExecutableInvoker.lambda$invoke$0(ExecutableInvoker.java:105)
	at org.junit.jupiter.engine.execution.InvocationInterceptorChain$InterceptedInvocation.proceed(InvocationInterceptorChain.java:106)
	at org.junit.jupiter.engine.execution.InvocationInterceptorChain.proceed(InvocationInterceptorChain.java:64)
	at org.junit.jupiter.engine.execution.InvocationInterceptorChain.chainAndInvoke(InvocationInterceptorChain.java:45)
	at org.junit.jupiter.engine.execution.InvocationInterceptorChain.invoke(InvocationInterceptorChain.java:37)
	at org.junit.jupiter.engine.execution.ExecutableInvoker.invoke(ExecutableInvoker.java:104)
	at org.junit.jupiter.engine.execution.ExecutableInvoker.invoke(ExecutableInvoker.java:98)
	at org.junit.jupiter.engine.descriptor.TestMethodTestDescriptor.lambda$invokeTestMethod$6(TestMethodTestDescriptor.java:210)
	at org.junit.platform.engine.support.hierarchical.ThrowableCollector.execute(ThrowableCollector.java:73)
	at org.junit.jupiter.engine.descriptor.TestMethodTestDescriptor.invokeTestMethod(TestMethodTestDescriptor.java:206)
	at org.junit.jupiter.engine.descriptor.TestMethodTestDescriptor.execute(TestMethodTestDescriptor.java:131)
	at org.junit.jupiter.engine.descriptor.TestMethodTestDescriptor.execute(TestMethodTestDescriptor.java:65)
	at org.junit.platform.engine.support.hierarchical.NodeTestTask.lambda$executeRecursively$5(NodeTestTask.java:139)
	at org.junit.platform.engine.support.hierarchical.ThrowableCollector.execute(ThrowableCollector.java:73)
	at org.junit.platform.engine.support.hierarchical.NodeTestTask.lambda$executeRecursively$7(NodeTestTask.java:129)
	at org.junit.platform.engine.support.hierarchical.Node.around(Node.java:137)
	at org.junit.platform.engine.support.hierarchical.NodeTestTask.lambda$executeRecursively$8(NodeTestTask.java:127)
	at org.junit.platform.engine.support.hierarchical.ThrowableCollector.execute(ThrowableCollector.java:73)
	at org.junit.platform.engine.support.hierarchical.NodeTestTask.executeRecursively(NodeTestTask.java:126)
	at org.junit.platform.engine.support.hierarchical.NodeTestTask.execute(NodeTestTask.java:84)
	at java.base/java.util.ArrayList.forEach(ArrayList.java:1541)
	at org.junit.platform.engine.support.hierarchical.SameThreadHierarchicalTestExecutorService.invokeAll(SameThreadHierarchicalTestExecutorService.java:38)
	at org.junit.platform.engine.support.hierarchical.NodeTestTask.lambda$executeRecursively$5(NodeTestTask.java:143)
	at org.junit.platform.engine.support.hierarchical.ThrowableCollector.execute(ThrowableCollector.java:73)
	at org.junit.platform.engine.support.hierarchical.NodeTestTask.lambda$executeRecursively$7(NodeTestTask.java:129)
	at org.junit.platform.engine.support.hierarchical.Node.around(Node.java:137)
	at org.junit.platform.engine.support.hierarchical.NodeTestTask.lambda$executeRecursively$8(NodeTestTask.java:127)
	at org.junit.platform.engine.support.hierarchical.ThrowableCollector.execute(ThrowableCollector.java:73)
	at org.junit.platform.engine.support.hierarchical.NodeTestTask.executeRecursively(NodeTestTask.java:126)
	at org.junit.platform.engine.support.hierarchical.NodeTestTask.execute(NodeTestTask.java:84)
	at java.base/java.util.ArrayList.forEach(ArrayList.java:1541)
	at org.junit.platform.engine.support.hierarchical.SameThreadHierarchicalTestExecutorService.invokeAll(SameThreadHierarchicalTestExecutorService.java:38)
	at org.junit.platform.engine.support.hierarchical.NodeTestTask.lambda$executeRecursively$5(NodeTestTask.java:143)
	at org.junit.platform.engine.support.hierarchical.ThrowableCollector.execute(ThrowableCollector.java:73)
	at org.junit.platform.engine.support.hierarchical.NodeTestTask.lambda$executeRecursively$7(NodeTestTask.java:129)
	at org.junit.platform.engine.support.hierarchical.Node.around(Node.java:137)
	at org.junit.platform.engine.support.hierarchical.NodeTestTask.lambda$executeRecursively$8(NodeTestTask.java:127)
	at org.junit.platform.engine.support.hierarchical.ThrowableCollector.execute(ThrowableCollector.java:73)
	at org.junit.platform.engine.support.hierarchical.NodeTestTask.executeRecursively(NodeTestTask.java:126)
	at org.junit.platform.engine.support.hierarchical.NodeTestTask.execute(NodeTestTask.java:84)
	at org.junit.platform.engine.support.hierarchical.SameThreadHierarchicalTestExecutorService.submit(SameThreadHierarchicalTestExecutorService.java:32)
	at org.junit.platform.engine.support.hierarchical.HierarchicalTestExecutor.execute(HierarchicalTestExecutor.java:57)
	at org.junit.platform.engine.support.hierarchical.HierarchicalTestEngine.execute(HierarchicalTestEngine.java:51)
	at org.junit.platform.launcher.core.DefaultLauncher.execute(DefaultLauncher.java:220)
	at org.junit.platform.launcher.core.DefaultLauncher.lambda$execute$6(DefaultLauncher.java:188)
	at org.junit.platform.launcher.core.DefaultLauncher.withInterceptedStreams(DefaultLauncher.java:202)
	at org.junit.platform.launcher.core.DefaultLauncher.execute(DefaultLauncher.java:181)
	at org.junit.platform.launcher.core.DefaultLauncher.execute(DefaultLauncher.java:128)
	at org.apache.maven.surefire.junitplatform.JUnitPlatformProvider.invokeAllTests(JUnitPlatformProvider.java:150)
	at org.apache.maven.surefire.junitplatform.JUnitPlatformProvider.invoke(JUnitPlatformProvider.java:124)
	at org.apache.maven.surefire.booter.ForkedBooter.invokeProviderInSameClassLoader(ForkedBooter.java:384)
	at org.apache.maven.surefire.booter.ForkedBooter.runSuitesInProcess(ForkedBooter.java:345)
	at org.apache.maven.surefire.booter.ForkedBooter.execute(ForkedBooter.java:126)
	at org.apache.maven.surefire.booter.ForkedBooter.main(ForkedBooter.java:418)
2021-12-20 09:51:24,006 INFO org.opentesting.RestTests [main] ##### testReportingGetFile done #####
2021-12-20 09:51:24,048 INFO org.opentesting.RestTests [main] ##### testReportingSearch done #####
2021-12-20 09:51:24,082 INFO org.springframework.test.context.support.AbstractTestContextBootstrapper [main] Neither @ContextConfiguration nor @ContextHierarchy found for test class [org.opentesting.BackendTests], using SpringBootContextLoader
2021-12-20 09:51:24,086 INFO org.springframework.test.context.support.AbstractContextLoader [main] Could not detect default resource locations for test class [org.opentesting.BackendTests]: no resource found for suffixes {-context.xml, Context.groovy}.
2021-12-20 09:51:24,088 INFO org.springframework.test.context.support.AnnotationConfigContextLoaderUtils [main] Could not detect default configuration classes for test class [org.opentesting.BackendTests]: BackendTests does not declare any static, non-private, non-final, nested classes annotated with @Configuration.
2021-12-20 09:51:24,094 INFO org.springframework.boot.test.context.SpringBootTestContextBootstrapper [main] Found @SpringBootConfiguration org.opentesting.OpenTestingApplication for test class org.opentesting.BackendTests
2021-12-20 09:51:24,103 INFO org.springframework.test.context.support.AbstractTestContextBootstrapper [main] Loaded default TestExecutionListener class names from location [META-INF/spring.factories]: [org.springframework.boot.test.mock.mockito.MockitoTestExecutionListener, org.springframework.boot.test.mock.mockito.ResetMocksTestExecutionListener, org.springframework.boot.test.autoconfigure.restdocs.RestDocsTestExecutionListener, org.springframework.boot.test.autoconfigure.web.client.MockRestServiceServerResetTestExecutionListener, org.springframework.boot.test.autoconfigure.web.servlet.MockMvcPrintOnlyOnFailureTestExecutionListener, org.springframework.boot.test.autoconfigure.web.servlet.WebDriverTestExecutionListener, org.springframework.boot.test.autoconfigure.webservices.client.MockWebServiceServerTestExecutionListener, org.springframework.test.context.web.ServletTestExecutionListener, org.springframework.test.context.support.DirtiesContextBeforeModesTestExecutionListener, org.springframework.test.context.event.ApplicationEventsTestExecutionListener, org.springframework.test.context.support.DependencyInjectionTestExecutionListener, org.springframework.test.context.support.DirtiesContextTestExecutionListener, org.springframework.test.context.transaction.TransactionalTestExecutionListener, org.springframework.test.context.jdbc.SqlScriptsTestExecutionListener, org.springframework.test.context.event.EventPublishingTestExecutionListener]
2021-12-20 09:51:24,107 INFO org.springframework.test.context.support.AbstractTestContextBootstrapper [main] Using TestExecutionListeners: [org.springframework.test.context.web.ServletTestExecutionListener@d3effcb, org.springframework.test.context.support.DirtiesContextBeforeModesTestExecutionListener@1743c249, org.springframework.test.context.event.ApplicationEventsTestExecutionListener@2531049f, org.springframework.boot.test.mock.mockito.MockitoTestExecutionListener@14404be2, org.springframework.boot.test.autoconfigure.SpringBootDependencyInjectionTestExecutionListener@6efa2e06, org.springframework.test.context.support.DirtiesContextTestExecutionListener@6722f81a, org.springframework.test.context.transaction.TransactionalTestExecutionListener@4a9a0d9d, org.springframework.test.context.jdbc.SqlScriptsTestExecutionListener@5c934077, org.springframework.test.context.event.EventPublishingTestExecutionListener@63a6dffd, org.springframework.boot.test.mock.mockito.ResetMocksTestExecutionListener@13b409bb, org.springframework.boot.test.autoconfigure.restdocs.RestDocsTestExecutionListener@9d818b5, org.springframework.boot.test.autoconfigure.web.client.MockRestServiceServerResetTestExecutionListener@4f8e6101, org.springframework.boot.test.autoconfigure.web.servlet.MockMvcPrintOnlyOnFailureTestExecutionListener@1a02063a, org.springframework.boot.test.autoconfigure.web.servlet.WebDriverTestExecutionListener@29483d10, org.springframework.boot.test.autoconfigure.webservices.client.MockWebServiceServerTestExecutionListener@601c953c]
2021-12-20 09:51:24,169 INFO org.opentesting.BackendTests [main] {"injectid":"inject1","cron":["10 * * * * * ?"],"service":{"type":"kafka","connectstring":"kafka-broker","username":"user","password":"password","custom":[{"key":"topic","value":"mytopic","version":"TestCaseCustomParameterDTOapi1_0"}],"version":"TestCaseServiceDTOapi1_0"},"timetolive":"1d","sourcefile":"source.json","checks":["check1"],"replacements":[{"key":"#hallo#","value":[{"order":1,"type":"list","value":"aaaa|bbbb","param":"","version":"TestCaseReplacementValueDTOapi1_0"}],"maxlength":3,"version":"TestCaseReplacementDTOapi1_0"}],"active":true,"result2random":[],"timerid":"12345","injectinstanceid":"12345_2064397338","schedulets":"2021-12-20T09:51:24.135962","randomdata":{"randomdata":{}},"bulkid":"bulkid","traceid":"traceid","version":"TestCaseInjectionDTOapi1_0"}
2021-12-20 09:51:24,170 INFO org.opentesting.BackendTests [main] ##### testTestCaseInjectionRepo done #####
2021-12-20 09:51:24,228 INFO org.opentesting.BackendTests [main] ##### testTestCaseCheckRepo done #####
2021-12-20 09:51:24,271 INFO org.opentesting.BackendTests [main] ##### testTestCaseRepo done #####
2021-12-20 09:51:24,306 INFO org.opentesting.BackendTests [main] ##### testTestCaseFileRepo done #####
2021-12-20 09:51:24,325 INFO org.springframework.test.context.support.AbstractTestContextBootstrapper [main] Neither @ContextConfiguration nor @ContextHierarchy found for test class [org.opentesting.PauseTests], using SpringBootContextLoader
2021-12-20 09:51:24,331 INFO org.springframework.test.context.support.AbstractContextLoader [main] Could not detect default resource locations for test class [org.opentesting.PauseTests]: no resource found for suffixes {-context.xml, Context.groovy}.
2021-12-20 09:51:24,333 INFO org.springframework.test.context.support.AnnotationConfigContextLoaderUtils [main] Could not detect default configuration classes for test class [org.opentesting.PauseTests]: PauseTests does not declare any static, non-private, non-final, nested classes annotated with @Configuration.
2021-12-20 09:51:24,342 INFO org.springframework.boot.test.context.SpringBootTestContextBootstrapper [main] Found @SpringBootConfiguration org.opentesting.OpenTestingApplication for test class org.opentesting.PauseTests
2021-12-20 09:51:24,355 INFO org.springframework.test.context.support.AbstractTestContextBootstrapper [main] Loaded default TestExecutionListener class names from location [META-INF/spring.factories]: [org.springframework.boot.test.mock.mockito.MockitoTestExecutionListener, org.springframework.boot.test.mock.mockito.ResetMocksTestExecutionListener, org.springframework.boot.test.autoconfigure.restdocs.RestDocsTestExecutionListener, org.springframework.boot.test.autoconfigure.web.client.MockRestServiceServerResetTestExecutionListener, org.springframework.boot.test.autoconfigure.web.servlet.MockMvcPrintOnlyOnFailureTestExecutionListener, org.springframework.boot.test.autoconfigure.web.servlet.WebDriverTestExecutionListener, org.springframework.boot.test.autoconfigure.webservices.client.MockWebServiceServerTestExecutionListener, org.springframework.test.context.web.ServletTestExecutionListener, org.springframework.test.context.support.DirtiesContextBeforeModesTestExecutionListener, org.springframework.test.context.event.ApplicationEventsTestExecutionListener, org.springframework.test.context.support.DependencyInjectionTestExecutionListener, org.springframework.test.context.support.DirtiesContextTestExecutionListener, org.springframework.test.context.transaction.TransactionalTestExecutionListener, org.springframework.test.context.jdbc.SqlScriptsTestExecutionListener, org.springframework.test.context.event.EventPublishingTestExecutionListener]
2021-12-20 09:51:24,358 INFO org.springframework.test.context.support.AbstractTestContextBootstrapper [main] Using TestExecutionListeners: [org.springframework.test.context.web.ServletTestExecutionListener@6f9d1785, org.springframework.test.context.support.DirtiesContextBeforeModesTestExecutionListener@f9b97dc, org.springframework.test.context.event.ApplicationEventsTestExecutionListener@25ea3a5f, org.springframework.boot.test.mock.mockito.MockitoTestExecutionListener@5503e208, org.springframework.boot.test.autoconfigure.SpringBootDependencyInjectionTestExecutionListener@5225f612, org.springframework.test.context.support.DirtiesContextTestExecutionListener@1d3aefd, org.springframework.test.context.transaction.TransactionalTestExecutionListener@751f445a, org.springframework.test.context.jdbc.SqlScriptsTestExecutionListener@3f46fb53, org.springframework.test.context.event.EventPublishingTestExecutionListener@42ae0fcf, org.springframework.boot.test.mock.mockito.ResetMocksTestExecutionListener@5e16e521, org.springframework.boot.test.autoconfigure.restdocs.RestDocsTestExecutionListener@51a4472d, org.springframework.boot.test.autoconfigure.web.client.MockRestServiceServerResetTestExecutionListener@5930a229, org.springframework.boot.test.autoconfigure.web.servlet.MockMvcPrintOnlyOnFailureTestExecutionListener@6bd21eb7, org.springframework.boot.test.autoconfigure.web.servlet.WebDriverTestExecutionListener@204d101, org.springframework.boot.test.autoconfigure.webservices.client.MockWebServiceServerTestExecutionListener@716a6343]
2021-12-20 09:51:24,398 WARN org.opentesting.services.pause.Pause [main] junit pause test
2021-12-20 09:51:24,401 WARN org.opentesting.services.pause.Pause [main] junit pause test
2021-12-20 09:51:24,421 INFO org.springframework.test.context.support.AbstractTestContextBootstrapper [main] Neither @ContextConfiguration nor @ContextHierarchy found for test class [org.opentesting.PrometheusTests], using SpringBootContextLoader
2021-12-20 09:51:24,427 INFO org.springframework.test.context.support.AbstractContextLoader [main] Could not detect default resource locations for test class [org.opentesting.PrometheusTests]: no resource found for suffixes {-context.xml, Context.groovy}.
2021-12-20 09:51:24,428 INFO org.springframework.test.context.support.AnnotationConfigContextLoaderUtils [main] Could not detect default configuration classes for test class [org.opentesting.PrometheusTests]: PrometheusTests does not declare any static, non-private, non-final, nested classes annotated with @Configuration.
2021-12-20 09:51:24,433 INFO org.springframework.boot.test.context.SpringBootTestContextBootstrapper [main] Found @SpringBootConfiguration org.opentesting.OpenTestingApplication for test class org.opentesting.PrometheusTests
2021-12-20 09:51:24,440 INFO org.springframework.test.context.support.AbstractTestContextBootstrapper [main] Loaded default TestExecutionListener class names from location [META-INF/spring.factories]: [org.springframework.boot.test.mock.mockito.MockitoTestExecutionListener, org.springframework.boot.test.mock.mockito.ResetMocksTestExecutionListener, org.springframework.boot.test.autoconfigure.restdocs.RestDocsTestExecutionListener, org.springframework.boot.test.autoconfigure.web.client.MockRestServiceServerResetTestExecutionListener, org.springframework.boot.test.autoconfigure.web.servlet.MockMvcPrintOnlyOnFailureTestExecutionListener, org.springframework.boot.test.autoconfigure.web.servlet.WebDriverTestExecutionListener, org.springframework.boot.test.autoconfigure.webservices.client.MockWebServiceServerTestExecutionListener, org.springframework.test.context.web.ServletTestExecutionListener, org.springframework.test.context.support.DirtiesContextBeforeModesTestExecutionListener, org.springframework.test.context.event.ApplicationEventsTestExecutionListener, org.springframework.test.context.support.DependencyInjectionTestExecutionListener, org.springframework.test.context.support.DirtiesContextTestExecutionListener, org.springframework.test.context.transaction.TransactionalTestExecutionListener, org.springframework.test.context.jdbc.SqlScriptsTestExecutionListener, org.springframework.test.context.event.EventPublishingTestExecutionListener]
2021-12-20 09:51:24,445 INFO org.springframework.test.context.support.AbstractTestContextBootstrapper [main] Using TestExecutionListeners: [org.springframework.test.context.web.ServletTestExecutionListener@5031786b, org.springframework.test.context.support.DirtiesContextBeforeModesTestExecutionListener@40830e1e, org.springframework.test.context.event.ApplicationEventsTestExecutionListener@4f578fc2, org.springframework.boot.test.mock.mockito.MockitoTestExecutionListener@26350832, org.springframework.boot.test.autoconfigure.SpringBootDependencyInjectionTestExecutionListener@7d1cdebf, org.springframework.test.context.support.DirtiesContextTestExecutionListener@25b7ccfc, org.springframework.test.context.transaction.TransactionalTestExecutionListener@56ed6e17, org.springframework.test.context.jdbc.SqlScriptsTestExecutionListener@58179860, org.springframework.test.context.event.EventPublishingTestExecutionListener@43e55cfb, org.springframework.boot.test.mock.mockito.ResetMocksTestExecutionListener@582ea857, org.springframework.boot.test.autoconfigure.restdocs.RestDocsTestExecutionListener@650ee893, org.springframework.boot.test.autoconfigure.web.client.MockRestServiceServerResetTestExecutionListener@13eb8ca, org.springframework.boot.test.autoconfigure.web.servlet.MockMvcPrintOnlyOnFailureTestExecutionListener@68553e92, org.springframework.boot.test.autoconfigure.web.servlet.WebDriverTestExecutionListener@45144fdf, org.springframework.boot.test.autoconfigure.webservices.client.MockWebServiceServerTestExecutionListener@57cc7d9e]
2021-12-20 09:51:24,462 INFO org.opentesting.services.prometheus.Prometheus [main] Prometheus Counter created: hallo, actual size of the map: 13
2021-12-20 09:51:24,518 INFO org.opentesting.PrometheusTests [main] ##### incrementCounter done #####
2021-12-20 09:51:24,537 INFO org.opentesting.services.prometheus.Prometheus [main] Prometheus Counter created: execution#name#_total#type#_total, actual size of the map: 14
2021-12-20 09:51:24,539 INFO org.opentesting.services.prometheus.Prometheus [main] Prometheus Counter created: execution#name#testexec#type#_total, actual size of the map: 15
2021-12-20 09:51:24,544 INFO org.opentesting.services.prometheus.Prometheus [main] Prometheus Counter created: execution#name#testexec#type#testtype, actual size of the map: 16
2021-12-20 09:51:24,556 INFO org.opentesting.PrometheusTests [main] ##### incrementExecution done #####
2021-12-20 09:51:24,582 INFO org.opentesting.services.prometheus.Prometheus [main] Prometheus Counter created: inject#testid#_total#success#_total#service#_total#injectid#_total#labels#_total, actual size of the map: 17
2021-12-20 09:51:24,586 INFO org.opentesting.services.prometheus.Prometheus [main] Prometheus Counter created: inject#testid#_total#success#true#service#_total#injectid#_total#labels#_total, actual size of the map: 18
2021-12-20 09:51:24,588 INFO org.opentesting.services.prometheus.Prometheus [main] Prometheus Counter created: inject#testid#_total#success#_total#service#kafka#injectid#_total#labels#_total, actual size of the map: 19
2021-12-20 09:51:24,593 INFO org.opentesting.services.prometheus.Prometheus [main] Prometheus Counter created: inject#testid#_total#success#true#service#kafka#injectid#_total#labels#_total, actual size of the map: 20
2021-12-20 09:51:24,597 INFO org.opentesting.services.prometheus.Prometheus [main] Prometheus Counter created: inject#testid#test123#success#_total#service#_total#injectid#_total#labels#||, actual size of the map: 21
2021-12-20 09:51:24,600 INFO org.opentesting.services.prometheus.Prometheus [main] Prometheus Counter created: inject#testid#test123#success#true#service#_total#injectid#_total#labels#||, actual size of the map: 22
2021-12-20 09:51:24,603 INFO org.opentesting.services.prometheus.Prometheus [main] Prometheus Counter created: inject#testid#test123#success#_total#service#kafka#injectid#_total#labels#||, actual size of the map: 23
2021-12-20 09:51:24,610 INFO org.opentesting.services.prometheus.Prometheus [main] Prometheus Counter created: inject#testid#test123#success#true#service#kafka#injectid#_total#labels#||, actual size of the map: 24
2021-12-20 09:51:24,613 INFO org.opentesting.services.prometheus.Prometheus [main] Prometheus Counter created: inject#testid#test123#success#_total#service#_total#injectid#inject1#labels#||, actual size of the map: 25
2021-12-20 09:51:24,616 INFO org.opentesting.services.prometheus.Prometheus [main] Prometheus Counter created: inject#testid#test123#success#true#service#_total#injectid#inject1#labels#||, actual size of the map: 26
2021-12-20 09:51:24,618 INFO org.opentesting.PrometheusTests [main] ##### incrementInject done #####
2021-12-20 09:51:24,640 INFO org.opentesting.services.prometheus.Prometheus [main] Prometheus Counter created: schedule#testid#testid1#success#_total#labels#|bar|foo|, actual size of the map: 27
2021-12-20 09:51:24,642 INFO org.opentesting.services.prometheus.Prometheus [main] Prometheus Counter created: schedule#testid#testid1#success#true#labels#|bar|foo|, actual size of the map: 28
2021-12-20 09:51:24,645 INFO org.opentesting.PrometheusTests [main] ##### incrementSchedule done #####
2021-12-20 09:51:24,667 INFO org.opentesting.services.prometheus.Prometheus [main] Prometheus Counter created: check#testid#_total#success#_total#service#_total#checkid#_total#labels#_total, actual size of the map: 29
2021-12-20 09:51:24,670 INFO org.opentesting.services.prometheus.Prometheus [main] Prometheus Counter created: check#testid#_total#success#n/a#service#_total#checkid#_total#labels#_total, actual size of the map: 30
2021-12-20 09:51:24,673 INFO org.opentesting.services.prometheus.Prometheus [main] Prometheus Counter created: check#testid#_total#success#_total#service#kafka#checkid#_total#labels#_total, actual size of the map: 31
2021-12-20 09:51:24,676 INFO org.opentesting.services.prometheus.Prometheus [main] Prometheus Counter created: check#testid#_total#success#n/a#service#kafka#checkid#_total#labels#_total, actual size of the map: 32
2021-12-20 09:51:24,679 INFO org.opentesting.services.prometheus.Prometheus [main] Prometheus Counter created: check#testid#testid#success#_total#service#_total#checkid#_total#labels#|bar|foo|, actual size of the map: 33
2021-12-20 09:51:24,681 INFO org.opentesting.services.prometheus.Prometheus [main] Prometheus Counter created: check#testid#testid#success#n/a#service#_total#checkid#_total#labels#|bar|foo|, actual size of the map: 34
2021-12-20 09:51:24,684 INFO org.opentesting.services.prometheus.Prometheus [main] Prometheus Counter created: check#testid#testid#success#_total#service#kafka#checkid#_total#labels#|bar|foo|, actual size of the map: 35
2021-12-20 09:51:24,687 INFO org.opentesting.services.prometheus.Prometheus [main] Prometheus Counter created: check#testid#testid#success#n/a#service#kafka#checkid#_total#labels#|bar|foo|, actual size of the map: 36
2021-12-20 09:51:24,694 INFO org.opentesting.services.prometheus.Prometheus [main] Prometheus Counter created: check#testid#testid#success#_total#service#_total#checkid#mycheckid#labels#|bar|foo|, actual size of the map: 37
2021-12-20 09:51:24,696 INFO org.opentesting.services.prometheus.Prometheus [main] Prometheus Counter created: check#testid#testid#success#n/a#service#_total#checkid#mycheckid#labels#|bar|foo|, actual size of the map: 38
2021-12-20 09:51:24,709 INFO org.opentesting.PrometheusTests [main] ##### testIncrementCheck done #####
2021-12-20 09:51:24,728 INFO org.opentesting.PrometheusTests [main] ##### incrementTests done #####
2021-12-20 09:51:25,865 INFO com.zaxxer.hikari.HikariDataSource [SpringApplicationShutdownHook] HikariPool-1 - Shutdown initiated...
2021-12-20 09:51:25,876 INFO com.zaxxer.hikari.HikariDataSource [SpringApplicationShutdownHook] HikariPool-1 - Shutdown completed.
2021-12-20 09:54:35,716 INFO org.springframework.boot.StartupInfoLogger [main] Starting RandomTests using Java 11.0.12 on CPX-RB5SLRADOYE with PID 25250 (started by robert in /home/robert/code/github/opentestingapi/impl_java)
2021-12-20 09:54:35,720 INFO org.springframework.boot.SpringApplication [main] No active profile set, falling back to default profiles: default
2021-12-20 09:54:37,885 INFO org.springframework.data.repository.config.RepositoryConfigurationDelegate [main] Bootstrapping Spring Data JDBC repositories in DEFAULT mode.
2021-12-20 09:54:37,923 INFO org.springframework.data.repository.config.RepositoryConfigurationDelegate [main] Finished Spring Data repository scanning in 28 ms. Found 0 JDBC repository interfaces.
2021-12-20 09:54:38,560 INFO org.springframework.cloud.context.scope.GenericScope [main] BeanFactory id=283714b2-f5d5-35d9-ab40-0afae253ca74
2021-12-20 09:54:40,706 INFO org.opentesting.persistence.CheckRepository [main] execute: create table if not exists checkstore (testid VARCHAR(1000) NOT NULL)
2021-12-20 09:54:40,722 INFO com.zaxxer.hikari.HikariDataSource [main] HikariPool-1 - Starting...
2021-12-20 09:54:41,405 INFO com.zaxxer.hikari.HikariDataSource [main] HikariPool-1 - Start completed.
2021-12-20 09:54:41,443 INFO org.opentesting.persistence.CheckRepository [main] execute: alter table checkstore add if not exists checkid VARCHAR(1000)
2021-12-20 09:54:41,481 INFO org.opentesting.persistence.CheckRepository [main] execute: alter table checkstore add if not exists checkinstanceid VARCHAR(1000)
2021-12-20 09:54:41,493 INFO org.opentesting.persistence.CheckRepository [main] execute: alter table checkstore add if not exists version VARCHAR(100)
2021-12-20 09:54:41,502 INFO org.opentesting.persistence.CheckRepository [main] execute: alter table checkstore add if not exists value text
2021-12-20 09:54:41,518 INFO org.opentesting.persistence.CheckRepository [main] execute: alter table checkstore add if not exists insertts timestamp
2021-12-20 09:54:41,528 INFO org.opentesting.persistence.CheckRepository [main] execute: alter table checkstore add if not exists opentype VARCHAR(1000)
2021-12-20 09:54:41,657 INFO org.opentesting.persistence.IndexRepository [main] execute: create table if not exists indexstore (indexname VARCHAR(1000) NOT NULL)
2021-12-20 09:54:41,668 INFO org.opentesting.persistence.IndexRepository [main] execute: alter table indexstore add if not exists key VARCHAR(1000)
2021-12-20 09:54:41,678 INFO org.opentesting.persistence.IndexRepository [main] execute: alter table indexstore add if not exists value VARCHAR(1000)
2021-12-20 09:54:41,694 INFO org.opentesting.persistence.IndexRepository [main] execute: alter table indexstore add if not exists insertts timestamp
2021-12-20 09:54:41,757 INFO org.opentesting.persistence.InjectRepository [main] execute: create table if not exists injectstore (testid VARCHAR(1000) NOT NULL)
2021-12-20 09:54:41,765 INFO org.opentesting.persistence.InjectRepository [main] execute: alter table injectstore add if not exists injectid VARCHAR(1000)
2021-12-20 09:54:41,774 INFO org.opentesting.persistence.InjectRepository [main] execute: alter table injectstore add if not exists injectinstanceid VARCHAR(1000)
2021-12-20 09:54:41,789 INFO org.opentesting.persistence.InjectRepository [main] execute: alter table injectstore add if not exists version VARCHAR(100)
2021-12-20 09:54:41,802 INFO org.opentesting.persistence.InjectRepository [main] execute: alter table injectstore add if not exists value text
2021-12-20 09:54:41,813 INFO org.opentesting.persistence.InjectRepository [main] execute: alter table injectstore add if not exists insertts timestamp
2021-12-20 09:54:41,876 INFO org.opentesting.persistence.KeyValueRepository [main] execute: create table if not exists keyvaluestore (testid VARCHAR(1000) NOT NULL)
2021-12-20 09:54:41,880 INFO org.opentesting.persistence.KeyValueRepository [main] execute: alter table keyvaluestore add if not exists key VARCHAR(1000)
2021-12-20 09:54:41,895 INFO org.opentesting.persistence.KeyValueRepository [main] execute: alter table keyvaluestore add if not exists value text
2021-12-20 09:54:41,908 INFO org.opentesting.persistence.KeyValueRepository [main] execute: alter table keyvaluestore add if not exists insertts timestamp
2021-12-20 09:54:41,964 INFO org.opentesting.persistence.TestRepository [main] execute: create table if not exists teststore (testid VARCHAR(1000) NOT NULL)
2021-12-20 09:54:41,969 INFO org.opentesting.persistence.TestRepository [main] execute: alter table teststore add if not exists version VARCHAR(100)
2021-12-20 09:54:41,982 INFO org.opentesting.persistence.TestRepository [main] execute: alter table teststore add if not exists value text
2021-12-20 09:54:41,991 INFO org.opentesting.persistence.TestRepository [main] execute: alter table teststore add if not exists insertts timestamp
2021-12-20 09:54:42,138 INFO org.opentesting.util.OpenTestingConfig [main] OpenTesting appname: opentesting junit
2021-12-20 09:54:42,140 INFO org.opentesting.util.OpenTestingConfig [main] OpenTesting poolsize: 50
2021-12-20 09:54:42,146 INFO org.opentesting.util.OpenTestingConfig [main] OpenTesting checkcron: [0 * * * * ?, 10 * * * * ?, 20 * * * * ?, 30 * * * * ?, 40 * * * * ?, 50 * * * * ?]
2021-12-20 09:54:42,151 INFO org.opentesting.util.OpenTestingConfig [main] OpenTesting longrunningwarn (sec): 5
2021-12-20 09:54:42,155 INFO org.opentesting.util.OpenTestingConfig [main] OpenTesting resttimeout (sec): 30
2021-12-20 09:54:42,158 INFO org.opentesting.util.OpenTestingConfig [main] OpenTesting reloadtestcases: false
2021-12-20 09:54:42,162 INFO org.opentesting.util.OpenTestingConfig [main] OpenTesting autodelete (days): 365
2021-12-20 09:54:42,164 INFO org.opentesting.util.OpenTestingConfig [main] OpenTesting uselock: true
2021-12-20 09:54:42,456 INFO org.cache2k.core.log.Log$Slf4jLogger [main] cache2k starting. version=2.4.1.Final
2021-12-20 09:54:46,342 INFO org.opentesting.services.adapter.AdapterResolver [main] ##### Adapter ##### cassandra
2021-12-20 09:54:46,370 INFO org.opentesting.services.adapter.AdapterResolver [main] ##### Adapter ##### jdbc
2021-12-20 09:54:46,401 INFO org.opentesting.services.adapter.AdapterResolver [main] ##### Adapter ##### kafka
2021-12-20 09:54:46,434 INFO org.opentesting.services.adapter.AdapterResolver [main] ##### Adapter ##### rest
2021-12-20 09:54:46,748 INFO org.opentesting.services.execution.Startup [main] auto-delete timer created
2021-12-20 09:54:46,750 WARN org.opentesting.services.execution.Startup [main] skipped reloadTestCases()
2021-12-20 09:54:46,990 INFO org.opentesting.services.execution.TestManager [ThreadPoolTaskScheduler1] autodelete (365 days) done
2021-12-20 09:54:49,985 INFO org.springframework.boot.actuate.endpoint.web.EndpointLinksResolver [main] Exposing 4 endpoint(s) beneath base path '/actuator'
2021-12-20 09:54:51,743 INFO org.springframework.boot.autoconfigure.web.servlet.WelcomePageHandlerMapping [main] Adding welcome page: class path resource [static/index.html]
2021-12-20 09:54:56,079 INFO org.springframework.boot.StartupInfoLogger [main] Started RandomTests in 21.22 seconds (JVM running for 23.298)
2021-12-20 09:54:57,057 INFO org.opentesting.RandomTests [main] 2021-12-21 09:54 2021-12-21 09:54
2021-12-20 09:54:57,171 INFO org.opentesting.RandomTests [main] 018c837b-cdf6-406b-b7b6-a8e9d381cfa2
2021-12-20 09:54:57,173 INFO org.opentesting.RandomTests [main] 257d2415-85af-6851-e982-75cea5346940
2021-12-20 09:54:57,175 INFO org.opentesting.RandomTests [main] 80a1a43b-c729-c1c2-6f9f-c504bdea94b8
2021-12-20 09:54:57,176 INFO org.opentesting.RandomTests [main] [0-9a-f]{8}-[0-9a-f]{4}-[0-9a-f]{4}-[0-9a-f]{4}-[0-9a-f]{12}
2021-12-20 09:54:57,311 INFO org.opentesting.RandomTests [main] 3 bbb aaa|bbb|ccc
2021-12-20 09:54:57,379 INFO org.opentesting.RandomTests [main] {"checkid":"testcheck1","service":{"type":"kafka","connectstring":"kafka-broker","username":"user","password":"password","custom":[{"key":"topic","value":"mytopic","version":"TestCaseCustomParameterDTOapi1_0"}],"version":"TestCaseServiceDTOapi1_0"},"validations":[{"order":1,"request":"requestfile","type":"contains","response":["responsefile"],"version":"TestCaseValidationDTOapi1_0"}],"maxwaittime":"1d","active":true,"mandatory":false,"injects":["dummy-inject-1"],"checks":["dummy-check-1"],"result2random":["datenlieferungid"],"checkinstanceid":"testcheck1_664379592","checkinstancetestid":"testid","startts":"2021-12-20T09:54:57.334512","targetts":"2021-12-20T09:59:57.334607","randomdata":{"randomdata":{"#hallo#":"Hallo Welt!"}},"bulkid":"bulkid","traceid":"traceid","version":"TestCaseCheckDTOapi1_0"}
2021-12-20 09:54:57,382 INFO org.opentesting.RandomTests [main] {"randomdata":{}}
2021-12-20 09:54:57,465 INFO org.opentesting.RandomTests [main] {"randomdata":{"#testcheck1.datenlieferungid#":"DL-5948bf82-4e36-3a4f-8ca9-d0b379505ff0ÃŸ"}}
2021-12-20 09:54:57,570 INFO org.opentesting.RandomTests [main] ccc ccc
2021-12-20 09:54:57,596 INFO org.springframework.test.context.support.AbstractTestContextBootstrapper [main] Neither @ContextConfiguration nor @ContextHierarchy found for test class [org.opentesting.EncryptionTests], using SpringBootContextLoader
2021-12-20 09:54:57,601 INFO org.springframework.test.context.support.AbstractContextLoader [main] Could not detect default resource locations for test class [org.opentesting.EncryptionTests]: no resource found for suffixes {-context.xml, Context.groovy}.
2021-12-20 09:54:57,603 INFO org.springframework.test.context.support.AnnotationConfigContextLoaderUtils [main] Could not detect default configuration classes for test class [org.opentesting.EncryptionTests]: EncryptionTests does not declare any static, non-private, non-final, nested classes annotated with @Configuration.
2021-12-20 09:54:57,613 INFO org.springframework.boot.test.context.SpringBootTestContextBootstrapper [main] Found @SpringBootConfiguration org.opentesting.OpenTestingApplication for test class org.opentesting.EncryptionTests
2021-12-20 09:54:57,620 INFO org.springframework.test.context.support.AbstractTestContextBootstrapper [main] Loaded default TestExecutionListener class names from location [META-INF/spring.factories]: [org.springframework.boot.test.mock.mockito.MockitoTestExecutionListener, org.springframework.boot.test.mock.mockito.ResetMocksTestExecutionListener, org.springframework.boot.test.autoconfigure.restdocs.RestDocsTestExecutionListener, org.springframework.boot.test.autoconfigure.web.client.MockRestServiceServerResetTestExecutionListener, org.springframework.boot.test.autoconfigure.web.servlet.MockMvcPrintOnlyOnFailureTestExecutionListener, org.springframework.boot.test.autoconfigure.web.servlet.WebDriverTestExecutionListener, org.springframework.boot.test.autoconfigure.webservices.client.MockWebServiceServerTestExecutionListener, org.springframework.test.context.web.ServletTestExecutionListener, org.springframework.test.context.support.DirtiesContextBeforeModesTestExecutionListener, org.springframework.test.context.event.ApplicationEventsTestExecutionListener, org.springframework.test.context.support.DependencyInjectionTestExecutionListener, org.springframework.test.context.support.DirtiesContextTestExecutionListener, org.springframework.test.context.transaction.TransactionalTestExecutionListener, org.springframework.test.context.jdbc.SqlScriptsTestExecutionListener, org.springframework.test.context.event.EventPublishingTestExecutionListener]
2021-12-20 09:54:57,632 INFO org.springframework.test.context.support.AbstractTestContextBootstrapper [main] Using TestExecutionListeners: [org.springframework.test.context.web.ServletTestExecutionListener@412bb41f, org.springframework.test.context.support.DirtiesContextBeforeModesTestExecutionListener@446dbf7b, org.springframework.test.context.event.ApplicationEventsTestExecutionListener@1cb09347, org.springframework.boot.test.mock.mockito.MockitoTestExecutionListener@673218b2, org.springframework.boot.test.autoconfigure.SpringBootDependencyInjectionTestExecutionListener@7ba5d307, org.springframework.test.context.support.DirtiesContextTestExecutionListener@529a2d6f, org.springframework.test.context.transaction.TransactionalTestExecutionListener@4a28b6d0, org.springframework.test.context.jdbc.SqlScriptsTestExecutionListener@3d28c0af, org.springframework.test.context.event.EventPublishingTestExecutionListener@684001e6, org.springframework.boot.test.mock.mockito.ResetMocksTestExecutionListener@6bb2b8d4, org.springframework.boot.test.autoconfigure.restdocs.RestDocsTestExecutionListener@64230d44, org.springframework.boot.test.autoconfigure.web.client.MockRestServiceServerResetTestExecutionListener@1ff584d7, org.springframework.boot.test.autoconfigure.web.servlet.MockMvcPrintOnlyOnFailureTestExecutionListener@7752f9fe, org.springframework.boot.test.autoconfigure.web.servlet.WebDriverTestExecutionListener@9588bd8, org.springframework.boot.test.autoconfigure.webservices.client.MockWebServiceServerTestExecutionListener@75edfe9a]
2021-12-20 09:54:57,752 INFO org.springframework.test.context.support.AbstractTestContextBootstrapper [main] Neither @ContextConfiguration nor @ContextHierarchy found for test class [org.opentesting.RestTests], using SpringBootContextLoader
2021-12-20 09:54:57,761 INFO org.springframework.test.context.support.AbstractContextLoader [main] Could not detect default resource locations for test class [org.opentesting.RestTests]: no resource found for suffixes {-context.xml, Context.groovy}.
2021-12-20 09:54:57,763 INFO org.springframework.test.context.support.AnnotationConfigContextLoaderUtils [main] Could not detect default configuration classes for test class [org.opentesting.RestTests]: RestTests does not declare any static, non-private, non-final, nested classes annotated with @Configuration.
2021-12-20 09:54:57,768 INFO org.springframework.boot.test.context.SpringBootTestContextBootstrapper [main] Found @SpringBootConfiguration org.opentesting.OpenTestingApplication for test class org.opentesting.RestTests
2021-12-20 09:54:57,777 INFO org.springframework.test.context.support.AbstractTestContextBootstrapper [main] Loaded default TestExecutionListener class names from location [META-INF/spring.factories]: [org.springframework.boot.test.mock.mockito.MockitoTestExecutionListener, org.springframework.boot.test.mock.mockito.ResetMocksTestExecutionListener, org.springframework.boot.test.autoconfigure.restdocs.RestDocsTestExecutionListener, org.springframework.boot.test.autoconfigure.web.client.MockRestServiceServerResetTestExecutionListener, org.springframework.boot.test.autoconfigure.web.servlet.MockMvcPrintOnlyOnFailureTestExecutionListener, org.springframework.boot.test.autoconfigure.web.servlet.WebDriverTestExecutionListener, org.springframework.boot.test.autoconfigure.webservices.client.MockWebServiceServerTestExecutionListener, org.springframework.test.context.web.ServletTestExecutionListener, org.springframework.test.context.support.DirtiesContextBeforeModesTestExecutionListener, org.springframework.test.context.event.ApplicationEventsTestExecutionListener, org.springframework.test.context.support.DependencyInjectionTestExecutionListener, org.springframework.test.context.support.DirtiesContextTestExecutionListener, org.springframework.test.context.transaction.TransactionalTestExecutionListener, org.springframework.test.context.jdbc.SqlScriptsTestExecutionListener, org.springframework.test.context.event.EventPublishingTestExecutionListener]
2021-12-20 09:54:57,780 INFO org.springframework.test.context.support.AbstractTestContextBootstrapper [main] Using TestExecutionListeners: [org.springframework.test.context.web.ServletTestExecutionListener@e7c3ba2, org.springframework.test.context.support.DirtiesContextBeforeModesTestExecutionListener@35c646b5, org.springframework.test.context.event.ApplicationEventsTestExecutionListener@6351efa6, org.springframework.boot.test.mock.mockito.MockitoTestExecutionListener@6c07666f, org.springframework.boot.test.autoconfigure.SpringBootDependencyInjectionTestExecutionListener@349e166, org.springframework.test.context.support.DirtiesContextTestExecutionListener@4bdec54, org.springframework.test.context.transaction.TransactionalTestExecutionListener@68fd0fba, org.springframework.test.context.jdbc.SqlScriptsTestExecutionListener@3f9e38d4, org.springframework.test.context.event.EventPublishingTestExecutionListener@7310bc90, org.springframework.boot.test.mock.mockito.ResetMocksTestExecutionListener@18a421ea, org.springframework.boot.test.autoconfigure.restdocs.RestDocsTestExecutionListener@18247d9b, org.springframework.boot.test.autoconfigure.web.client.MockRestServiceServerResetTestExecutionListener@5632bed3, org.springframework.boot.test.autoconfigure.web.servlet.MockMvcPrintOnlyOnFailureTestExecutionListener@20307cb9, org.springframework.boot.test.autoconfigure.web.servlet.WebDriverTestExecutionListener@19a2b224, org.springframework.boot.test.autoconfigure.webservices.client.MockWebServiceServerTestExecutionListener@2251cc2e]
2021-12-20 09:54:57,881 WARN org.opentesting.services.rest.ReportingController [main] test not found: 1
org.opentesting.util.exceptions.NotFoundException: test not found: 1
	at org.opentesting.persistence.TestRepository.select(TestRepository.java:89)
	at org.opentesting.persistence.TestRepository$$FastClassBySpringCGLIB$$5dccbd7d.invoke(<generated>)
	at org.springframework.cglib.proxy.MethodProxy.invoke(MethodProxy.java:218)
	at org.springframework.aop.framework.CglibAopProxy$CglibMethodInvocation.invokeJoinpoint(CglibAopProxy.java:783)
	at org.springframework.aop.framework.ReflectiveMethodInvocation.proceed(ReflectiveMethodInvocation.java:163)
	at org.springframework.aop.framework.CglibAopProxy$CglibMethodInvocation.proceed(CglibAopProxy.java:753)
	at org.springframework.aop.aspectj.MethodInvocationProceedingJoinPoint.proceed(MethodInvocationProceedingJoinPoint.java:89)
	at org.opentesting.util.LogExecutionTimeImpl.logExecutionTime(LogExecutionTimeImpl.java:26)
	at jdk.internal.reflect.GeneratedMethodAccessor74.invoke(Unknown Source)
	at java.base/jdk.internal.reflect.DelegatingMethodAccessorImpl.invoke(DelegatingMethodAccessorImpl.java:43)
	at java.base/java.lang.reflect.Method.invoke(Method.java:566)
	at org.springframework.aop.aspectj.AbstractAspectJAdvice.invokeAdviceMethodWithGivenArgs(AbstractAspectJAdvice.java:634)
	at org.springframework.aop.aspectj.AbstractAspectJAdvice.invokeAdviceMethod(AbstractAspectJAdvice.java:624)
	at org.springframework.aop.aspectj.AspectJAroundAdvice.invoke(AspectJAroundAdvice.java:72)
	at org.springframework.aop.framework.ReflectiveMethodInvocation.proceed(ReflectiveMethodInvocation.java:175)
	at org.springframework.aop.framework.CglibAopProxy$CglibMethodInvocation.proceed(CglibAopProxy.java:753)
	at org.springframework.aop.interceptor.ExposeInvocationInterceptor.invoke(ExposeInvocationInterceptor.java:97)
	at org.springframework.aop.framework.ReflectiveMethodInvocation.proceed(ReflectiveMethodInvocation.java:186)
	at org.springframework.aop.framework.CglibAopProxy$CglibMethodInvocation.proceed(CglibAopProxy.java:753)
	at org.springframework.aop.framework.CglibAopProxy$DynamicAdvisedInterceptor.intercept(CglibAopProxy.java:698)
	at org.opentesting.persistence.TestRepository$$EnhancerBySpringCGLIB$$f9e06ad5.select(<generated>)
	at org.opentesting.services.execution.TestAbstractHandler.getTest(TestAbstractHandler.java:76)
	at org.opentesting.services.execution.TestReporting.getTest(TestReporting.java:30)
	at org.opentesting.services.execution.TestReporting$$FastClassBySpringCGLIB$$ce91a6e8.invoke(<generated>)
	at org.springframework.cglib.proxy.MethodProxy.invoke(MethodProxy.java:218)
	at org.springframework.aop.framework.CglibAopProxy$CglibMethodInvocation.invokeJoinpoint(CglibAopProxy.java:783)
	at org.springframework.aop.framework.ReflectiveMethodInvocation.proceed(ReflectiveMethodInvocation.java:163)
	at org.springframework.aop.framework.CglibAopProxy$CglibMethodInvocation.proceed(CglibAopProxy.java:753)
	at org.springframework.aop.aspectj.MethodInvocationProceedingJoinPoint.proceed(MethodInvocationProceedingJoinPoint.java:89)
	at org.opentesting.util.LogExecutionTimeImpl.logExecutionTime(LogExecutionTimeImpl.java:26)
	at jdk.internal.reflect.GeneratedMethodAccessor74.invoke(Unknown Source)
	at java.base/jdk.internal.reflect.DelegatingMethodAccessorImpl.invoke(DelegatingMethodAccessorImpl.java:43)
	at java.base/java.lang.reflect.Method.invoke(Method.java:566)
	at org.springframework.aop.aspectj.AbstractAspectJAdvice.invokeAdviceMethodWithGivenArgs(AbstractAspectJAdvice.java:634)
	at org.springframework.aop.aspectj.AbstractAspectJAdvice.invokeAdviceMethod(AbstractAspectJAdvice.java:624)
	at org.springframework.aop.aspectj.AspectJAroundAdvice.invoke(AspectJAroundAdvice.java:72)
	at org.springframework.aop.framework.ReflectiveMethodInvocation.proceed(ReflectiveMethodInvocation.java:175)
	at org.springframework.aop.framework.CglibAopProxy$CglibMethodInvocation.proceed(CglibAopProxy.java:753)
	at org.springframework.aop.interceptor.ExposeInvocationInterceptor.invoke(ExposeInvocationInterceptor.java:97)
	at org.springframework.aop.framework.ReflectiveMethodInvocation.proceed(ReflectiveMethodInvocation.java:186)
	at org.springframework.aop.framework.CglibAopProxy$CglibMethodInvocation.proceed(CglibAopProxy.java:753)
	at org.springframework.aop.framework.CglibAopProxy$DynamicAdvisedInterceptor.intercept(CglibAopProxy.java:698)
	at org.opentesting.services.execution.TestReporting$$EnhancerBySpringCGLIB$$a80ae1f6.getTest(<generated>)
	at org.opentesting.services.rest.ReportingController.get(ReportingController.java:67)
	at org.opentesting.RestTests.testReportingGet(RestTests.java:68)
	at java.base/jdk.internal.reflect.NativeMethodAccessorImpl.invoke0(Native Method)
	at java.base/jdk.internal.reflect.NativeMethodAccessorImpl.invoke(NativeMethodAccessorImpl.java:62)
	at java.base/jdk.internal.reflect.DelegatingMethodAccessorImpl.invoke(DelegatingMethodAccessorImpl.java:43)
	at java.base/java.lang.reflect.Method.invoke(Method.java:566)
	at org.junit.platform.commons.util.ReflectionUtils.invokeMethod(ReflectionUtils.java:688)
	at org.junit.jupiter.engine.execution.MethodInvocation.proceed(MethodInvocation.java:60)
	at org.junit.jupiter.engine.execution.InvocationInterceptorChain$ValidatingInvocation.proceed(InvocationInterceptorChain.java:131)
	at org.junit.jupiter.engine.extension.TimeoutExtension.intercept(TimeoutExtension.java:149)
	at org.junit.jupiter.engine.extension.TimeoutExtension.interceptTestableMethod(TimeoutExtension.java:140)
	at org.junit.jupiter.engine.extension.TimeoutExtension.interceptTestMethod(TimeoutExtension.java:84)
	at org.junit.jupiter.engine.execution.ExecutableInvoker$ReflectiveInterceptorCall.lambda$ofVoidMethod$0(ExecutableInvoker.java:115)
	at org.junit.jupiter.engine.execution.ExecutableInvoker.lambda$invoke$0(ExecutableInvoker.java:105)
	at org.junit.jupiter.engine.execution.InvocationInterceptorChain$InterceptedInvocation.proceed(InvocationInterceptorChain.java:106)
	at org.junit.jupiter.engine.execution.InvocationInterceptorChain.proceed(InvocationInterceptorChain.java:64)
	at org.junit.jupiter.engine.execution.InvocationInterceptorChain.chainAndInvoke(InvocationInterceptorChain.java:45)
	at org.junit.jupiter.engine.execution.InvocationInterceptorChain.invoke(InvocationInterceptorChain.java:37)
	at org.junit.jupiter.engine.execution.ExecutableInvoker.invoke(ExecutableInvoker.java:104)
	at org.junit.jupiter.engine.execution.ExecutableInvoker.invoke(ExecutableInvoker.java:98)
	at org.junit.jupiter.engine.descriptor.TestMethodTestDescriptor.lambda$invokeTestMethod$6(TestMethodTestDescriptor.java:210)
	at org.junit.platform.engine.support.hierarchical.ThrowableCollector.execute(ThrowableCollector.java:73)
	at org.junit.jupiter.engine.descriptor.TestMethodTestDescriptor.invokeTestMethod(TestMethodTestDescriptor.java:206)
	at org.junit.jupiter.engine.descriptor.TestMethodTestDescriptor.execute(TestMethodTestDescriptor.java:131)
	at org.junit.jupiter.engine.descriptor.TestMethodTestDescriptor.execute(TestMethodTestDescriptor.java:65)
	at org.junit.platform.engine.support.hierarchical.NodeTestTask.lambda$executeRecursively$5(NodeTestTask.java:139)
	at org.junit.platform.engine.support.hierarchical.ThrowableCollector.execute(ThrowableCollector.java:73)
	at org.junit.platform.engine.support.hierarchical.NodeTestTask.lambda$executeRecursively$7(NodeTestTask.java:129)
	at org.junit.platform.engine.support.hierarchical.Node.around(Node.java:137)
	at org.junit.platform.engine.support.hierarchical.NodeTestTask.lambda$executeRecursively$8(NodeTestTask.java:127)
	at org.junit.platform.engine.support.hierarchical.ThrowableCollector.execute(ThrowableCollector.java:73)
	at org.junit.platform.engine.support.hierarchical.NodeTestTask.executeRecursively(NodeTestTask.java:126)
	at org.junit.platform.engine.support.hierarchical.NodeTestTask.execute(NodeTestTask.java:84)
	at java.base/java.util.ArrayList.forEach(ArrayList.java:1541)
	at org.junit.platform.engine.support.hierarchical.SameThreadHierarchicalTestExecutorService.invokeAll(SameThreadHierarchicalTestExecutorService.java:38)
	at org.junit.platform.engine.support.hierarchical.NodeTestTask.lambda$executeRecursively$5(NodeTestTask.java:143)
	at org.junit.platform.engine.support.hierarchical.ThrowableCollector.execute(ThrowableCollector.java:73)
	at org.junit.platform.engine.support.hierarchical.NodeTestTask.lambda$executeRecursively$7(NodeTestTask.java:129)
	at org.junit.platform.engine.support.hierarchical.Node.around(Node.java:137)
	at org.junit.platform.engine.support.hierarchical.NodeTestTask.lambda$executeRecursively$8(NodeTestTask.java:127)
	at org.junit.platform.engine.support.hierarchical.ThrowableCollector.execute(ThrowableCollector.java:73)
	at org.junit.platform.engine.support.hierarchical.NodeTestTask.executeRecursively(NodeTestTask.java:126)
	at org.junit.platform.engine.support.hierarchical.NodeTestTask.execute(NodeTestTask.java:84)
	at java.base/java.util.ArrayList.forEach(ArrayList.java:1541)
	at org.junit.platform.engine.support.hierarchical.SameThreadHierarchicalTestExecutorService.invokeAll(SameThreadHierarchicalTestExecutorService.java:38)
	at org.junit.platform.engine.support.hierarchical.NodeTestTask.lambda$executeRecursively$5(NodeTestTask.java:143)
	at org.junit.platform.engine.support.hierarchical.ThrowableCollector.execute(ThrowableCollector.java:73)
	at org.junit.platform.engine.support.hierarchical.NodeTestTask.lambda$executeRecursively$7(NodeTestTask.java:129)
	at org.junit.platform.engine.support.hierarchical.Node.around(Node.java:137)
	at org.junit.platform.engine.support.hierarchical.NodeTestTask.lambda$executeRecursively$8(NodeTestTask.java:127)
	at org.junit.platform.engine.support.hierarchical.ThrowableCollector.execute(ThrowableCollector.java:73)
	at org.junit.platform.engine.support.hierarchical.NodeTestTask.executeRecursively(NodeTestTask.java:126)
	at org.junit.platform.engine.support.hierarchical.NodeTestTask.execute(NodeTestTask.java:84)
	at org.junit.platform.engine.support.hierarchical.SameThreadHierarchicalTestExecutorService.submit(SameThreadHierarchicalTestExecutorService.java:32)
	at org.junit.platform.engine.support.hierarchical.HierarchicalTestExecutor.execute(HierarchicalTestExecutor.java:57)
	at org.junit.platform.engine.support.hierarchical.HierarchicalTestEngine.execute(HierarchicalTestEngine.java:51)
	at org.junit.platform.launcher.core.DefaultLauncher.execute(DefaultLauncher.java:220)
	at org.junit.platform.launcher.core.DefaultLauncher.lambda$execute$6(DefaultLauncher.java:188)
	at org.junit.platform.launcher.core.DefaultLauncher.withInterceptedStreams(DefaultLauncher.java:202)
	at org.junit.platform.launcher.core.DefaultLauncher.execute(DefaultLauncher.java:181)
	at org.junit.platform.launcher.core.DefaultLauncher.execute(DefaultLauncher.java:128)
	at org.apache.maven.surefire.junitplatform.JUnitPlatformProvider.invokeAllTests(JUnitPlatformProvider.java:150)
	at org.apache.maven.surefire.junitplatform.JUnitPlatformProvider.invoke(JUnitPlatformProvider.java:124)
	at org.apache.maven.surefire.booter.ForkedBooter.invokeProviderInSameClassLoader(ForkedBooter.java:384)
	at org.apache.maven.surefire.booter.ForkedBooter.runSuitesInProcess(ForkedBooter.java:345)
	at org.apache.maven.surefire.booter.ForkedBooter.execute(ForkedBooter.java:126)
	at org.apache.maven.surefire.booter.ForkedBooter.main(ForkedBooter.java:418)
2021-12-20 09:54:57,886 INFO org.opentesting.RestTests [main] ##### testReportingGet done #####
2021-12-20 09:54:57,915 INFO org.opentesting.RestTests [main] ##### testTemplateTestcase done #####
2021-12-20 09:54:57,944 INFO org.opentesting.RestTests [main] ##### testDummyGet done #####
2021-12-20 09:54:57,973 INFO org.opentesting.RestTests [main] ##### testTemplateDashboard done #####
2021-12-20 09:54:58,000 INFO org.opentesting.RestTests [main] ##### testDummyPost done #####
2021-12-20 09:54:58,085 INFO org.opentesting.services.rest.UploadController [main] ##### upload ##### file local_test_00001/source_rest_headers_1.json stored: local_test_00001 - source_rest_headers_1.json stored
2021-12-20 09:54:58,092 INFO org.opentesting.services.rest.UploadController [main] ##### upload ##### file local_test_00001/check_cassandra_2.json stored: local_test_00001 - check_cassandra_2.json stored
2021-12-20 09:54:58,098 INFO org.opentesting.services.rest.UploadController [main] ##### upload ##### file local_test_00001/source_kafka_1.txt stored: local_test_00001 - source_kafka_1.txt stored
2021-12-20 09:54:58,108 INFO org.opentesting.services.rest.UploadController [main] ##### upload ##### file local_test_00001/source_cassandra_1.cql stored: local_test_00001 - source_cassandra_1.cql stored
2021-12-20 09:54:58,114 INFO org.opentesting.services.rest.UploadController [main] ##### upload ##### file local_test_00001/check_rest_headers_1.json stored: local_test_00001 - check_rest_headers_1.json stored
2021-12-20 09:54:58,128 INFO org.opentesting.services.rest.UploadController [main] ##### upload ##### file local_test_00001/source_kafka_headers_1.json stored: local_test_00001 - source_kafka_headers_1.json stored
2021-12-20 09:54:58,132 INFO org.opentesting.services.rest.UploadController [main] ##### upload ##### file local_test_00001/check_cassandra_param_1.cql stored: local_test_00001 - check_cassandra_param_1.cql stored
2021-12-20 09:54:58,142 INFO org.opentesting.services.rest.UploadController [main] ##### upload ##### file local_test_00001/source_rest_1.json stored: local_test_00001 - source_rest_1.json stored
2021-12-20 09:54:58,148 INFO org.opentesting.services.rest.UploadController [main] ##### upload ##### file local_test_00001/check_rest_1.json stored: local_test_00001 - check_rest_1.json stored
2021-12-20 09:54:58,159 INFO org.opentesting.services.rest.UploadController [main] ##### upload ##### file local_test_00001/check_kafka_1.txt stored: local_test_00001 - check_kafka_1.txt stored
2021-12-20 09:54:58,172 INFO org.opentesting.services.rest.UploadController [main] ##### upload ##### file local_test_00001/check_cassandra_param_2.cql stored: local_test_00001 - check_cassandra_param_2.cql stored
2021-12-20 09:54:58,181 INFO org.opentesting.services.rest.UploadController [main] ##### upload ##### file local_test_00001/check_cassandra_1.json stored: local_test_00001 - check_cassandra_1.json stored
2021-12-20 09:54:58,340 INFO org.opentesting.services.execution.TestScheduler [main] planing local_test_00001 with 3 injections and 4 checks
2021-12-20 09:54:58,596 INFO org.apache.kafka.common.config.AbstractConfig [main] ConsumerConfig values: 
	allow.auto.create.topics = true
	auto.commit.interval.ms = 5000
	auto.offset.reset = latest
	bootstrap.servers = [localhost:9092]
	check.crcs = true
	client.dns.lookup = use_all_dns_ips
	client.id = consumer-e2etests-1
	client.rack = 
	connections.max.idle.ms = 540000
	default.api.timeout.ms = 60000
	enable.auto.commit = false
	exclude.internal.topics = true
	fetch.max.bytes = 52428800
	fetch.max.wait.ms = 500
	fetch.min.bytes = 1
	group.id = e2etests
	group.instance.id = null
	heartbeat.interval.ms = 3000
	interceptor.classes = []
	internal.leave.group.on.close = true
	internal.throw.on.fetch.stable.offset.unsupported = false
	isolation.level = read_uncommitted
	key.deserializer = class org.apache.kafka.common.serialization.StringDeserializer
	max.partition.fetch.bytes = 1048576
	max.poll.interval.ms = 300000
	max.poll.records = 500
	metadata.max.age.ms = 300000
	metric.reporters = []
	metrics.num.samples = 2
	metrics.recording.level = INFO
	metrics.sample.window.ms = 30000
	partition.assignment.strategy = [class org.apache.kafka.clients.consumer.RangeAssignor]
	receive.buffer.bytes = 65536
	reconnect.backoff.max.ms = 1000
	reconnect.backoff.ms = 50
	request.timeout.ms = 30000
	retry.backoff.ms = 100
	sasl.client.callback.handler.class = null
	sasl.jaas.config = null
	sasl.kerberos.kinit.cmd = /usr/bin/kinit
	sasl.kerberos.min.time.before.relogin = 60000
	sasl.kerberos.service.name = null
	sasl.kerberos.ticket.renew.jitter = 0.05
	sasl.kerberos.ticket.renew.window.factor = 0.8
	sasl.login.callback.handler.class = null
	sasl.login.class = null
	sasl.login.refresh.buffer.seconds = 300
	sasl.login.refresh.min.period.seconds = 60
	sasl.login.refresh.window.factor = 0.8
	sasl.login.refresh.window.jitter = 0.05
	sasl.mechanism = GSSAPI
	security.protocol = PLAINTEXT
	security.providers = null
	send.buffer.bytes = 131072
	session.timeout.ms = 10000
	socket.connection.setup.timeout.max.ms = 127000
	socket.connection.setup.timeout.ms = 10000
	ssl.cipher.suites = null
	ssl.enabled.protocols = [TLSv1.2, TLSv1.3]
	ssl.endpoint.identification.algorithm = https
	ssl.engine.factory.class = null
	ssl.key.password = null
	ssl.keymanager.algorithm = SunX509
	ssl.keystore.certificate.chain = null
	ssl.keystore.key = null
	ssl.keystore.location = null
	ssl.keystore.password = null
	ssl.keystore.type = JKS
	ssl.protocol = TLSv1.3
	ssl.provider = null
	ssl.secure.random.implementation = null
	ssl.trustmanager.algorithm = PKIX
	ssl.truststore.certificates = null
	ssl.truststore.location = null
	ssl.truststore.password = null
	ssl.truststore.type = JKS
	value.deserializer = class org.apache.kafka.common.serialization.StringDeserializer

2021-12-20 09:54:58,921 INFO org.apache.kafka.common.utils.AppInfoParser$AppInfo [main] Kafka version: 2.7.1
2021-12-20 09:54:58,922 INFO org.apache.kafka.common.utils.AppInfoParser$AppInfo [main] Kafka commitId: 61dbce85d0d41457
2021-12-20 09:54:58,925 INFO org.apache.kafka.common.utils.AppInfoParser$AppInfo [main] Kafka startTimeMs: 1639990498917
2021-12-20 09:54:58,937 INFO org.apache.kafka.clients.consumer.KafkaConsumer [main] [Consumer clientId=consumer-e2etests-1, groupId=e2etests] Subscribed to topic(s): mytopic1
2021-12-20 09:54:59,824 INFO org.apache.kafka.clients.Metadata [-C-1] [Consumer clientId=consumer-e2etests-1, groupId=e2etests] Cluster ID: EdArnZYTQaafjBaPOpAEHA
2021-12-20 09:54:59,828 INFO org.apache.kafka.clients.consumer.internals.AbstractCoordinator$FindCoordinatorResponseHandler [-C-1] [Consumer clientId=consumer-e2etests-1, groupId=e2etests] Discovered group coordinator localhost:9092 (id: 2147482646 rack: null)
2021-12-20 09:54:59,837 INFO org.apache.kafka.clients.consumer.internals.AbstractCoordinator [-C-1] [Consumer clientId=consumer-e2etests-1, groupId=e2etests] (Re-)joining group
2021-12-20 09:54:59,874 INFO org.apache.kafka.clients.consumer.internals.AbstractCoordinator [-C-1] [Consumer clientId=consumer-e2etests-1, groupId=e2etests] (Re-)joining group
2021-12-20 09:54:59,957 INFO org.opentesting.services.adapter.kafka.OpenTestingKafkaConsumerFactory [main] KafkaConsumer created: localhost:9092#mytopic1#
2021-12-20 09:54:59,995 INFO org.opentesting.services.scheduler.TimerFactory [main] Timer(s) ee475dfb-6ac0-4cee-98a4-c8f0d4576c4d created: 6
2021-12-20 09:55:00,023 ERROR org.opentesting.services.scheduler.AsynTaskExec [task-1] E2EInjectTask execution failed: local_test_00001 - inject-kafka-1 - ee475dfb-6ac0-4cee-98a4-c8f0d4576c4d
org.opentesting.util.exceptions.NotFoundException: test not found: local_test_00001
	at org.opentesting.persistence.TestRepository.select(TestRepository.java:89)
	at org.opentesting.persistence.TestRepository$$FastClassBySpringCGLIB$$5dccbd7d.invoke(<generated>)
	at org.springframework.cglib.proxy.MethodProxy.invoke(MethodProxy.java:218)
	at org.springframework.aop.framework.CglibAopProxy$CglibMethodInvocation.invokeJoinpoint(CglibAopProxy.java:783)
	at org.springframework.aop.framework.ReflectiveMethodInvocation.proceed(ReflectiveMethodInvocation.java:163)
	at org.springframework.aop.framework.CglibAopProxy$CglibMethodInvocation.proceed(CglibAopProxy.java:753)
	at org.springframework.aop.aspectj.MethodInvocationProceedingJoinPoint.proceed(MethodInvocationProceedingJoinPoint.java:89)
	at org.opentesting.util.LogExecutionTimeImpl.logExecutionTime(LogExecutionTimeImpl.java:26)
	at jdk.internal.reflect.GeneratedMethodAccessor74.invoke(Unknown Source)
	at java.base/jdk.internal.reflect.DelegatingMethodAccessorImpl.invoke(DelegatingMethodAccessorImpl.java:43)
	at java.base/java.lang.reflect.Method.invoke(Method.java:566)
	at org.springframework.aop.aspectj.AbstractAspectJAdvice.invokeAdviceMethodWithGivenArgs(AbstractAspectJAdvice.java:634)
	at org.springframework.aop.aspectj.AbstractAspectJAdvice.invokeAdviceMethod(AbstractAspectJAdvice.java:624)
	at org.springframework.aop.aspectj.AspectJAroundAdvice.invoke(AspectJAroundAdvice.java:72)
	at org.springframework.aop.framework.ReflectiveMethodInvocation.proceed(ReflectiveMethodInvocation.java:175)
	at org.springframework.aop.framework.CglibAopProxy$CglibMethodInvocation.proceed(CglibAopProxy.java:753)
	at org.springframework.aop.interceptor.ExposeInvocationInterceptor.invoke(ExposeInvocationInterceptor.java:97)
	at org.springframework.aop.framework.ReflectiveMethodInvocation.proceed(ReflectiveMethodInvocation.java:186)
	at org.springframework.aop.framework.CglibAopProxy$CglibMethodInvocation.proceed(CglibAopProxy.java:753)
	at org.springframework.aop.framework.CglibAopProxy$DynamicAdvisedInterceptor.intercept(CglibAopProxy.java:698)
	at org.opentesting.persistence.TestRepository$$EnhancerBySpringCGLIB$$f9e06ad5.select(<generated>)
	at org.opentesting.services.execution.TestAbstractHandler.getTest(TestAbstractHandler.java:76)
	at org.opentesting.services.execution.TestAbstractHandler$$FastClassBySpringCGLIB$$85d3e202.invoke(<generated>)
	at org.springframework.cglib.proxy.MethodProxy.invoke(MethodProxy.java:218)
	at org.springframework.aop.framework.CglibAopProxy$CglibMethodInvocation.invokeJoinpoint(CglibAopProxy.java:783)
	at org.springframework.aop.framework.ReflectiveMethodInvocation.proceed(ReflectiveMethodInvocation.java:163)
	at org.springframework.aop.framework.CglibAopProxy$CglibMethodInvocation.proceed(CglibAopProxy.java:753)
	at org.springframework.aop.aspectj.MethodInvocationProceedingJoinPoint.proceed(MethodInvocationProceedingJoinPoint.java:89)
	at org.opentesting.util.LogExecutionTimeImpl.logExecutionTime(LogExecutionTimeImpl.java:26)
	at jdk.internal.reflect.GeneratedMethodAccessor74.invoke(Unknown Source)
	at java.base/jdk.internal.reflect.DelegatingMethodAccessorImpl.invoke(DelegatingMethodAccessorImpl.java:43)
	at java.base/java.lang.reflect.Method.invoke(Method.java:566)
	at org.springframework.aop.aspectj.AbstractAspectJAdvice.invokeAdviceMethodWithGivenArgs(AbstractAspectJAdvice.java:634)
	at org.springframework.aop.aspectj.AbstractAspectJAdvice.invokeAdviceMethod(AbstractAspectJAdvice.java:624)
	at org.springframework.aop.aspectj.AspectJAroundAdvice.invoke(AspectJAroundAdvice.java:72)
	at org.springframework.aop.framework.ReflectiveMethodInvocation.proceed(ReflectiveMethodInvocation.java:175)
	at org.springframework.aop.framework.CglibAopProxy$CglibMethodInvocation.proceed(CglibAopProxy.java:753)
	at org.springframework.aop.interceptor.ExposeInvocationInterceptor.invoke(ExposeInvocationInterceptor.java:97)
	at org.springframework.aop.framework.ReflectiveMethodInvocation.proceed(ReflectiveMethodInvocation.java:186)
	at org.springframework.aop.framework.CglibAopProxy$CglibMethodInvocation.proceed(CglibAopProxy.java:753)
	at org.springframework.aop.framework.CglibAopProxy$DynamicAdvisedInterceptor.intercept(CglibAopProxy.java:698)
	at org.opentesting.services.execution.TestInjection$$EnhancerBySpringCGLIB$$4bdbab91.getTest(<generated>)
	at org.opentesting.services.scheduler.AsynTaskExec.getInject(AsynTaskExec.java:163)
	at org.opentesting.services.scheduler.AsynTaskExec.timerInject(AsynTaskExec.java:52)
	at org.opentesting.services.scheduler.AsynTaskExec$$FastClassBySpringCGLIB$$4d902e.invoke(<generated>)
	at org.springframework.cglib.proxy.MethodProxy.invoke(MethodProxy.java:218)
	at org.springframework.aop.framework.CglibAopProxy$CglibMethodInvocation.invokeJoinpoint(CglibAopProxy.java:783)
	at org.springframework.aop.framework.ReflectiveMethodInvocation.proceed(ReflectiveMethodInvocation.java:163)
	at org.springframework.aop.framework.CglibAopProxy$CglibMethodInvocation.proceed(CglibAopProxy.java:753)
	at org.springframework.aop.aspectj.MethodInvocationProceedingJoinPoint.proceed(MethodInvocationProceedingJoinPoint.java:89)
	at org.opentesting.util.LogExecutionTimeImpl.logExecutionTime(LogExecutionTimeImpl.java:26)
	at jdk.internal.reflect.GeneratedMethodAccessor74.invoke(Unknown Source)
	at java.base/jdk.internal.reflect.DelegatingMethodAccessorImpl.invoke(DelegatingMethodAccessorImpl.java:43)
	at java.base/java.lang.reflect.Method.invoke(Method.java:566)
	at org.springframework.aop.aspectj.AbstractAspectJAdvice.invokeAdviceMethodWithGivenArgs(AbstractAspectJAdvice.java:634)
	at org.springframework.aop.aspectj.AbstractAspectJAdvice.invokeAdviceMethod(AbstractAspectJAdvice.java:624)
	at org.springframework.aop.aspectj.AspectJAroundAdvice.invoke(AspectJAroundAdvice.java:72)
	at org.springframework.aop.framework.ReflectiveMethodInvocation.proceed(ReflectiveMethodInvocation.java:175)
	at org.springframework.aop.framework.CglibAopProxy$CglibMethodInvocation.proceed(CglibAopProxy.java:753)
	at org.springframework.aop.interceptor.ExposeInvocationInterceptor.invoke(ExposeInvocationInterceptor.java:97)
	at org.springframework.aop.framework.ReflectiveMethodInvocation.proceed(ReflectiveMethodInvocation.java:186)
	at org.springframework.aop.framework.CglibAopProxy$CglibMethodInvocation.proceed(CglibAopProxy.java:753)
	at org.springframework.aop.interceptor.AsyncExecutionInterceptor.lambda$invoke$0(AsyncExecutionInterceptor.java:115)
	at java.base/java.util.concurrent.FutureTask.run(FutureTask.java:264)
	at java.base/java.util.concurrent.ThreadPoolExecutor.runWorker(ThreadPoolExecutor.java:1128)
	at java.base/java.util.concurrent.ThreadPoolExecutor$Worker.run(ThreadPoolExecutor.java:628)
	at java.base/java.lang.Thread.run(Thread.java:829)
2021-12-20 09:55:00,029 INFO org.opentesting.services.scheduler.TimerFactory [main] Timer(s) 806e96d6-1e32-4d40-9789-4ab2d86d1cb5 created: 6
2021-12-20 09:55:00,042 INFO org.opentesting.services.scheduler.TimerFactory [main] Timer(s) efe38f49-63e6-4c9a-8260-8cc3e5894c93 created: 6
2021-12-20 09:55:00,106 INFO org.opentesting.services.prometheus.Prometheus [main] Prometheus Counter created: schedule#testid#_total#success#_total#labels#_total, actual size of the map: 0
2021-12-20 09:55:00,110 INFO org.opentesting.services.prometheus.Prometheus [main] Prometheus Counter created: schedule#testid#local_test_00001#success#_total#labels#|stage-all|department-mydepartment|function-myfunction|, actual size of the map: 1
2021-12-20 09:55:00,112 INFO org.opentesting.services.prometheus.Prometheus [main] Prometheus Counter created: schedule#testid#local_test_00001#success#true#labels#|stage-all|department-mydepartment|function-myfunction|, actual size of the map: 2
2021-12-20 09:55:00,116 INFO org.opentesting.services.rest.UploadController [main] ##### upload ##### test case local_test_00001 planned: Test scheduled - here's the time-to-live of your injects: inject-kafka-1=5d (2021-12-20T09:54:59.996923) inject-cassandra-1=5d (2021-12-20T09:55:00.030523) inject-rest-1=5d (2021-12-20T09:55:00.046676)
2021-12-20 09:55:00,122 INFO org.opentesting.services.rest.UploadController [main] ##### upload ##### file local_test_00002/source_kafka_1.txt stored: local_test_00002 - source_kafka_1.txt stored
2021-12-20 09:55:00,127 INFO org.opentesting.services.rest.UploadController [main] ##### upload ##### file local_test_00002/source_kafka_headers_1.json stored: local_test_00002 - source_kafka_headers_1.json stored
2021-12-20 09:55:00,131 INFO org.opentesting.services.rest.UploadController [main] ##### upload ##### file local_test_00002/check_kafka_1.txt stored: local_test_00002 - check_kafka_1.txt stored
2021-12-20 09:55:00,136 INFO org.opentesting.services.execution.TestScheduler [main] planing local_test_00002 with 1 injections and 1 checks
2021-12-20 09:55:00,139 INFO org.opentesting.services.adapter.kafka.OpenTestingKafkaConsumerFactory [main] kafka consumer already exists: localhost:9092#mytopic1#
2021-12-20 09:55:00,150 INFO org.opentesting.services.scheduler.TimerFactory [main] Timer(s) 4366f903-9984-440c-9bbb-c1520a13a6a0 created: 6
2021-12-20 09:55:00,167 INFO org.opentesting.services.prometheus.Prometheus [main] Prometheus Counter created: schedule#testid#local_test_00002#success#_total#labels#|stage-local|department-mydepartment|function-myfunction|, actual size of the map: 3
2021-12-20 09:55:00,168 INFO org.opentesting.services.prometheus.Prometheus [main] Prometheus Counter created: schedule#testid#local_test_00002#success#true#labels#|stage-local|department-mydepartment|function-myfunction|, actual size of the map: 4
2021-12-20 09:55:00,170 INFO org.opentesting.services.rest.UploadController [main] ##### upload ##### test case local_test_00002 planned: Test scheduled - here's the time-to-live of your injects: inject-kafka-1=5d (2021-12-20T09:55:00.151740)
2021-12-20 09:55:00,175 INFO org.opentesting.services.rest.UploadController [main] ##### upload ##### file local_test_00003/check_cassandra_2.json stored: local_test_00003 - check_cassandra_2.json stored
2021-12-20 09:55:00,181 INFO org.opentesting.services.rest.UploadController [main] ##### upload ##### file local_test_00003/source_cassandra_1.cql stored: local_test_00003 - source_cassandra_1.cql stored
2021-12-20 09:55:00,185 INFO org.opentesting.services.rest.UploadController [main] ##### upload ##### file local_test_00003/check_cassandra_param_1.cql stored: local_test_00003 - check_cassandra_param_1.cql stored
2021-12-20 09:55:00,189 INFO org.opentesting.services.rest.UploadController [main] ##### upload ##### file local_test_00003/check_cassandra_param_2.cql stored: local_test_00003 - check_cassandra_param_2.cql stored
2021-12-20 09:55:00,193 INFO org.opentesting.services.rest.UploadController [main] ##### upload ##### file local_test_00003/check_cassandra_1.json stored: local_test_00003 - check_cassandra_1.json stored
2021-12-20 09:55:00,197 INFO org.opentesting.services.execution.TestScheduler [main] planing local_test_00003 with 1 injections and 2 checks
2021-12-20 09:55:00,214 INFO org.opentesting.services.scheduler.TimerFactory [main] Timer(s) f29298d1-a18a-4ff4-a61a-b6e5c8f507e5 created: 6
2021-12-20 09:55:00,232 INFO org.opentesting.services.prometheus.Prometheus [main] Prometheus Counter created: schedule#testid#local_test_00003#success#_total#labels#|stage-local|department-mydepartment|function-myfunction|, actual size of the map: 5
2021-12-20 09:55:00,234 INFO org.opentesting.services.prometheus.Prometheus [main] Prometheus Counter created: schedule#testid#local_test_00003#success#true#labels#|stage-local|department-mydepartment|function-myfunction|, actual size of the map: 6
2021-12-20 09:55:00,242 INFO org.opentesting.services.rest.UploadController [main] ##### upload ##### test case local_test_00003 planned: Test scheduled - here's the time-to-live of your injects: inject-cassandra-1=5d (2021-12-20T09:55:00.215348)
2021-12-20 09:55:00,247 INFO org.opentesting.services.rest.UploadController [main] ##### upload ##### file local_test_00004/source_rest_headers_1.json stored: local_test_00004 - source_rest_headers_1.json stored
2021-12-20 09:55:00,252 INFO org.opentesting.services.rest.UploadController [main] ##### upload ##### file local_test_00004/check_rest_param1.json stored: local_test_00004 - check_rest_param1.json stored
2021-12-20 09:55:00,256 INFO org.opentesting.services.rest.UploadController [main] ##### upload ##### file local_test_00004/check_rest_2.json stored: local_test_00004 - check_rest_2.json stored
2021-12-20 09:55:00,265 INFO org.opentesting.services.rest.UploadController [main] ##### upload ##### file local_test_00004/check_rest_headers_1.json stored: local_test_00004 - check_rest_headers_1.json stored
2021-12-20 09:55:00,270 INFO org.opentesting.services.rest.UploadController [main] ##### upload ##### file local_test_00004/source_rest_1.json stored: local_test_00004 - source_rest_1.json stored
2021-12-20 09:55:00,277 INFO org.opentesting.services.rest.UploadController [main] ##### upload ##### file local_test_00004/check_rest_1.json stored: local_test_00004 - check_rest_1.json stored
2021-12-20 09:55:00,291 INFO org.opentesting.services.execution.TestScheduler [main] planing local_test_00004 with 2 injections and 2 checks
2021-12-20 09:55:00,305 INFO org.opentesting.services.scheduler.TimerFactory [main] Timer(s) d49e4683-7bcf-4e80-9f97-a511caf861e0 created: 2
2021-12-20 09:55:00,307 INFO org.opentesting.services.scheduler.TimerFactory [main] Timer(s) e551b441-583d-4fb1-a681-5a0992e1e723 created: 0
2021-12-20 09:55:00,331 INFO org.opentesting.services.prometheus.Prometheus [main] Prometheus Counter created: schedule#testid#local_test_00004#success#_total#labels#|stage-local|department-mydepartment|function-myfunction|, actual size of the map: 7
2021-12-20 09:55:00,334 INFO org.opentesting.services.prometheus.Prometheus [main] Prometheus Counter created: schedule#testid#local_test_00004#success#true#labels#|stage-local|department-mydepartment|function-myfunction|, actual size of the map: 8
2021-12-20 09:55:00,337 INFO org.opentesting.services.rest.UploadController [main] ##### upload ##### test case local_test_00004 planned: Test scheduled - here's the time-to-live of your injects: inject-rest-1=5d (2021-12-20T09:55:00.306686) inject-rest-2=5d (2021-12-20T09:55:00.311269)
2021-12-20 09:55:00,342 INFO org.opentesting.services.rest.UploadController [main] ##### upload ##### file local_test_00005/check_oracle_1.json stored: local_test_00005 - check_oracle_1.json stored
2021-12-20 09:55:00,356 INFO org.opentesting.services.rest.UploadController [main] ##### upload ##### file local_test_00005/check_oracle_param_1.sql stored: local_test_00005 - check_oracle_param_1.sql stored
2021-12-20 09:55:00,371 INFO org.opentesting.services.rest.UploadController [main] ##### upload ##### file local_test_00005/source_oracle_1.sql stored: local_test_00005 - source_oracle_1.sql stored
2021-12-20 09:55:00,402 INFO org.opentesting.services.execution.TestScheduler [main] planing local_test_00005 with 1 injections and 1 checks
2021-12-20 09:55:00,509 INFO org.opentesting.services.scheduler.TimerFactory [main] Timer(s) 2f27e4ca-b53e-45d9-b04a-856beada8e7d created: 6
2021-12-20 09:55:00,523 INFO org.opentesting.services.prometheus.Prometheus [main] Prometheus Counter created: schedule#testid#local_test_00005#success#_total#labels#|stage-local|department-mydepartment|function-myfunction|, actual size of the map: 9
2021-12-20 09:55:00,525 INFO org.opentesting.services.prometheus.Prometheus [main] Prometheus Counter created: schedule#testid#local_test_00005#success#true#labels#|stage-local|department-mydepartment|function-myfunction|, actual size of the map: 10
2021-12-20 09:55:00,526 INFO org.opentesting.services.rest.UploadController [main] ##### upload ##### test case local_test_00005 planned: Test scheduled - here's the time-to-live of your injects: inject-oracle-1=5d (2021-12-20T09:55:00.510536)
2021-12-20 09:55:00,530 INFO org.opentesting.services.rest.UploadController [main] ##### upload ##### file local_test_00006/check_postgresql_param_1.sql stored: local_test_00006 - check_postgresql_param_1.sql stored
2021-12-20 09:55:00,534 INFO org.opentesting.services.rest.UploadController [main] ##### upload ##### file local_test_00006/source_postgresql_1.sql stored: local_test_00006 - source_postgresql_1.sql stored
2021-12-20 09:55:00,545 INFO org.opentesting.services.rest.UploadController [main] ##### upload ##### file local_test_00006/check_postgresql_1.json stored: local_test_00006 - check_postgresql_1.json stored
2021-12-20 09:55:00,552 INFO org.opentesting.services.execution.TestScheduler [main] planing local_test_00006 with 1 injections and 1 checks
2021-12-20 09:55:00,572 INFO org.opentesting.services.scheduler.TimerFactory [main] Timer(s) 893fdc2f-4cbe-490d-8bda-200c11c6197d created: 6
2021-12-20 09:55:00,596 INFO org.opentesting.services.prometheus.Prometheus [main] Prometheus Counter created: schedule#testid#local_test_00006#success#_total#labels#|stage-local|department-mydepartment|function-myfunction|, actual size of the map: 11
2021-12-20 09:55:00,597 INFO org.opentesting.services.prometheus.Prometheus [main] Prometheus Counter created: schedule#testid#local_test_00006#success#true#labels#|stage-local|department-mydepartment|function-myfunction|, actual size of the map: 12
2021-12-20 09:55:00,599 INFO org.opentesting.services.rest.UploadController [main] ##### upload ##### test case local_test_00006 planned: Test scheduled - here's the time-to-live of your injects: inject-postgresql-1=5d (2021-12-20T09:55:00.573694)
2021-12-20 09:55:00,600 INFO org.opentesting.RestTests [main] ##### testUploadTestCases done #####
2021-12-20 09:55:00,657 WARN org.opentesting.services.rest.ReportingController [main] test not found: 1, 1
org.opentesting.util.exceptions.NotFoundException: value not found: 1, 1
	at org.opentesting.persistence.KeyValueRepository.select(KeyValueRepository.java:68)
	at org.opentesting.persistence.KeyValueRepository$$FastClassBySpringCGLIB$$88b486bd.invoke(<generated>)
	at org.springframework.cglib.proxy.MethodProxy.invoke(MethodProxy.java:218)
	at org.springframework.aop.framework.CglibAopProxy$CglibMethodInvocation.invokeJoinpoint(CglibAopProxy.java:783)
	at org.springframework.aop.framework.ReflectiveMethodInvocation.proceed(ReflectiveMethodInvocation.java:163)
	at org.springframework.aop.framework.CglibAopProxy$CglibMethodInvocation.proceed(CglibAopProxy.java:753)
	at org.springframework.aop.aspectj.MethodInvocationProceedingJoinPoint.proceed(MethodInvocationProceedingJoinPoint.java:89)
	at org.opentesting.util.LogExecutionTimeImpl.logExecutionTime(LogExecutionTimeImpl.java:26)
	at jdk.internal.reflect.GeneratedMethodAccessor74.invoke(Unknown Source)
	at java.base/jdk.internal.reflect.DelegatingMethodAccessorImpl.invoke(DelegatingMethodAccessorImpl.java:43)
	at java.base/java.lang.reflect.Method.invoke(Method.java:566)
	at org.springframework.aop.aspectj.AbstractAspectJAdvice.invokeAdviceMethodWithGivenArgs(AbstractAspectJAdvice.java:634)
	at org.springframework.aop.aspectj.AbstractAspectJAdvice.invokeAdviceMethod(AbstractAspectJAdvice.java:624)
	at org.springframework.aop.aspectj.AspectJAroundAdvice.invoke(AspectJAroundAdvice.java:72)
	at org.springframework.aop.framework.ReflectiveMethodInvocation.proceed(ReflectiveMethodInvocation.java:175)
	at org.springframework.aop.framework.CglibAopProxy$CglibMethodInvocation.proceed(CglibAopProxy.java:753)
	at org.springframework.aop.interceptor.ExposeInvocationInterceptor.invoke(ExposeInvocationInterceptor.java:97)
	at org.springframework.aop.framework.ReflectiveMethodInvocation.proceed(ReflectiveMethodInvocation.java:186)
	at org.springframework.aop.framework.CglibAopProxy$CglibMethodInvocation.proceed(CglibAopProxy.java:753)
	at org.springframework.aop.framework.CglibAopProxy$DynamicAdvisedInterceptor.intercept(CglibAopProxy.java:698)
	at org.opentesting.persistence.KeyValueRepository$$EnhancerBySpringCGLIB$$81f8e95.select(<generated>)
	at org.opentesting.services.execution.TestAbstractHandler.getFile(TestAbstractHandler.java:56)
	at org.opentesting.services.execution.TestAbstractHandler$$FastClassBySpringCGLIB$$85d3e202.invoke(<generated>)
	at org.springframework.cglib.proxy.MethodProxy.invoke(MethodProxy.java:218)
	at org.springframework.aop.framework.CglibAopProxy$CglibMethodInvocation.invokeJoinpoint(CglibAopProxy.java:783)
	at org.springframework.aop.framework.ReflectiveMethodInvocation.proceed(ReflectiveMethodInvocation.java:163)
	at org.springframework.aop.framework.CglibAopProxy$CglibMethodInvocation.proceed(CglibAopProxy.java:753)
	at org.springframework.aop.aspectj.MethodInvocationProceedingJoinPoint.proceed(MethodInvocationProceedingJoinPoint.java:89)
	at org.opentesting.util.LogExecutionTimeImpl.logExecutionTime(LogExecutionTimeImpl.java:26)
	at jdk.internal.reflect.GeneratedMethodAccessor74.invoke(Unknown Source)
	at java.base/jdk.internal.reflect.DelegatingMethodAccessorImpl.invoke(DelegatingMethodAccessorImpl.java:43)
	at java.base/java.lang.reflect.Method.invoke(Method.java:566)
	at org.springframework.aop.aspectj.AbstractAspectJAdvice.invokeAdviceMethodWithGivenArgs(AbstractAspectJAdvice.java:634)
	at org.springframework.aop.aspectj.AbstractAspectJAdvice.invokeAdviceMethod(AbstractAspectJAdvice.java:624)
	at org.springframework.aop.aspectj.AspectJAroundAdvice.invoke(AspectJAroundAdvice.java:72)
	at org.springframework.aop.framework.ReflectiveMethodInvocation.proceed(ReflectiveMethodInvocation.java:175)
	at org.springframework.aop.framework.CglibAopProxy$CglibMethodInvocation.proceed(CglibAopProxy.java:753)
	at org.springframework.aop.interceptor.ExposeInvocationInterceptor.invoke(ExposeInvocationInterceptor.java:97)
	at org.springframework.aop.framework.ReflectiveMethodInvocation.proceed(ReflectiveMethodInvocation.java:186)
	at org.springframework.aop.framework.CglibAopProxy$CglibMethodInvocation.proceed(CglibAopProxy.java:753)
	at org.springframework.aop.framework.CglibAopProxy$DynamicAdvisedInterceptor.intercept(CglibAopProxy.java:698)
	at org.opentesting.services.execution.TestReporting$$EnhancerBySpringCGLIB$$a80ae1f6.getFile(<generated>)
	at org.opentesting.services.rest.ReportingController.getFile(ReportingController.java:90)
	at org.opentesting.RestTests.testReportingGetFile(RestTests.java:78)
	at java.base/jdk.internal.reflect.NativeMethodAccessorImpl.invoke0(Native Method)
	at java.base/jdk.internal.reflect.NativeMethodAccessorImpl.invoke(NativeMethodAccessorImpl.java:62)
	at java.base/jdk.internal.reflect.DelegatingMethodAccessorImpl.invoke(DelegatingMethodAccessorImpl.java:43)
	at java.base/java.lang.reflect.Method.invoke(Method.java:566)
	at org.junit.platform.commons.util.ReflectionUtils.invokeMethod(ReflectionUtils.java:688)
	at org.junit.jupiter.engine.execution.MethodInvocation.proceed(MethodInvocation.java:60)
	at org.junit.jupiter.engine.execution.InvocationInterceptorChain$ValidatingInvocation.proceed(InvocationInterceptorChain.java:131)
	at org.junit.jupiter.engine.extension.TimeoutExtension.intercept(TimeoutExtension.java:149)
	at org.junit.jupiter.engine.extension.TimeoutExtension.interceptTestableMethod(TimeoutExtension.java:140)
	at org.junit.jupiter.engine.extension.TimeoutExtension.interceptTestMethod(TimeoutExtension.java:84)
	at org.junit.jupiter.engine.execution.ExecutableInvoker$ReflectiveInterceptorCall.lambda$ofVoidMethod$0(ExecutableInvoker.java:115)
	at org.junit.jupiter.engine.execution.ExecutableInvoker.lambda$invoke$0(ExecutableInvoker.java:105)
	at org.junit.jupiter.engine.execution.InvocationInterceptorChain$InterceptedInvocation.proceed(InvocationInterceptorChain.java:106)
	at org.junit.jupiter.engine.execution.InvocationInterceptorChain.proceed(InvocationInterceptorChain.java:64)
	at org.junit.jupiter.engine.execution.InvocationInterceptorChain.chainAndInvoke(InvocationInterceptorChain.java:45)
	at org.junit.jupiter.engine.execution.InvocationInterceptorChain.invoke(InvocationInterceptorChain.java:37)
	at org.junit.jupiter.engine.execution.ExecutableInvoker.invoke(ExecutableInvoker.java:104)
	at org.junit.jupiter.engine.execution.ExecutableInvoker.invoke(ExecutableInvoker.java:98)
	at org.junit.jupiter.engine.descriptor.TestMethodTestDescriptor.lambda$invokeTestMethod$6(TestMethodTestDescriptor.java:210)
	at org.junit.platform.engine.support.hierarchical.ThrowableCollector.execute(ThrowableCollector.java:73)
	at org.junit.jupiter.engine.descriptor.TestMethodTestDescriptor.invokeTestMethod(TestMethodTestDescriptor.java:206)
	at org.junit.jupiter.engine.descriptor.TestMethodTestDescriptor.execute(TestMethodTestDescriptor.java:131)
	at org.junit.jupiter.engine.descriptor.TestMethodTestDescriptor.execute(TestMethodTestDescriptor.java:65)
	at org.junit.platform.engine.support.hierarchical.NodeTestTask.lambda$executeRecursively$5(NodeTestTask.java:139)
	at org.junit.platform.engine.support.hierarchical.ThrowableCollector.execute(ThrowableCollector.java:73)
	at org.junit.platform.engine.support.hierarchical.NodeTestTask.lambda$executeRecursively$7(NodeTestTask.java:129)
	at org.junit.platform.engine.support.hierarchical.Node.around(Node.java:137)
	at org.junit.platform.engine.support.hierarchical.NodeTestTask.lambda$executeRecursively$8(NodeTestTask.java:127)
	at org.junit.platform.engine.support.hierarchical.ThrowableCollector.execute(ThrowableCollector.java:73)
	at org.junit.platform.engine.support.hierarchical.NodeTestTask.executeRecursively(NodeTestTask.java:126)
	at org.junit.platform.engine.support.hierarchical.NodeTestTask.execute(NodeTestTask.java:84)
	at java.base/java.util.ArrayList.forEach(ArrayList.java:1541)
	at org.junit.platform.engine.support.hierarchical.SameThreadHierarchicalTestExecutorService.invokeAll(SameThreadHierarchicalTestExecutorService.java:38)
	at org.junit.platform.engine.support.hierarchical.NodeTestTask.lambda$executeRecursively$5(NodeTestTask.java:143)
	at org.junit.platform.engine.support.hierarchical.ThrowableCollector.execute(ThrowableCollector.java:73)
	at org.junit.platform.engine.support.hierarchical.NodeTestTask.lambda$executeRecursively$7(NodeTestTask.java:129)
	at org.junit.platform.engine.support.hierarchical.Node.around(Node.java:137)
	at org.junit.platform.engine.support.hierarchical.NodeTestTask.lambda$executeRecursively$8(NodeTestTask.java:127)
	at org.junit.platform.engine.support.hierarchical.ThrowableCollector.execute(ThrowableCollector.java:73)
	at org.junit.platform.engine.support.hierarchical.NodeTestTask.executeRecursively(NodeTestTask.java:126)
	at org.junit.platform.engine.support.hierarchical.NodeTestTask.execute(NodeTestTask.java:84)
	at java.base/java.util.ArrayList.forEach(ArrayList.java:1541)
	at org.junit.platform.engine.support.hierarchical.SameThreadHierarchicalTestExecutorService.invokeAll(SameThreadHierarchicalTestExecutorService.java:38)
	at org.junit.platform.engine.support.hierarchical.NodeTestTask.lambda$executeRecursively$5(NodeTestTask.java:143)
	at org.junit.platform.engine.support.hierarchical.ThrowableCollector.execute(ThrowableCollector.java:73)
	at org.junit.platform.engine.support.hierarchical.NodeTestTask.lambda$executeRecursively$7(NodeTestTask.java:129)
	at org.junit.platform.engine.support.hierarchical.Node.around(Node.java:137)
	at org.junit.platform.engine.support.hierarchical.NodeTestTask.lambda$executeRecursively$8(NodeTestTask.java:127)
	at org.junit.platform.engine.support.hierarchical.ThrowableCollector.execute(ThrowableCollector.java:73)
	at org.junit.platform.engine.support.hierarchical.NodeTestTask.executeRecursively(NodeTestTask.java:126)
	at org.junit.platform.engine.support.hierarchical.NodeTestTask.execute(NodeTestTask.java:84)
	at org.junit.platform.engine.support.hierarchical.SameThreadHierarchicalTestExecutorService.submit(SameThreadHierarchicalTestExecutorService.java:32)
	at org.junit.platform.engine.support.hierarchical.HierarchicalTestExecutor.execute(HierarchicalTestExecutor.java:57)
	at org.junit.platform.engine.support.hierarchical.HierarchicalTestEngine.execute(HierarchicalTestEngine.java:51)
	at org.junit.platform.launcher.core.DefaultLauncher.execute(DefaultLauncher.java:220)
	at org.junit.platform.launcher.core.DefaultLauncher.lambda$execute$6(DefaultLauncher.java:188)
	at org.junit.platform.launcher.core.DefaultLauncher.withInterceptedStreams(DefaultLauncher.java:202)
	at org.junit.platform.launcher.core.DefaultLauncher.execute(DefaultLauncher.java:181)
	at org.junit.platform.launcher.core.DefaultLauncher.execute(DefaultLauncher.java:128)
	at org.apache.maven.surefire.junitplatform.JUnitPlatformProvider.invokeAllTests(JUnitPlatformProvider.java:150)
	at org.apache.maven.surefire.junitplatform.JUnitPlatformProvider.invoke(JUnitPlatformProvider.java:124)
	at org.apache.maven.surefire.booter.ForkedBooter.invokeProviderInSameClassLoader(ForkedBooter.java:384)
	at org.apache.maven.surefire.booter.ForkedBooter.runSuitesInProcess(ForkedBooter.java:345)
	at org.apache.maven.surefire.booter.ForkedBooter.execute(ForkedBooter.java:126)
	at org.apache.maven.surefire.booter.ForkedBooter.main(ForkedBooter.java:418)
2021-12-20 09:55:00,663 INFO org.opentesting.RestTests [main] ##### testReportingGetFile done #####
2021-12-20 09:55:00,701 INFO org.opentesting.RestTests [main] ##### testReportingSearch done #####
2021-12-20 09:55:00,731 INFO org.springframework.test.context.support.AbstractTestContextBootstrapper [main] Neither @ContextConfiguration nor @ContextHierarchy found for test class [org.opentesting.BackendTests], using SpringBootContextLoader
2021-12-20 09:55:00,736 INFO org.springframework.test.context.support.AbstractContextLoader [main] Could not detect default resource locations for test class [org.opentesting.BackendTests]: no resource found for suffixes {-context.xml, Context.groovy}.
2021-12-20 09:55:00,738 INFO org.springframework.test.context.support.AnnotationConfigContextLoaderUtils [main] Could not detect default configuration classes for test class [org.opentesting.BackendTests]: BackendTests does not declare any static, non-private, non-final, nested classes annotated with @Configuration.
2021-12-20 09:55:00,745 INFO org.springframework.boot.test.context.SpringBootTestContextBootstrapper [main] Found @SpringBootConfiguration org.opentesting.OpenTestingApplication for test class org.opentesting.BackendTests
2021-12-20 09:55:00,752 INFO org.springframework.test.context.support.AbstractTestContextBootstrapper [main] Loaded default TestExecutionListener class names from location [META-INF/spring.factories]: [org.springframework.boot.test.mock.mockito.MockitoTestExecutionListener, org.springframework.boot.test.mock.mockito.ResetMocksTestExecutionListener, org.springframework.boot.test.autoconfigure.restdocs.RestDocsTestExecutionListener, org.springframework.boot.test.autoconfigure.web.client.MockRestServiceServerResetTestExecutionListener, org.springframework.boot.test.autoconfigure.web.servlet.MockMvcPrintOnlyOnFailureTestExecutionListener, org.springframework.boot.test.autoconfigure.web.servlet.WebDriverTestExecutionListener, org.springframework.boot.test.autoconfigure.webservices.client.MockWebServiceServerTestExecutionListener, org.springframework.test.context.web.ServletTestExecutionListener, org.springframework.test.context.support.DirtiesContextBeforeModesTestExecutionListener, org.springframework.test.context.event.ApplicationEventsTestExecutionListener, org.springframework.test.context.support.DependencyInjectionTestExecutionListener, org.springframework.test.context.support.DirtiesContextTestExecutionListener, org.springframework.test.context.transaction.TransactionalTestExecutionListener, org.springframework.test.context.jdbc.SqlScriptsTestExecutionListener, org.springframework.test.context.event.EventPublishingTestExecutionListener]
2021-12-20 09:55:00,758 INFO org.springframework.test.context.support.AbstractTestContextBootstrapper [main] Using TestExecutionListeners: [org.springframework.test.context.web.ServletTestExecutionListener@3ed7fc6f, org.springframework.test.context.support.DirtiesContextBeforeModesTestExecutionListener@1db4ea47, org.springframework.test.context.event.ApplicationEventsTestExecutionListener@6259f18e, org.springframework.boot.test.mock.mockito.MockitoTestExecutionListener@3abe8714, org.springframework.boot.test.autoconfigure.SpringBootDependencyInjectionTestExecutionListener@3b0b20a8, org.springframework.test.context.support.DirtiesContextTestExecutionListener@1d7135c, org.springframework.test.context.transaction.TransactionalTestExecutionListener@2c2f4769, org.springframework.test.context.jdbc.SqlScriptsTestExecutionListener@62e7e3df, org.springframework.test.context.event.EventPublishingTestExecutionListener@8b814b, org.springframework.boot.test.mock.mockito.ResetMocksTestExecutionListener@397f3ff5, org.springframework.boot.test.autoconfigure.restdocs.RestDocsTestExecutionListener@6f3d33bc, org.springframework.boot.test.autoconfigure.web.client.MockRestServiceServerResetTestExecutionListener@3299cc9f, org.springframework.boot.test.autoconfigure.web.servlet.MockMvcPrintOnlyOnFailureTestExecutionListener@6e44825e, org.springframework.boot.test.autoconfigure.web.servlet.WebDriverTestExecutionListener@2e8488f4, org.springframework.boot.test.autoconfigure.webservices.client.MockWebServiceServerTestExecutionListener@2822ee4b]
2021-12-20 09:55:00,824 INFO org.opentesting.BackendTests [main] {"injectid":"inject1","cron":["10 * * * * * ?"],"service":{"type":"kafka","connectstring":"kafka-broker","username":"user","password":"password","custom":[{"key":"topic","value":"mytopic","version":"TestCaseCustomParameterDTOapi1_0"}],"version":"TestCaseServiceDTOapi1_0"},"timetolive":"1d","sourcefile":"source.json","checks":["check1"],"replacements":[{"key":"#hallo#","value":[{"order":1,"type":"list","value":"aaaa|bbbb","param":"","version":"TestCaseReplacementValueDTOapi1_0"}],"maxlength":3,"version":"TestCaseReplacementDTOapi1_0"}],"active":true,"result2random":[],"timerid":"12345","injectinstanceid":"12345_-2012356559","schedulets":"2021-12-20T09:55:00.780703","randomdata":{"randomdata":{}},"bulkid":"bulkid","traceid":"traceid","version":"TestCaseInjectionDTOapi1_0"}
2021-12-20 09:55:00,829 INFO org.opentesting.BackendTests [main] ##### testTestCaseInjectionRepo done #####
2021-12-20 09:55:00,885 INFO org.opentesting.BackendTests [main] ##### testTestCaseCheckRepo done #####
2021-12-20 09:55:00,917 INFO org.opentesting.BackendTests [main] ##### testTestCaseRepo done #####
2021-12-20 09:55:00,948 INFO org.opentesting.BackendTests [main] ##### testTestCaseFileRepo done #####
2021-12-20 09:55:00,962 INFO org.springframework.test.context.support.AbstractTestContextBootstrapper [main] Neither @ContextConfiguration nor @ContextHierarchy found for test class [org.opentesting.PauseTests], using SpringBootContextLoader
2021-12-20 09:55:00,966 INFO org.springframework.test.context.support.AbstractContextLoader [main] Could not detect default resource locations for test class [org.opentesting.PauseTests]: no resource found for suffixes {-context.xml, Context.groovy}.
2021-12-20 09:55:00,967 INFO org.springframework.test.context.support.AnnotationConfigContextLoaderUtils [main] Could not detect default configuration classes for test class [org.opentesting.PauseTests]: PauseTests does not declare any static, non-private, non-final, nested classes annotated with @Configuration.
2021-12-20 09:55:00,971 INFO org.springframework.boot.test.context.SpringBootTestContextBootstrapper [main] Found @SpringBootConfiguration org.opentesting.OpenTestingApplication for test class org.opentesting.PauseTests
2021-12-20 09:55:00,978 INFO org.springframework.test.context.support.AbstractTestContextBootstrapper [main] Loaded default TestExecutionListener class names from location [META-INF/spring.factories]: [org.springframework.boot.test.mock.mockito.MockitoTestExecutionListener, org.springframework.boot.test.mock.mockito.ResetMocksTestExecutionListener, org.springframework.boot.test.autoconfigure.restdocs.RestDocsTestExecutionListener, org.springframework.boot.test.autoconfigure.web.client.MockRestServiceServerResetTestExecutionListener, org.springframework.boot.test.autoconfigure.web.servlet.MockMvcPrintOnlyOnFailureTestExecutionListener, org.springframework.boot.test.autoconfigure.web.servlet.WebDriverTestExecutionListener, org.springframework.boot.test.autoconfigure.webservices.client.MockWebServiceServerTestExecutionListener, org.springframework.test.context.web.ServletTestExecutionListener, org.springframework.test.context.support.DirtiesContextBeforeModesTestExecutionListener, org.springframework.test.context.event.ApplicationEventsTestExecutionListener, org.springframework.test.context.support.DependencyInjectionTestExecutionListener, org.springframework.test.context.support.DirtiesContextTestExecutionListener, org.springframework.test.context.transaction.TransactionalTestExecutionListener, org.springframework.test.context.jdbc.SqlScriptsTestExecutionListener, org.springframework.test.context.event.EventPublishingTestExecutionListener]
2021-12-20 09:55:00,980 INFO org.springframework.test.context.support.AbstractTestContextBootstrapper [main] Using TestExecutionListeners: [org.springframework.test.context.web.ServletTestExecutionListener@24a38ef3, org.springframework.test.context.support.DirtiesContextBeforeModesTestExecutionListener@4af32714, org.springframework.test.context.event.ApplicationEventsTestExecutionListener@74efc394, org.springframework.boot.test.mock.mockito.MockitoTestExecutionListener@794fbf0d, org.springframework.boot.test.autoconfigure.SpringBootDependencyInjectionTestExecutionListener@41a372c1, org.springframework.test.context.support.DirtiesContextTestExecutionListener@12bb3666, org.springframework.test.context.transaction.TransactionalTestExecutionListener@18c2b4c6, org.springframework.test.context.jdbc.SqlScriptsTestExecutionListener@1c71d704, org.springframework.test.context.event.EventPublishingTestExecutionListener@461e9b31, org.springframework.boot.test.mock.mockito.ResetMocksTestExecutionListener@d5d9d92, org.springframework.boot.test.autoconfigure.restdocs.RestDocsTestExecutionListener@347c7b, org.springframework.boot.test.autoconfigure.web.client.MockRestServiceServerResetTestExecutionListener@126f428e, org.springframework.boot.test.autoconfigure.web.servlet.MockMvcPrintOnlyOnFailureTestExecutionListener@201a84e1, org.springframework.boot.test.autoconfigure.web.servlet.WebDriverTestExecutionListener@414a3c7d, org.springframework.boot.test.autoconfigure.webservices.client.MockWebServiceServerTestExecutionListener@623e578b]
2021-12-20 09:55:01,015 WARN org.opentesting.services.pause.Pause [main] junit pause test
2021-12-20 09:55:01,017 WARN org.opentesting.services.pause.Pause [main] junit pause test
2021-12-20 09:55:01,038 INFO org.springframework.test.context.support.AbstractTestContextBootstrapper [main] Neither @ContextConfiguration nor @ContextHierarchy found for test class [org.opentesting.PrometheusTests], using SpringBootContextLoader
2021-12-20 09:55:01,042 INFO org.springframework.test.context.support.AbstractContextLoader [main] Could not detect default resource locations for test class [org.opentesting.PrometheusTests]: no resource found for suffixes {-context.xml, Context.groovy}.
2021-12-20 09:55:01,043 INFO org.springframework.test.context.support.AnnotationConfigContextLoaderUtils [main] Could not detect default configuration classes for test class [org.opentesting.PrometheusTests]: PrometheusTests does not declare any static, non-private, non-final, nested classes annotated with @Configuration.
2021-12-20 09:55:01,046 INFO org.springframework.boot.test.context.SpringBootTestContextBootstrapper [main] Found @SpringBootConfiguration org.opentesting.OpenTestingApplication for test class org.opentesting.PrometheusTests
2021-12-20 09:55:01,059 INFO org.springframework.test.context.support.AbstractTestContextBootstrapper [main] Loaded default TestExecutionListener class names from location [META-INF/spring.factories]: [org.springframework.boot.test.mock.mockito.MockitoTestExecutionListener, org.springframework.boot.test.mock.mockito.ResetMocksTestExecutionListener, org.springframework.boot.test.autoconfigure.restdocs.RestDocsTestExecutionListener, org.springframework.boot.test.autoconfigure.web.client.MockRestServiceServerResetTestExecutionListener, org.springframework.boot.test.autoconfigure.web.servlet.MockMvcPrintOnlyOnFailureTestExecutionListener, org.springframework.boot.test.autoconfigure.web.servlet.WebDriverTestExecutionListener, org.springframework.boot.test.autoconfigure.webservices.client.MockWebServiceServerTestExecutionListener, org.springframework.test.context.web.ServletTestExecutionListener, org.springframework.test.context.support.DirtiesContextBeforeModesTestExecutionListener, org.springframework.test.context.event.ApplicationEventsTestExecutionListener, org.springframework.test.context.support.DependencyInjectionTestExecutionListener, org.springframework.test.context.support.DirtiesContextTestExecutionListener, org.springframework.test.context.transaction.TransactionalTestExecutionListener, org.springframework.test.context.jdbc.SqlScriptsTestExecutionListener, org.springframework.test.context.event.EventPublishingTestExecutionListener]
2021-12-20 09:55:01,064 INFO org.springframework.test.context.support.AbstractTestContextBootstrapper [main] Using TestExecutionListeners: [org.springframework.test.context.web.ServletTestExecutionListener@7e4f5062, org.springframework.test.context.support.DirtiesContextBeforeModesTestExecutionListener@1c93f349, org.springframework.test.context.event.ApplicationEventsTestExecutionListener@473ee461, org.springframework.boot.test.mock.mockito.MockitoTestExecutionListener@47620803, org.springframework.boot.test.autoconfigure.SpringBootDependencyInjectionTestExecutionListener@43aa9ccd, org.springframework.test.context.support.DirtiesContextTestExecutionListener@40a0364a, org.springframework.test.context.transaction.TransactionalTestExecutionListener@708ddfd3, org.springframework.test.context.jdbc.SqlScriptsTestExecutionListener@2778f3d1, org.springframework.test.context.event.EventPublishingTestExecutionListener@30a34f07, org.springframework.boot.test.mock.mockito.ResetMocksTestExecutionListener@71702d3f, org.springframework.boot.test.autoconfigure.restdocs.RestDocsTestExecutionListener@6f9d1785, org.springframework.boot.test.autoconfigure.web.client.MockRestServiceServerResetTestExecutionListener@f9b97dc, org.springframework.boot.test.autoconfigure.web.servlet.MockMvcPrintOnlyOnFailureTestExecutionListener@25ea3a5f, org.springframework.boot.test.autoconfigure.web.servlet.WebDriverTestExecutionListener@5503e208, org.springframework.boot.test.autoconfigure.webservices.client.MockWebServiceServerTestExecutionListener@5225f612]
2021-12-20 09:55:01,093 ERROR org.opentesting.services.scheduler.AsynTaskExec [task-3] E2EInjectTask execution failed: local_test_00001 - inject-cassandra-1 - 806e96d6-1e32-4d40-9789-4ab2d86d1cb5
org.opentesting.util.exceptions.NotFoundException: value not found: local_test_00001, internal_testcase_randomdata_store_5418959620_inject-kafka-1.json
	at org.opentesting.persistence.KeyValueRepository.select(KeyValueRepository.java:68)
	at org.opentesting.persistence.KeyValueRepository$$FastClassBySpringCGLIB$$88b486bd.invoke(<generated>)
	at org.springframework.cglib.proxy.MethodProxy.invoke(MethodProxy.java:218)
	at org.springframework.aop.framework.CglibAopProxy$CglibMethodInvocation.invokeJoinpoint(CglibAopProxy.java:783)
	at org.springframework.aop.framework.ReflectiveMethodInvocation.proceed(ReflectiveMethodInvocation.java:163)
	at org.springframework.aop.framework.CglibAopProxy$CglibMethodInvocation.proceed(CglibAopProxy.java:753)
	at org.springframework.aop.aspectj.MethodInvocationProceedingJoinPoint.proceed(MethodInvocationProceedingJoinPoint.java:89)
	at org.opentesting.util.LogExecutionTimeImpl.logExecutionTime(LogExecutionTimeImpl.java:26)
	at jdk.internal.reflect.GeneratedMethodAccessor74.invoke(Unknown Source)
	at java.base/jdk.internal.reflect.DelegatingMethodAccessorImpl.invoke(DelegatingMethodAccessorImpl.java:43)
	at java.base/java.lang.reflect.Method.invoke(Method.java:566)
	at org.springframework.aop.aspectj.AbstractAspectJAdvice.invokeAdviceMethodWithGivenArgs(AbstractAspectJAdvice.java:634)
	at org.springframework.aop.aspectj.AbstractAspectJAdvice.invokeAdviceMethod(AbstractAspectJAdvice.java:624)
	at org.springframework.aop.aspectj.AspectJAroundAdvice.invoke(AspectJAroundAdvice.java:72)
	at org.springframework.aop.framework.ReflectiveMethodInvocation.proceed(ReflectiveMethodInvocation.java:175)
	at org.springframework.aop.framework.CglibAopProxy$CglibMethodInvocation.proceed(CglibAopProxy.java:753)
	at org.springframework.aop.interceptor.ExposeInvocationInterceptor.invoke(ExposeInvocationInterceptor.java:97)
	at org.springframework.aop.framework.ReflectiveMethodInvocation.proceed(ReflectiveMethodInvocation.java:186)
	at org.springframework.aop.framework.CglibAopProxy$CglibMethodInvocation.proceed(CglibAopProxy.java:753)
	at org.springframework.aop.framework.CglibAopProxy$DynamicAdvisedInterceptor.intercept(CglibAopProxy.java:698)
	at org.opentesting.persistence.KeyValueRepository$$EnhancerBySpringCGLIB$$81f8e95.select(<generated>)
	at org.opentesting.services.execution.TestAbstractHandler.getFile(TestAbstractHandler.java:56)
	at org.opentesting.services.random.RandomData.generateValue(RandomData.java:87)
	at org.opentesting.services.random.RandomData.getRandomData(RandomData.java:56)
	at org.opentesting.services.random.RandomData$$FastClassBySpringCGLIB$$c820f45a.invoke(<generated>)
	at org.springframework.cglib.proxy.MethodProxy.invoke(MethodProxy.java:218)
	at org.springframework.aop.framework.CglibAopProxy$CglibMethodInvocation.invokeJoinpoint(CglibAopProxy.java:783)
	at org.springframework.aop.framework.ReflectiveMethodInvocation.proceed(ReflectiveMethodInvocation.java:163)
	at org.springframework.aop.framework.CglibAopProxy$CglibMethodInvocation.proceed(CglibAopProxy.java:753)
	at org.springframework.aop.aspectj.MethodInvocationProceedingJoinPoint.proceed(MethodInvocationProceedingJoinPoint.java:89)
	at org.opentesting.util.LogExecutionTimeImpl.logExecutionTime(LogExecutionTimeImpl.java:26)
	at jdk.internal.reflect.GeneratedMethodAccessor74.invoke(Unknown Source)
	at java.base/jdk.internal.reflect.DelegatingMethodAccessorImpl.invoke(DelegatingMethodAccessorImpl.java:43)
	at java.base/java.lang.reflect.Method.invoke(Method.java:566)
	at org.springframework.aop.aspectj.AbstractAspectJAdvice.invokeAdviceMethodWithGivenArgs(AbstractAspectJAdvice.java:634)
	at org.springframework.aop.aspectj.AbstractAspectJAdvice.invokeAdviceMethod(AbstractAspectJAdvice.java:624)
	at org.springframework.aop.aspectj.AspectJAroundAdvice.invoke(AspectJAroundAdvice.java:72)
	at org.springframework.aop.framework.ReflectiveMethodInvocation.proceed(ReflectiveMethodInvocation.java:175)
	at org.springframework.aop.framework.CglibAopProxy$CglibMethodInvocation.proceed(CglibAopProxy.java:753)
	at org.springframework.aop.interceptor.ExposeInvocationInterceptor.invoke(ExposeInvocationInterceptor.java:97)
	at org.springframework.aop.framework.ReflectiveMethodInvocation.proceed(ReflectiveMethodInvocation.java:186)
	at org.springframework.aop.framework.CglibAopProxy$CglibMethodInvocation.proceed(CglibAopProxy.java:753)
	at org.springframework.aop.framework.CglibAopProxy$DynamicAdvisedInterceptor.intercept(CglibAopProxy.java:698)
	at org.opentesting.services.random.RandomData$$EnhancerBySpringCGLIB$$973c18c.getRandomData(<generated>)
	at org.opentesting.services.execution.TestInjection.executeInject(TestInjection.java:80)
	at org.opentesting.services.execution.TestInjection$$FastClassBySpringCGLIB$$efcb1991.invoke(<generated>)
	at org.springframework.cglib.proxy.MethodProxy.invoke(MethodProxy.java:218)
	at org.springframework.aop.framework.CglibAopProxy$CglibMethodInvocation.invokeJoinpoint(CglibAopProxy.java:783)
	at org.springframework.aop.framework.ReflectiveMethodInvocation.proceed(ReflectiveMethodInvocation.java:163)
	at org.springframework.aop.framework.CglibAopProxy$CglibMethodInvocation.proceed(CglibAopProxy.java:753)
	at org.springframework.aop.aspectj.MethodInvocationProceedingJoinPoint.proceed(MethodInvocationProceedingJoinPoint.java:89)
	at org.opentesting.util.LogExecutionTimeImpl.logExecutionTime(LogExecutionTimeImpl.java:26)
	at jdk.internal.reflect.GeneratedMethodAccessor74.invoke(Unknown Source)
	at java.base/jdk.internal.reflect.DelegatingMethodAccessorImpl.invoke(DelegatingMethodAccessorImpl.java:43)
	at java.base/java.lang.reflect.Method.invoke(Method.java:566)
	at org.springframework.aop.aspectj.AbstractAspectJAdvice.invokeAdviceMethodWithGivenArgs(AbstractAspectJAdvice.java:634)
	at org.springframework.aop.aspectj.AbstractAspectJAdvice.invokeAdviceMethod(AbstractAspectJAdvice.java:624)
	at org.springframework.aop.aspectj.AspectJAroundAdvice.invoke(AspectJAroundAdvice.java:72)
	at org.springframework.aop.framework.ReflectiveMethodInvocation.proceed(ReflectiveMethodInvocation.java:175)
	at org.springframework.aop.framework.CglibAopProxy$CglibMethodInvocation.proceed(CglibAopProxy.java:753)
	at org.springframework.aop.interceptor.ExposeInvocationInterceptor.invoke(ExposeInvocationInterceptor.java:97)
	at org.springframework.aop.framework.ReflectiveMethodInvocation.proceed(ReflectiveMethodInvocation.java:186)
	at org.springframework.aop.framework.CglibAopProxy$CglibMethodInvocation.proceed(CglibAopProxy.java:753)
	at org.springframework.aop.framework.CglibAopProxy$DynamicAdvisedInterceptor.intercept(CglibAopProxy.java:698)
	at org.opentesting.services.execution.TestInjection$$EnhancerBySpringCGLIB$$4bdbab91.executeInject(<generated>)
	at org.opentesting.services.scheduler.AsynTaskExec.timerInject(AsynTaskExec.java:79)
	at org.opentesting.services.scheduler.AsynTaskExec$$FastClassBySpringCGLIB$$4d902e.invoke(<generated>)
	at org.springframework.cglib.proxy.MethodProxy.invoke(MethodProxy.java:218)
	at org.springframework.aop.framework.CglibAopProxy$CglibMethodInvocation.invokeJoinpoint(CglibAopProxy.java:783)
	at org.springframework.aop.framework.ReflectiveMethodInvocation.proceed(ReflectiveMethodInvocation.java:163)
	at org.springframework.aop.framework.CglibAopProxy$CglibMethodInvocation.proceed(CglibAopProxy.java:753)
	at org.springframework.aop.aspectj.MethodInvocationProceedingJoinPoint.proceed(MethodInvocationProceedingJoinPoint.java:89)
	at org.opentesting.util.LogExecutionTimeImpl.logExecutionTime(LogExecutionTimeImpl.java:26)
	at jdk.internal.reflect.GeneratedMethodAccessor74.invoke(Unknown Source)
	at java.base/jdk.internal.reflect.DelegatingMethodAccessorImpl.invoke(DelegatingMethodAccessorImpl.java:43)
	at java.base/java.lang.reflect.Method.invoke(Method.java:566)
	at org.springframework.aop.aspectj.AbstractAspectJAdvice.invokeAdviceMethodWithGivenArgs(AbstractAspectJAdvice.java:634)
	at org.springframework.aop.aspectj.AbstractAspectJAdvice.invokeAdviceMethod(AbstractAspectJAdvice.java:624)
	at org.springframework.aop.aspectj.AspectJAroundAdvice.invoke(AspectJAroundAdvice.java:72)
	at org.springframework.aop.framework.ReflectiveMethodInvocation.proceed(ReflectiveMethodInvocation.java:175)
	at org.springframework.aop.framework.CglibAopProxy$CglibMethodInvocation.proceed(CglibAopProxy.java:753)
	at org.springframework.aop.interceptor.ExposeInvocationInterceptor.invoke(ExposeInvocationInterceptor.java:97)
	at org.springframework.aop.framework.ReflectiveMethodInvocation.proceed(ReflectiveMethodInvocation.java:186)
	at org.springframework.aop.framework.CglibAopProxy$CglibMethodInvocation.proceed(CglibAopProxy.java:753)
	at org.springframework.aop.interceptor.AsyncExecutionInterceptor.lambda$invoke$0(AsyncExecutionInterceptor.java:115)
	at java.base/java.util.concurrent.FutureTask.run(FutureTask.java:264)
	at java.base/java.util.concurrent.ThreadPoolExecutor.runWorker(ThreadPoolExecutor.java:1128)
	at java.base/java.util.concurrent.ThreadPoolExecutor$Worker.run(ThreadPoolExecutor.java:628)
	at java.base/java.lang.Thread.run(Thread.java:829)
2021-12-20 09:55:01,130 INFO org.opentesting.services.prometheus.Prometheus [main] Prometheus Counter created: hallo, actual size of the map: 13
2021-12-20 09:55:01,196 INFO org.opentesting.PrometheusTests [main] ##### incrementCounter done #####
2021-12-20 09:55:01,244 INFO org.opentesting.services.prometheus.Prometheus [main] Prometheus Counter created: execution#name#_total#type#_total, actual size of the map: 14
2021-12-20 09:55:01,245 INFO com.datastax.driver.core.Cluster [task-2] DataStax Java driver 3.11.0 for Apache Cassandra
2021-12-20 09:55:01,246 INFO org.opentesting.services.prometheus.Prometheus [main] Prometheus Counter created: execution#name#testexec#type#_total, actual size of the map: 15
2021-12-20 09:55:01,251 INFO org.opentesting.services.prometheus.Prometheus [main] Prometheus Counter created: execution#name#testexec#type#testtype, actual size of the map: 16
2021-12-20 09:55:01,271 INFO org.opentesting.PrometheusTests [main] ##### incrementExecution done #####
2021-12-20 09:55:01,289 INFO com.datastax.driver.core.GuavaCompatibility [task-2] Detected Guava >= 19 in the classpath, using modern compatibility layer
2021-12-20 09:55:01,293 INFO org.opentesting.services.prometheus.Prometheus [main] Prometheus Counter created: inject#testid#_total#success#_total#service#_total#injectid#_total#labels#_total, actual size of the map: 17
2021-12-20 09:55:01,295 INFO org.opentesting.services.prometheus.Prometheus [main] Prometheus Counter created: inject#testid#_total#success#true#service#_total#injectid#_total#labels#_total, actual size of the map: 18
2021-12-20 09:55:01,298 INFO org.opentesting.services.prometheus.Prometheus [main] Prometheus Counter created: inject#testid#_total#success#_total#service#kafka#injectid#_total#labels#_total, actual size of the map: 19
2021-12-20 09:55:01,300 INFO org.opentesting.services.prometheus.Prometheus [main] Prometheus Counter created: inject#testid#_total#success#true#service#kafka#injectid#_total#labels#_total, actual size of the map: 20
2021-12-20 09:55:01,302 INFO org.opentesting.services.prometheus.Prometheus [main] Prometheus Counter created: inject#testid#test123#success#_total#service#_total#injectid#_total#labels#||, actual size of the map: 21
2021-12-20 09:55:01,307 INFO org.opentesting.services.prometheus.Prometheus [main] Prometheus Counter created: inject#testid#test123#success#true#service#_total#injectid#_total#labels#||, actual size of the map: 22
2021-12-20 09:55:01,310 INFO org.opentesting.services.prometheus.Prometheus [main] Prometheus Counter created: inject#testid#test123#success#_total#service#kafka#injectid#_total#labels#||, actual size of the map: 23
2021-12-20 09:55:01,318 INFO org.opentesting.services.prometheus.Prometheus [main] Prometheus Counter created: inject#testid#test123#success#true#service#kafka#injectid#_total#labels#||, actual size of the map: 24
2021-12-20 09:55:01,321 INFO org.opentesting.services.prometheus.Prometheus [main] Prometheus Counter created: inject#testid#test123#success#_total#service#_total#injectid#inject1#labels#||, actual size of the map: 25
2021-12-20 09:55:01,331 INFO org.opentesting.services.prometheus.Prometheus [main] Prometheus Counter created: inject#testid#test123#success#true#service#_total#injectid#inject1#labels#||, actual size of the map: 26
2021-12-20 09:55:01,335 INFO org.opentesting.PrometheusTests [main] ##### incrementInject done #####
2021-12-20 09:55:01,359 INFO org.opentesting.services.prometheus.Prometheus [main] Prometheus Counter created: schedule#testid#testid1#success#_total#labels#|bar|foo|, actual size of the map: 27
2021-12-20 09:55:01,364 INFO org.opentesting.services.prometheus.Prometheus [main] Prometheus Counter created: schedule#testid#testid1#success#true#labels#|bar|foo|, actual size of the map: 28
2021-12-20 09:55:01,370 INFO org.opentesting.PrometheusTests [main] ##### incrementSchedule done #####
2021-12-20 09:55:01,393 INFO org.opentesting.services.prometheus.Prometheus [main] Prometheus Counter created: check#testid#_total#success#_total#service#_total#checkid#_total#labels#_total, actual size of the map: 29
2021-12-20 09:55:01,395 INFO org.opentesting.services.prometheus.Prometheus [main] Prometheus Counter created: check#testid#_total#success#n/a#service#_total#checkid#_total#labels#_total, actual size of the map: 30
2021-12-20 09:55:01,397 INFO org.opentesting.services.prometheus.Prometheus [main] Prometheus Counter created: check#testid#_total#success#_total#service#kafka#checkid#_total#labels#_total, actual size of the map: 31
2021-12-20 09:55:01,403 INFO org.opentesting.services.prometheus.Prometheus [main] Prometheus Counter created: check#testid#_total#success#n/a#service#kafka#checkid#_total#labels#_total, actual size of the map: 32
2021-12-20 09:55:01,407 INFO org.opentesting.services.prometheus.Prometheus [main] Prometheus Counter created: check#testid#testid#success#_total#service#_total#checkid#_total#labels#|bar|foo|, actual size of the map: 33
2021-12-20 09:55:01,411 INFO org.opentesting.services.prometheus.Prometheus [main] Prometheus Counter created: check#testid#testid#success#n/a#service#_total#checkid#_total#labels#|bar|foo|, actual size of the map: 34
2021-12-20 09:55:01,414 INFO org.opentesting.services.prometheus.Prometheus [main] Prometheus Counter created: check#testid#testid#success#_total#service#kafka#checkid#_total#labels#|bar|foo|, actual size of the map: 35
2021-12-20 09:55:01,417 INFO org.opentesting.services.prometheus.Prometheus [main] Prometheus Counter created: check#testid#testid#success#n/a#service#kafka#checkid#_total#labels#|bar|foo|, actual size of the map: 36
2021-12-20 09:55:01,429 INFO org.opentesting.services.prometheus.Prometheus [main] Prometheus Counter created: check#testid#testid#success#_total#service#_total#checkid#mycheckid#labels#|bar|foo|, actual size of the map: 37
2021-12-20 09:55:01,432 INFO org.opentesting.services.prometheus.Prometheus [main] Prometheus Counter created: check#testid#testid#success#n/a#service#_total#checkid#mycheckid#labels#|bar|foo|, actual size of the map: 38
2021-12-20 09:55:01,445 INFO org.opentesting.PrometheusTests [main] ##### testIncrementCheck done #####
2021-12-20 09:55:01,464 INFO org.opentesting.PrometheusTests [main] ##### incrementTests done #####
2021-12-20 09:55:01,969 INFO com.datastax.driver.core.ClockFactory [task-2] Using native clock to generate timestamps.
2021-12-20 09:55:02,321 INFO com.datastax.driver.core.NettyUtil [task-2] Found Netty's native epoll transport in the classpath, using it
2021-12-20 09:55:02,639 INFO com.zaxxer.hikari.HikariDataSource [SpringApplicationShutdownHook] HikariPool-1 - Shutdown initiated...
2021-12-20 09:55:02,672 INFO com.zaxxer.hikari.HikariDataSource [SpringApplicationShutdownHook] HikariPool-1 - Shutdown completed.
