2021-12-20 09:43:56,317 INFO org.springframework.boot.StartupInfoLogger [main] Starting RandomTests using Java 11.0.12 on CPX-RB5SLRADOYE with PID 7280 (started by robert in /home/robert/code/github/opentestingapi/impl_java)
2021-12-20 09:43:56,321 INFO org.springframework.boot.SpringApplication [main] No active profile set, falling back to default profiles: default
2021-12-20 09:43:58,496 INFO org.springframework.data.repository.config.RepositoryConfigurationDelegate [main] Bootstrapping Spring Data JDBC repositories in DEFAULT mode.
2021-12-20 09:43:58,541 INFO org.springframework.data.repository.config.RepositoryConfigurationDelegate [main] Finished Spring Data repository scanning in 34 ms. Found 0 JDBC repository interfaces.
2021-12-20 09:43:59,221 INFO org.springframework.cloud.context.scope.GenericScope [main] BeanFactory id=283714b2-f5d5-35d9-ab40-0afae253ca74
2021-12-20 09:44:00,788 INFO org.opentesting.persistence.CheckRepository [main] execute: create table if not exists checkstore (testid VARCHAR(1000) NOT NULL)
2021-12-20 09:44:00,801 INFO com.zaxxer.hikari.HikariDataSource [main] HikariPool-1 - Starting...
2021-12-20 09:44:01,459 INFO com.zaxxer.hikari.HikariDataSource [main] HikariPool-1 - Start completed.
2021-12-20 09:44:01,509 INFO org.opentesting.persistence.CheckRepository [main] execute: alter table checkstore add if not exists checkid VARCHAR(1000)
2021-12-20 09:44:01,559 INFO org.opentesting.persistence.CheckRepository [main] execute: alter table checkstore add if not exists checkinstanceid VARCHAR(1000)
2021-12-20 09:44:01,579 INFO org.opentesting.persistence.CheckRepository [main] execute: alter table checkstore add if not exists version VARCHAR(100)
2021-12-20 09:44:01,591 INFO org.opentesting.persistence.CheckRepository [main] execute: alter table checkstore add if not exists value text
2021-12-20 09:44:01,604 INFO org.opentesting.persistence.CheckRepository [main] execute: alter table checkstore add if not exists insertts timestamp
2021-12-20 09:44:01,613 INFO org.opentesting.persistence.CheckRepository [main] execute: alter table checkstore add if not exists opentype VARCHAR(1000)
2021-12-20 09:44:01,707 INFO org.opentesting.persistence.IndexRepository [main] execute: create table if not exists indexstore (indexname VARCHAR(1000) NOT NULL)
2021-12-20 09:44:01,715 INFO org.opentesting.persistence.IndexRepository [main] execute: alter table indexstore add if not exists key VARCHAR(1000)
2021-12-20 09:44:01,726 INFO org.opentesting.persistence.IndexRepository [main] execute: alter table indexstore add if not exists value VARCHAR(1000)
2021-12-20 09:44:01,739 INFO org.opentesting.persistence.IndexRepository [main] execute: alter table indexstore add if not exists insertts timestamp
2021-12-20 09:44:01,797 INFO org.opentesting.persistence.InjectRepository [main] execute: create table if not exists injectstore (testid VARCHAR(1000) NOT NULL)
2021-12-20 09:44:01,802 INFO org.opentesting.persistence.InjectRepository [main] execute: alter table injectstore add if not exists injectid VARCHAR(1000)
2021-12-20 09:44:01,812 INFO org.opentesting.persistence.InjectRepository [main] execute: alter table injectstore add if not exists injectinstanceid VARCHAR(1000)
2021-12-20 09:44:01,822 INFO org.opentesting.persistence.InjectRepository [main] execute: alter table injectstore add if not exists version VARCHAR(100)
2021-12-20 09:44:01,832 INFO org.opentesting.persistence.InjectRepository [main] execute: alter table injectstore add if not exists value text
2021-12-20 09:44:01,843 INFO org.opentesting.persistence.InjectRepository [main] execute: alter table injectstore add if not exists insertts timestamp
2021-12-20 09:44:01,916 INFO org.opentesting.persistence.KeyValueRepository [main] execute: create table if not exists keyvaluestore (testid VARCHAR(1000) NOT NULL)
2021-12-20 09:44:01,929 INFO org.opentesting.persistence.KeyValueRepository [main] execute: alter table keyvaluestore add if not exists key VARCHAR(1000)
2021-12-20 09:44:01,939 INFO org.opentesting.persistence.KeyValueRepository [main] execute: alter table keyvaluestore add if not exists value text
2021-12-20 09:44:01,952 INFO org.opentesting.persistence.KeyValueRepository [main] execute: alter table keyvaluestore add if not exists insertts timestamp
2021-12-20 09:44:02,024 INFO org.opentesting.persistence.TestRepository [main] execute: create table if not exists teststore (testid VARCHAR(1000) NOT NULL)
2021-12-20 09:44:02,028 INFO org.opentesting.persistence.TestRepository [main] execute: alter table teststore add if not exists version VARCHAR(100)
2021-12-20 09:44:02,045 INFO org.opentesting.persistence.TestRepository [main] execute: alter table teststore add if not exists value text
2021-12-20 09:44:02,058 INFO org.opentesting.persistence.TestRepository [main] execute: alter table teststore add if not exists insertts timestamp
2021-12-20 09:44:02,185 INFO org.opentesting.util.OpenTestingConfig [main] OpenTesting appname: opentesting junit
2021-12-20 09:44:02,190 INFO org.opentesting.util.OpenTestingConfig [main] OpenTesting poolsize: 50
2021-12-20 09:44:02,194 INFO org.opentesting.util.OpenTestingConfig [main] OpenTesting checkcron: [0 * * * * ?, 10 * * * * ?, 20 * * * * ?, 30 * * * * ?, 40 * * * * ?, 50 * * * * ?]
2021-12-20 09:44:02,197 INFO org.opentesting.util.OpenTestingConfig [main] OpenTesting longrunningwarn (sec): 5
2021-12-20 09:44:02,200 INFO org.opentesting.util.OpenTestingConfig [main] OpenTesting resttimeout (sec): 30
2021-12-20 09:44:02,202 INFO org.opentesting.util.OpenTestingConfig [main] OpenTesting reloadtestcases: false
2021-12-20 09:44:02,208 INFO org.opentesting.util.OpenTestingConfig [main] OpenTesting autodelete (days): 365
2021-12-20 09:44:02,214 INFO org.opentesting.util.OpenTestingConfig [main] OpenTesting uselock: true
2021-12-20 09:44:02,364 INFO org.cache2k.core.log.Log$Slf4jLogger [main] cache2k starting. version=2.4.1.Final
2021-12-20 09:44:04,548 INFO org.opentesting.services.adapter.AdapterResolver [main] ##### Adapter ##### cassandra
2021-12-20 09:44:04,570 INFO org.opentesting.services.adapter.AdapterResolver [main] ##### Adapter ##### jdbc
2021-12-20 09:44:04,592 INFO org.opentesting.services.adapter.AdapterResolver [main] ##### Adapter ##### kafka
2021-12-20 09:44:04,617 INFO org.opentesting.services.adapter.AdapterResolver [main] ##### Adapter ##### rest
2021-12-20 09:44:04,903 INFO org.opentesting.services.execution.Startup [main] auto-delete timer created
2021-12-20 09:44:04,906 WARN org.opentesting.services.execution.Startup [main] skipped reloadTestCases()
2021-12-20 09:44:05,134 INFO org.opentesting.services.execution.TestManager [ThreadPoolTaskScheduler1] autodelete (365 days) done
2021-12-20 09:44:08,160 INFO org.springframework.boot.actuate.endpoint.web.EndpointLinksResolver [main] Exposing 4 endpoint(s) beneath base path '/actuator'
2021-12-20 09:44:10,200 INFO org.springframework.boot.autoconfigure.web.servlet.WelcomePageHandlerMapping [main] Adding welcome page: class path resource [static/index.html]
2021-12-20 09:44:17,494 INFO org.springframework.boot.StartupInfoLogger [main] Started RandomTests in 21.929 seconds (JVM running for 24.126)
2021-12-20 09:44:19,232 INFO org.opentesting.RandomTests [main] 2021-12-21 09:44 2021-12-21 09:44
2021-12-20 09:44:19,362 INFO org.opentesting.RandomTests [main] 438d67a9-5c40-47f9-81dc-bb3e0dc3fe00
2021-12-20 09:44:19,365 INFO org.opentesting.RandomTests [main] eb606288-6338-c2b6-c5ac-9f1c98042332
2021-12-20 09:44:19,367 INFO org.opentesting.RandomTests [main] 6fbd3c94-b3d9-4e9b-4a90-123ab4a793c8
2021-12-20 09:44:19,369 INFO org.opentesting.RandomTests [main] [0-9a-f]{8}-[0-9a-f]{4}-[0-9a-f]{4}-[0-9a-f]{4}-[0-9a-f]{12}
2021-12-20 09:44:19,512 INFO org.opentesting.RandomTests [main] 3 ccc aaa|bbb|ccc
2021-12-20 09:44:19,593 INFO org.opentesting.RandomTests [main] {"checkid":"testcheck1","service":{"type":"kafka","connectstring":"kafka-broker","username":"user","password":"password","custom":[{"key":"topic","value":"mytopic","version":"TestCaseCustomParameterDTOapi1_0"}],"version":"TestCaseServiceDTOapi1_0"},"validations":[{"order":1,"request":"requestfile","type":"contains","response":["responsefile"],"version":"TestCaseValidationDTOapi1_0"}],"maxwaittime":"1d","active":true,"mandatory":false,"injects":["dummy-inject-1"],"checks":["dummy-check-1"],"result2random":["datenlieferungid"],"checkinstanceid":"testcheck1_-390274620","checkinstancetestid":"testid","startts":"2021-12-20T09:44:19.537412","targetts":"2021-12-20T09:49:19.537478","randomdata":{"randomdata":{"#hallo#":"Hallo Welt!"}},"bulkid":"bulkid","traceid":"traceid","version":"TestCaseCheckDTOapi1_0"}
2021-12-20 09:44:19,595 INFO org.opentesting.RandomTests [main] {"randomdata":{}}
2021-12-20 09:44:19,695 INFO org.opentesting.RandomTests [main] {"randomdata":{"#testcheck1.datenlieferungid#":"DL-5948bf82-4e36-3a4f-8ca9-d0b379505ff0ÃŸ"}}
2021-12-20 09:44:19,845 INFO org.opentesting.RandomTests [main] bbb bbb
2021-12-20 09:44:19,875 INFO org.springframework.test.context.support.AbstractTestContextBootstrapper [main] Neither @ContextConfiguration nor @ContextHierarchy found for test class [org.opentesting.EncryptionTests], using SpringBootContextLoader
2021-12-20 09:44:19,879 INFO org.springframework.test.context.support.AbstractContextLoader [main] Could not detect default resource locations for test class [org.opentesting.EncryptionTests]: no resource found for suffixes {-context.xml, Context.groovy}.
2021-12-20 09:44:19,882 INFO org.springframework.test.context.support.AnnotationConfigContextLoaderUtils [main] Could not detect default configuration classes for test class [org.opentesting.EncryptionTests]: EncryptionTests does not declare any static, non-private, non-final, nested classes annotated with @Configuration.
2021-12-20 09:44:19,889 INFO org.springframework.boot.test.context.SpringBootTestContextBootstrapper [main] Found @SpringBootConfiguration org.opentesting.OpenTestingApplication for test class org.opentesting.EncryptionTests
2021-12-20 09:44:19,902 INFO org.springframework.test.context.support.AbstractTestContextBootstrapper [main] Loaded default TestExecutionListener class names from location [META-INF/spring.factories]: [org.springframework.boot.test.mock.mockito.MockitoTestExecutionListener, org.springframework.boot.test.mock.mockito.ResetMocksTestExecutionListener, org.springframework.boot.test.autoconfigure.restdocs.RestDocsTestExecutionListener, org.springframework.boot.test.autoconfigure.web.client.MockRestServiceServerResetTestExecutionListener, org.springframework.boot.test.autoconfigure.web.servlet.MockMvcPrintOnlyOnFailureTestExecutionListener, org.springframework.boot.test.autoconfigure.web.servlet.WebDriverTestExecutionListener, org.springframework.boot.test.autoconfigure.webservices.client.MockWebServiceServerTestExecutionListener, org.springframework.test.context.web.ServletTestExecutionListener, org.springframework.test.context.support.DirtiesContextBeforeModesTestExecutionListener, org.springframework.test.context.event.ApplicationEventsTestExecutionListener, org.springframework.test.context.support.DependencyInjectionTestExecutionListener, org.springframework.test.context.support.DirtiesContextTestExecutionListener, org.springframework.test.context.transaction.TransactionalTestExecutionListener, org.springframework.test.context.jdbc.SqlScriptsTestExecutionListener, org.springframework.test.context.event.EventPublishingTestExecutionListener]
2021-12-20 09:44:19,905 INFO org.springframework.test.context.support.AbstractTestContextBootstrapper [main] Using TestExecutionListeners: [org.springframework.test.context.web.ServletTestExecutionListener@7ba5d307, org.springframework.test.context.support.DirtiesContextBeforeModesTestExecutionListener@529a2d6f, org.springframework.test.context.event.ApplicationEventsTestExecutionListener@4a28b6d0, org.springframework.boot.test.mock.mockito.MockitoTestExecutionListener@3d28c0af, org.springframework.boot.test.autoconfigure.SpringBootDependencyInjectionTestExecutionListener@684001e6, org.springframework.test.context.support.DirtiesContextTestExecutionListener@6bb2b8d4, org.springframework.test.context.transaction.TransactionalTestExecutionListener@64230d44, org.springframework.test.context.jdbc.SqlScriptsTestExecutionListener@1ff584d7, org.springframework.test.context.event.EventPublishingTestExecutionListener@7752f9fe, org.springframework.boot.test.mock.mockito.ResetMocksTestExecutionListener@9588bd8, org.springframework.boot.test.autoconfigure.restdocs.RestDocsTestExecutionListener@75edfe9a, org.springframework.boot.test.autoconfigure.web.client.MockRestServiceServerResetTestExecutionListener@468d1fcc, org.springframework.boot.test.autoconfigure.web.servlet.MockMvcPrintOnlyOnFailureTestExecutionListener@267093ea, org.springframework.boot.test.autoconfigure.web.servlet.WebDriverTestExecutionListener@6b3bcab7, org.springframework.boot.test.autoconfigure.webservices.client.MockWebServiceServerTestExecutionListener@7138e064]
2021-12-20 09:44:20,010 INFO org.springframework.test.context.support.AbstractTestContextBootstrapper [main] Neither @ContextConfiguration nor @ContextHierarchy found for test class [org.opentesting.RestTests], using SpringBootContextLoader
2021-12-20 09:44:20,018 INFO org.springframework.test.context.support.AbstractContextLoader [main] Could not detect default resource locations for test class [org.opentesting.RestTests]: no resource found for suffixes {-context.xml, Context.groovy}.
2021-12-20 09:44:20,019 INFO org.springframework.test.context.support.AnnotationConfigContextLoaderUtils [main] Could not detect default configuration classes for test class [org.opentesting.RestTests]: RestTests does not declare any static, non-private, non-final, nested classes annotated with @Configuration.
2021-12-20 09:44:20,025 INFO org.springframework.boot.test.context.SpringBootTestContextBootstrapper [main] Found @SpringBootConfiguration org.opentesting.OpenTestingApplication for test class org.opentesting.RestTests
2021-12-20 09:44:20,037 INFO org.springframework.test.context.support.AbstractTestContextBootstrapper [main] Loaded default TestExecutionListener class names from location [META-INF/spring.factories]: [org.springframework.boot.test.mock.mockito.MockitoTestExecutionListener, org.springframework.boot.test.mock.mockito.ResetMocksTestExecutionListener, org.springframework.boot.test.autoconfigure.restdocs.RestDocsTestExecutionListener, org.springframework.boot.test.autoconfigure.web.client.MockRestServiceServerResetTestExecutionListener, org.springframework.boot.test.autoconfigure.web.servlet.MockMvcPrintOnlyOnFailureTestExecutionListener, org.springframework.boot.test.autoconfigure.web.servlet.WebDriverTestExecutionListener, org.springframework.boot.test.autoconfigure.webservices.client.MockWebServiceServerTestExecutionListener, org.springframework.test.context.web.ServletTestExecutionListener, org.springframework.test.context.support.DirtiesContextBeforeModesTestExecutionListener, org.springframework.test.context.event.ApplicationEventsTestExecutionListener, org.springframework.test.context.support.DependencyInjectionTestExecutionListener, org.springframework.test.context.support.DirtiesContextTestExecutionListener, org.springframework.test.context.transaction.TransactionalTestExecutionListener, org.springframework.test.context.jdbc.SqlScriptsTestExecutionListener, org.springframework.test.context.event.EventPublishingTestExecutionListener]
2021-12-20 09:44:20,040 INFO org.springframework.test.context.support.AbstractTestContextBootstrapper [main] Using TestExecutionListeners: [org.springframework.test.context.web.ServletTestExecutionListener@349e166, org.springframework.test.context.support.DirtiesContextBeforeModesTestExecutionListener@4bdec54, org.springframework.test.context.event.ApplicationEventsTestExecutionListener@68fd0fba, org.springframework.boot.test.mock.mockito.MockitoTestExecutionListener@3f9e38d4, org.springframework.boot.test.autoconfigure.SpringBootDependencyInjectionTestExecutionListener@7310bc90, org.springframework.test.context.support.DirtiesContextTestExecutionListener@18a421ea, org.springframework.test.context.transaction.TransactionalTestExecutionListener@18247d9b, org.springframework.test.context.jdbc.SqlScriptsTestExecutionListener@5632bed3, org.springframework.test.context.event.EventPublishingTestExecutionListener@20307cb9, org.springframework.boot.test.mock.mockito.ResetMocksTestExecutionListener@19a2b224, org.springframework.boot.test.autoconfigure.restdocs.RestDocsTestExecutionListener@2251cc2e, org.springframework.boot.test.autoconfigure.web.client.MockRestServiceServerResetTestExecutionListener@61563a91, org.springframework.boot.test.autoconfigure.web.servlet.MockMvcPrintOnlyOnFailureTestExecutionListener@42a057b6, org.springframework.boot.test.autoconfigure.web.servlet.WebDriverTestExecutionListener@4e1ffe54, org.springframework.boot.test.autoconfigure.webservices.client.MockWebServiceServerTestExecutionListener@62036b05]
2021-12-20 09:44:20,168 WARN org.opentesting.services.rest.ReportingController [main] test not found: 1
org.opentesting.util.exceptions.NotFoundException: test not found: 1
	at org.opentesting.persistence.TestRepository.select(TestRepository.java:89)
	at org.opentesting.persistence.TestRepository$$FastClassBySpringCGLIB$$5dccbd7d.invoke(<generated>)
	at org.springframework.cglib.proxy.MethodProxy.invoke(MethodProxy.java:218)
	at org.springframework.aop.framework.CglibAopProxy$CglibMethodInvocation.invokeJoinpoint(CglibAopProxy.java:783)
	at org.springframework.aop.framework.ReflectiveMethodInvocation.proceed(ReflectiveMethodInvocation.java:163)
	at org.springframework.aop.framework.CglibAopProxy$CglibMethodInvocation.proceed(CglibAopProxy.java:753)
	at org.springframework.aop.aspectj.MethodInvocationProceedingJoinPoint.proceed(MethodInvocationProceedingJoinPoint.java:89)
	at org.opentesting.util.LogExecutionTimeImpl.logExecutionTime(LogExecutionTimeImpl.java:26)
	at jdk.internal.reflect.GeneratedMethodAccessor74.invoke(Unknown Source)
	at java.base/jdk.internal.reflect.DelegatingMethodAccessorImpl.invoke(DelegatingMethodAccessorImpl.java:43)
	at java.base/java.lang.reflect.Method.invoke(Method.java:566)
	at org.springframework.aop.aspectj.AbstractAspectJAdvice.invokeAdviceMethodWithGivenArgs(AbstractAspectJAdvice.java:634)
	at org.springframework.aop.aspectj.AbstractAspectJAdvice.invokeAdviceMethod(AbstractAspectJAdvice.java:624)
	at org.springframework.aop.aspectj.AspectJAroundAdvice.invoke(AspectJAroundAdvice.java:72)
	at org.springframework.aop.framework.ReflectiveMethodInvocation.proceed(ReflectiveMethodInvocation.java:175)
	at org.springframework.aop.framework.CglibAopProxy$CglibMethodInvocation.proceed(CglibAopProxy.java:753)
	at org.springframework.aop.interceptor.ExposeInvocationInterceptor.invoke(ExposeInvocationInterceptor.java:97)
	at org.springframework.aop.framework.ReflectiveMethodInvocation.proceed(ReflectiveMethodInvocation.java:186)
	at org.springframework.aop.framework.CglibAopProxy$CglibMethodInvocation.proceed(CglibAopProxy.java:753)
	at org.springframework.aop.framework.CglibAopProxy$DynamicAdvisedInterceptor.intercept(CglibAopProxy.java:698)
	at org.opentesting.persistence.TestRepository$$EnhancerBySpringCGLIB$$f9e06ad5.select(<generated>)
	at org.opentesting.services.execution.TestAbstractHandler.getTest(TestAbstractHandler.java:76)
	at org.opentesting.services.execution.TestReporting.getTest(TestReporting.java:30)
	at org.opentesting.services.execution.TestReporting$$FastClassBySpringCGLIB$$ce91a6e8.invoke(<generated>)
	at org.springframework.cglib.proxy.MethodProxy.invoke(MethodProxy.java:218)
	at org.springframework.aop.framework.CglibAopProxy$CglibMethodInvocation.invokeJoinpoint(CglibAopProxy.java:783)
	at org.springframework.aop.framework.ReflectiveMethodInvocation.proceed(ReflectiveMethodInvocation.java:163)
	at org.springframework.aop.framework.CglibAopProxy$CglibMethodInvocation.proceed(CglibAopProxy.java:753)
	at org.springframework.aop.aspectj.MethodInvocationProceedingJoinPoint.proceed(MethodInvocationProceedingJoinPoint.java:89)
	at org.opentesting.util.LogExecutionTimeImpl.logExecutionTime(LogExecutionTimeImpl.java:26)
	at jdk.internal.reflect.GeneratedMethodAccessor74.invoke(Unknown Source)
	at java.base/jdk.internal.reflect.DelegatingMethodAccessorImpl.invoke(DelegatingMethodAccessorImpl.java:43)
	at java.base/java.lang.reflect.Method.invoke(Method.java:566)
	at org.springframework.aop.aspectj.AbstractAspectJAdvice.invokeAdviceMethodWithGivenArgs(AbstractAspectJAdvice.java:634)
	at org.springframework.aop.aspectj.AbstractAspectJAdvice.invokeAdviceMethod(AbstractAspectJAdvice.java:624)
	at org.springframework.aop.aspectj.AspectJAroundAdvice.invoke(AspectJAroundAdvice.java:72)
	at org.springframework.aop.framework.ReflectiveMethodInvocation.proceed(ReflectiveMethodInvocation.java:175)
	at org.springframework.aop.framework.CglibAopProxy$CglibMethodInvocation.proceed(CglibAopProxy.java:753)
	at org.springframework.aop.interceptor.ExposeInvocationInterceptor.invoke(ExposeInvocationInterceptor.java:97)
	at org.springframework.aop.framework.ReflectiveMethodInvocation.proceed(ReflectiveMethodInvocation.java:186)
	at org.springframework.aop.framework.CglibAopProxy$CglibMethodInvocation.proceed(CglibAopProxy.java:753)
	at org.springframework.aop.framework.CglibAopProxy$DynamicAdvisedInterceptor.intercept(CglibAopProxy.java:698)
	at org.opentesting.services.execution.TestReporting$$EnhancerBySpringCGLIB$$a80ae1f6.getTest(<generated>)
	at org.opentesting.services.rest.ReportingController.get(ReportingController.java:67)
	at org.opentesting.RestTests.testReportingGet(RestTests.java:68)
	at java.base/jdk.internal.reflect.NativeMethodAccessorImpl.invoke0(Native Method)
	at java.base/jdk.internal.reflect.NativeMethodAccessorImpl.invoke(NativeMethodAccessorImpl.java:62)
	at java.base/jdk.internal.reflect.DelegatingMethodAccessorImpl.invoke(DelegatingMethodAccessorImpl.java:43)
	at java.base/java.lang.reflect.Method.invoke(Method.java:566)
	at org.junit.platform.commons.util.ReflectionUtils.invokeMethod(ReflectionUtils.java:688)
	at org.junit.jupiter.engine.execution.MethodInvocation.proceed(MethodInvocation.java:60)
	at org.junit.jupiter.engine.execution.InvocationInterceptorChain$ValidatingInvocation.proceed(InvocationInterceptorChain.java:131)
	at org.junit.jupiter.engine.extension.TimeoutExtension.intercept(TimeoutExtension.java:149)
	at org.junit.jupiter.engine.extension.TimeoutExtension.interceptTestableMethod(TimeoutExtension.java:140)
	at org.junit.jupiter.engine.extension.TimeoutExtension.interceptTestMethod(TimeoutExtension.java:84)
	at org.junit.jupiter.engine.execution.ExecutableInvoker$ReflectiveInterceptorCall.lambda$ofVoidMethod$0(ExecutableInvoker.java:115)
	at org.junit.jupiter.engine.execution.ExecutableInvoker.lambda$invoke$0(ExecutableInvoker.java:105)
	at org.junit.jupiter.engine.execution.InvocationInterceptorChain$InterceptedInvocation.proceed(InvocationInterceptorChain.java:106)
	at org.junit.jupiter.engine.execution.InvocationInterceptorChain.proceed(InvocationInterceptorChain.java:64)
	at org.junit.jupiter.engine.execution.InvocationInterceptorChain.chainAndInvoke(InvocationInterceptorChain.java:45)
	at org.junit.jupiter.engine.execution.InvocationInterceptorChain.invoke(InvocationInterceptorChain.java:37)
	at org.junit.jupiter.engine.execution.ExecutableInvoker.invoke(ExecutableInvoker.java:104)
	at org.junit.jupiter.engine.execution.ExecutableInvoker.invoke(ExecutableInvoker.java:98)
	at org.junit.jupiter.engine.descriptor.TestMethodTestDescriptor.lambda$invokeTestMethod$6(TestMethodTestDescriptor.java:210)
	at org.junit.platform.engine.support.hierarchical.ThrowableCollector.execute(ThrowableCollector.java:73)
	at org.junit.jupiter.engine.descriptor.TestMethodTestDescriptor.invokeTestMethod(TestMethodTestDescriptor.java:206)
	at org.junit.jupiter.engine.descriptor.TestMethodTestDescriptor.execute(TestMethodTestDescriptor.java:131)
	at org.junit.jupiter.engine.descriptor.TestMethodTestDescriptor.execute(TestMethodTestDescriptor.java:65)
	at org.junit.platform.engine.support.hierarchical.NodeTestTask.lambda$executeRecursively$5(NodeTestTask.java:139)
	at org.junit.platform.engine.support.hierarchical.ThrowableCollector.execute(ThrowableCollector.java:73)
	at org.junit.platform.engine.support.hierarchical.NodeTestTask.lambda$executeRecursively$7(NodeTestTask.java:129)
	at org.junit.platform.engine.support.hierarchical.Node.around(Node.java:137)
	at org.junit.platform.engine.support.hierarchical.NodeTestTask.lambda$executeRecursively$8(NodeTestTask.java:127)
	at org.junit.platform.engine.support.hierarchical.ThrowableCollector.execute(ThrowableCollector.java:73)
	at org.junit.platform.engine.support.hierarchical.NodeTestTask.executeRecursively(NodeTestTask.java:126)
	at org.junit.platform.engine.support.hierarchical.NodeTestTask.execute(NodeTestTask.java:84)
	at java.base/java.util.ArrayList.forEach(ArrayList.java:1541)
	at org.junit.platform.engine.support.hierarchical.SameThreadHierarchicalTestExecutorService.invokeAll(SameThreadHierarchicalTestExecutorService.java:38)
	at org.junit.platform.engine.support.hierarchical.NodeTestTask.lambda$executeRecursively$5(NodeTestTask.java:143)
	at org.junit.platform.engine.support.hierarchical.ThrowableCollector.execute(ThrowableCollector.java:73)
	at org.junit.platform.engine.support.hierarchical.NodeTestTask.lambda$executeRecursively$7(NodeTestTask.java:129)
	at org.junit.platform.engine.support.hierarchical.Node.around(Node.java:137)
	at org.junit.platform.engine.support.hierarchical.NodeTestTask.lambda$executeRecursively$8(NodeTestTask.java:127)
	at org.junit.platform.engine.support.hierarchical.ThrowableCollector.execute(ThrowableCollector.java:73)
	at org.junit.platform.engine.support.hierarchical.NodeTestTask.executeRecursively(NodeTestTask.java:126)
	at org.junit.platform.engine.support.hierarchical.NodeTestTask.execute(NodeTestTask.java:84)
	at java.base/java.util.ArrayList.forEach(ArrayList.java:1541)
	at org.junit.platform.engine.support.hierarchical.SameThreadHierarchicalTestExecutorService.invokeAll(SameThreadHierarchicalTestExecutorService.java:38)
	at org.junit.platform.engine.support.hierarchical.NodeTestTask.lambda$executeRecursively$5(NodeTestTask.java:143)
	at org.junit.platform.engine.support.hierarchical.ThrowableCollector.execute(ThrowableCollector.java:73)
	at org.junit.platform.engine.support.hierarchical.NodeTestTask.lambda$executeRecursively$7(NodeTestTask.java:129)
	at org.junit.platform.engine.support.hierarchical.Node.around(Node.java:137)
	at org.junit.platform.engine.support.hierarchical.NodeTestTask.lambda$executeRecursively$8(NodeTestTask.java:127)
	at org.junit.platform.engine.support.hierarchical.ThrowableCollector.execute(ThrowableCollector.java:73)
	at org.junit.platform.engine.support.hierarchical.NodeTestTask.executeRecursively(NodeTestTask.java:126)
	at org.junit.platform.engine.support.hierarchical.NodeTestTask.execute(NodeTestTask.java:84)
	at org.junit.platform.engine.support.hierarchical.SameThreadHierarchicalTestExecutorService.submit(SameThreadHierarchicalTestExecutorService.java:32)
	at org.junit.platform.engine.support.hierarchical.HierarchicalTestExecutor.execute(HierarchicalTestExecutor.java:57)
	at org.junit.platform.engine.support.hierarchical.HierarchicalTestEngine.execute(HierarchicalTestEngine.java:51)
	at org.junit.platform.launcher.core.DefaultLauncher.execute(DefaultLauncher.java:220)
	at org.junit.platform.launcher.core.DefaultLauncher.lambda$execute$6(DefaultLauncher.java:188)
	at org.junit.platform.launcher.core.DefaultLauncher.withInterceptedStreams(DefaultLauncher.java:202)
	at org.junit.platform.launcher.core.DefaultLauncher.execute(DefaultLauncher.java:181)
	at org.junit.platform.launcher.core.DefaultLauncher.execute(DefaultLauncher.java:128)
	at org.apache.maven.surefire.junitplatform.JUnitPlatformProvider.invokeAllTests(JUnitPlatformProvider.java:150)
	at org.apache.maven.surefire.junitplatform.JUnitPlatformProvider.invoke(JUnitPlatformProvider.java:124)
	at org.apache.maven.surefire.booter.ForkedBooter.invokeProviderInSameClassLoader(ForkedBooter.java:384)
	at org.apache.maven.surefire.booter.ForkedBooter.runSuitesInProcess(ForkedBooter.java:345)
	at org.apache.maven.surefire.booter.ForkedBooter.execute(ForkedBooter.java:126)
	at org.apache.maven.surefire.booter.ForkedBooter.main(ForkedBooter.java:418)
2021-12-20 09:44:20,181 INFO org.opentesting.RestTests [main] ##### testReportingGet done #####
2021-12-20 09:44:20,204 INFO org.opentesting.RestTests [main] ##### testTemplateTestcase done #####
2021-12-20 09:44:20,234 INFO org.opentesting.RestTests [main] ##### testDummyGet done #####
2021-12-20 09:44:20,269 INFO org.opentesting.RestTests [main] ##### testTemplateDashboard done #####
2021-12-20 09:44:20,314 INFO org.opentesting.RestTests [main] ##### testDummyPost done #####
2021-12-20 09:44:20,465 INFO org.opentesting.services.rest.UploadController [main] ##### upload ##### file local_test_00001/source_rest_headers_1.json stored: local_test_00001 - source_rest_headers_1.json stored
2021-12-20 09:44:20,472 INFO org.opentesting.services.rest.UploadController [main] ##### upload ##### file local_test_00001/check_cassandra_2.json stored: local_test_00001 - check_cassandra_2.json stored
2021-12-20 09:44:20,477 INFO org.opentesting.services.rest.UploadController [main] ##### upload ##### file local_test_00001/source_kafka_1.txt stored: local_test_00001 - source_kafka_1.txt stored
2021-12-20 09:44:20,493 INFO org.opentesting.services.rest.UploadController [main] ##### upload ##### file local_test_00001/source_cassandra_1.cql stored: local_test_00001 - source_cassandra_1.cql stored
2021-12-20 09:44:20,498 INFO org.opentesting.services.rest.UploadController [main] ##### upload ##### file local_test_00001/check_rest_headers_1.json stored: local_test_00001 - check_rest_headers_1.json stored
2021-12-20 09:44:20,511 INFO org.opentesting.services.rest.UploadController [main] ##### upload ##### file local_test_00001/source_kafka_headers_1.json stored: local_test_00001 - source_kafka_headers_1.json stored
2021-12-20 09:44:20,528 INFO org.opentesting.services.rest.UploadController [main] ##### upload ##### file local_test_00001/check_cassandra_param_1.cql stored: local_test_00001 - check_cassandra_param_1.cql stored
2021-12-20 09:44:20,545 INFO org.opentesting.services.rest.UploadController [main] ##### upload ##### file local_test_00001/source_rest_1.json stored: local_test_00001 - source_rest_1.json stored
2021-12-20 09:44:20,552 INFO org.opentesting.services.rest.UploadController [main] ##### upload ##### file local_test_00001/check_rest_1.json stored: local_test_00001 - check_rest_1.json stored
2021-12-20 09:44:20,569 INFO org.opentesting.services.rest.UploadController [main] ##### upload ##### file local_test_00001/check_kafka_1.txt stored: local_test_00001 - check_kafka_1.txt stored
2021-12-20 09:44:20,591 INFO org.opentesting.services.rest.UploadController [main] ##### upload ##### file local_test_00001/check_cassandra_param_2.cql stored: local_test_00001 - check_cassandra_param_2.cql stored
2021-12-20 09:44:20,606 INFO org.opentesting.services.rest.UploadController [main] ##### upload ##### file local_test_00001/check_cassandra_1.json stored: local_test_00001 - check_cassandra_1.json stored
2021-12-20 09:44:20,862 INFO org.opentesting.services.execution.TestScheduler [main] planing local_test_00001 with 3 injections and 4 checks
2021-12-20 09:44:21,320 INFO org.apache.kafka.common.config.AbstractConfig [main] ConsumerConfig values: 
	allow.auto.create.topics = true
	auto.commit.interval.ms = 5000
	auto.offset.reset = latest
	bootstrap.servers = [localhost:9092]
	check.crcs = true
	client.dns.lookup = use_all_dns_ips
	client.id = consumer-e2etests-1
	client.rack = 
	connections.max.idle.ms = 540000
	default.api.timeout.ms = 60000
	enable.auto.commit = false
	exclude.internal.topics = true
	fetch.max.bytes = 52428800
	fetch.max.wait.ms = 500
	fetch.min.bytes = 1
	group.id = e2etests
	group.instance.id = null
	heartbeat.interval.ms = 3000
	interceptor.classes = []
	internal.leave.group.on.close = true
	internal.throw.on.fetch.stable.offset.unsupported = false
	isolation.level = read_uncommitted
	key.deserializer = class org.apache.kafka.common.serialization.StringDeserializer
	max.partition.fetch.bytes = 1048576
	max.poll.interval.ms = 300000
	max.poll.records = 500
	metadata.max.age.ms = 300000
	metric.reporters = []
	metrics.num.samples = 2
	metrics.recording.level = INFO
	metrics.sample.window.ms = 30000
	partition.assignment.strategy = [class org.apache.kafka.clients.consumer.RangeAssignor]
	receive.buffer.bytes = 65536
	reconnect.backoff.max.ms = 1000
	reconnect.backoff.ms = 50
	request.timeout.ms = 30000
	retry.backoff.ms = 100
	sasl.client.callback.handler.class = null
	sasl.jaas.config = null
	sasl.kerberos.kinit.cmd = /usr/bin/kinit
	sasl.kerberos.min.time.before.relogin = 60000
	sasl.kerberos.service.name = null
	sasl.kerberos.ticket.renew.jitter = 0.05
	sasl.kerberos.ticket.renew.window.factor = 0.8
	sasl.login.callback.handler.class = null
	sasl.login.class = null
	sasl.login.refresh.buffer.seconds = 300
	sasl.login.refresh.min.period.seconds = 60
	sasl.login.refresh.window.factor = 0.8
	sasl.login.refresh.window.jitter = 0.05
	sasl.mechanism = GSSAPI
	security.protocol = PLAINTEXT
	security.providers = null
	send.buffer.bytes = 131072
	session.timeout.ms = 10000
	socket.connection.setup.timeout.max.ms = 127000
	socket.connection.setup.timeout.ms = 10000
	ssl.cipher.suites = null
	ssl.enabled.protocols = [TLSv1.2, TLSv1.3]
	ssl.endpoint.identification.algorithm = https
	ssl.engine.factory.class = null
	ssl.key.password = null
	ssl.keymanager.algorithm = SunX509
	ssl.keystore.certificate.chain = null
	ssl.keystore.key = null
	ssl.keystore.location = null
	ssl.keystore.password = null
	ssl.keystore.type = JKS
	ssl.protocol = TLSv1.3
	ssl.provider = null
	ssl.secure.random.implementation = null
	ssl.trustmanager.algorithm = PKIX
	ssl.truststore.certificates = null
	ssl.truststore.location = null
	ssl.truststore.password = null
	ssl.truststore.type = JKS
	value.deserializer = class org.apache.kafka.common.serialization.StringDeserializer

2021-12-20 09:44:22,006 INFO org.apache.kafka.common.utils.AppInfoParser$AppInfo [main] Kafka version: 2.7.1
2021-12-20 09:44:22,009 INFO org.apache.kafka.common.utils.AppInfoParser$AppInfo [main] Kafka commitId: 61dbce85d0d41457
2021-12-20 09:44:22,018 INFO org.apache.kafka.common.utils.AppInfoParser$AppInfo [main] Kafka startTimeMs: 1639989861993
2021-12-20 09:44:22,037 INFO org.apache.kafka.clients.consumer.KafkaConsumer [main] [Consumer clientId=consumer-e2etests-1, groupId=e2etests] Subscribed to topic(s): mytopic1
2021-12-20 09:44:23,060 INFO org.opentesting.services.adapter.kafka.OpenTestingKafkaConsumerFactory [main] KafkaConsumer created: localhost:9092#mytopic1#
2021-12-20 09:44:23,105 INFO org.opentesting.services.scheduler.TimerFactory [main] Timer(s) 83ccf17d-0d77-4db7-9b35-4ac1519f0d96 created: 6
2021-12-20 09:44:23,151 INFO org.opentesting.services.scheduler.TimerFactory [main] Timer(s) ffef81b6-55f3-41de-9452-b09faef8edf2 created: 6
2021-12-20 09:44:23,176 INFO org.opentesting.services.scheduler.TimerFactory [main] Timer(s) d3aab73c-094d-47de-bc19-7c910416069a created: 6
2021-12-20 09:44:23,315 INFO org.opentesting.services.prometheus.Prometheus [main] Prometheus Counter created: schedule#testid#_total#success#_total#labels#_total, actual size of the map: 0
2021-12-20 09:44:23,320 INFO org.opentesting.services.prometheus.Prometheus [main] Prometheus Counter created: schedule#testid#local_test_00001#success#_total#labels#|stage-all|department-mydepartment|function-myfunction|, actual size of the map: 1
2021-12-20 09:44:23,323 INFO org.opentesting.services.prometheus.Prometheus [main] Prometheus Counter created: schedule#testid#local_test_00001#success#true#labels#|stage-all|department-mydepartment|function-myfunction|, actual size of the map: 2
2021-12-20 09:44:23,325 INFO org.opentesting.services.rest.UploadController [main] ##### upload ##### test case local_test_00001 planned: Test scheduled - here's the time-to-live of your injects: inject-kafka-1=5d (2021-12-20T09:44:23.106406) inject-cassandra-1=5d (2021-12-20T09:44:23.153131) inject-rest-1=5d (2021-12-20T09:44:23.180153)
2021-12-20 09:44:23,336 INFO org.opentesting.services.rest.UploadController [main] ##### upload ##### file local_test_00002/source_kafka_1.txt stored: local_test_00002 - source_kafka_1.txt stored
2021-12-20 09:44:23,341 INFO org.opentesting.services.rest.UploadController [main] ##### upload ##### file local_test_00002/source_kafka_headers_1.json stored: local_test_00002 - source_kafka_headers_1.json stored
2021-12-20 09:44:23,344 INFO org.opentesting.services.rest.UploadController [main] ##### upload ##### file local_test_00002/check_kafka_1.txt stored: local_test_00002 - check_kafka_1.txt stored
2021-12-20 09:44:23,350 INFO org.opentesting.services.execution.TestScheduler [main] planing local_test_00002 with 1 injections and 1 checks
2021-12-20 09:44:23,354 INFO org.opentesting.services.adapter.kafka.OpenTestingKafkaConsumerFactory [main] kafka consumer already exists: localhost:9092#mytopic1#
2021-12-20 09:44:23,373 INFO org.opentesting.services.scheduler.TimerFactory [main] Timer(s) f2ec7ed2-c116-4b3f-b1de-dc5083056083 created: 6
2021-12-20 09:44:23,393 INFO org.opentesting.services.prometheus.Prometheus [main] Prometheus Counter created: schedule#testid#local_test_00002#success#_total#labels#|stage-local|department-mydepartment|function-myfunction|, actual size of the map: 3
2021-12-20 09:44:23,411 INFO org.opentesting.services.prometheus.Prometheus [main] Prometheus Counter created: schedule#testid#local_test_00002#success#true#labels#|stage-local|department-mydepartment|function-myfunction|, actual size of the map: 4
2021-12-20 09:44:23,413 INFO org.opentesting.services.rest.UploadController [main] ##### upload ##### test case local_test_00002 planned: Test scheduled - here's the time-to-live of your injects: inject-kafka-1=5d (2021-12-20T09:44:23.376243)
2021-12-20 09:44:23,419 INFO org.opentesting.services.rest.UploadController [main] ##### upload ##### file local_test_00003/check_cassandra_2.json stored: local_test_00003 - check_cassandra_2.json stored
2021-12-20 09:44:23,431 INFO org.opentesting.services.rest.UploadController [main] ##### upload ##### file local_test_00003/source_cassandra_1.cql stored: local_test_00003 - source_cassandra_1.cql stored
2021-12-20 09:44:23,436 INFO org.opentesting.services.rest.UploadController [main] ##### upload ##### file local_test_00003/check_cassandra_param_1.cql stored: local_test_00003 - check_cassandra_param_1.cql stored
2021-12-20 09:44:23,444 INFO org.opentesting.services.rest.UploadController [main] ##### upload ##### file local_test_00003/check_cassandra_param_2.cql stored: local_test_00003 - check_cassandra_param_2.cql stored
2021-12-20 09:44:23,454 INFO org.opentesting.services.rest.UploadController [main] ##### upload ##### file local_test_00003/check_cassandra_1.json stored: local_test_00003 - check_cassandra_1.json stored
2021-12-20 09:44:23,459 INFO org.opentesting.services.execution.TestScheduler [main] planing local_test_00003 with 1 injections and 2 checks
2021-12-20 09:44:23,482 INFO org.opentesting.services.scheduler.TimerFactory [main] Timer(s) 5e7b123c-784e-4bb1-8c71-f63f5bf9c7b6 created: 6
2021-12-20 09:44:23,505 INFO org.opentesting.services.prometheus.Prometheus [main] Prometheus Counter created: schedule#testid#local_test_00003#success#_total#labels#|stage-local|department-mydepartment|function-myfunction|, actual size of the map: 5
2021-12-20 09:44:23,512 INFO org.opentesting.services.prometheus.Prometheus [main] Prometheus Counter created: schedule#testid#local_test_00003#success#true#labels#|stage-local|department-mydepartment|function-myfunction|, actual size of the map: 6
2021-12-20 09:44:23,514 INFO org.opentesting.services.rest.UploadController [main] ##### upload ##### test case local_test_00003 planned: Test scheduled - here's the time-to-live of your injects: inject-cassandra-1=5d (2021-12-20T09:44:23.484647)
2021-12-20 09:44:23,519 INFO org.opentesting.services.rest.UploadController [main] ##### upload ##### file local_test_00004/source_rest_headers_1.json stored: local_test_00004 - source_rest_headers_1.json stored
2021-12-20 09:44:23,534 INFO org.opentesting.services.rest.UploadController [main] ##### upload ##### file local_test_00004/check_rest_param1.json stored: local_test_00004 - check_rest_param1.json stored
2021-12-20 09:44:23,540 INFO org.opentesting.services.rest.UploadController [main] ##### upload ##### file local_test_00004/check_rest_2.json stored: local_test_00004 - check_rest_2.json stored
2021-12-20 09:44:23,546 INFO org.opentesting.services.rest.UploadController [main] ##### upload ##### file local_test_00004/check_rest_headers_1.json stored: local_test_00004 - check_rest_headers_1.json stored
2021-12-20 09:44:23,552 INFO org.opentesting.services.rest.UploadController [main] ##### upload ##### file local_test_00004/source_rest_1.json stored: local_test_00004 - source_rest_1.json stored
2021-12-20 09:44:23,556 INFO org.opentesting.services.rest.UploadController [main] ##### upload ##### file local_test_00004/check_rest_1.json stored: local_test_00004 - check_rest_1.json stored
2021-12-20 09:44:23,591 INFO org.opentesting.services.execution.TestScheduler [main] planing local_test_00004 with 2 injections and 2 checks
2021-12-20 09:44:23,622 INFO org.opentesting.services.scheduler.TimerFactory [main] Timer(s) dc2b21bb-ca9f-479b-aa74-ff01aabe8f8f created: 2
2021-12-20 09:44:23,625 INFO org.opentesting.services.scheduler.TimerFactory [main] Timer(s) efc96570-1403-4bcd-b8da-3e5bc42ab294 created: 0
2021-12-20 09:44:23,671 INFO org.opentesting.services.prometheus.Prometheus [main] Prometheus Counter created: schedule#testid#local_test_00004#success#_total#labels#|stage-local|department-mydepartment|function-myfunction|, actual size of the map: 7
2021-12-20 09:44:23,677 INFO org.opentesting.services.prometheus.Prometheus [main] Prometheus Counter created: schedule#testid#local_test_00004#success#true#labels#|stage-local|department-mydepartment|function-myfunction|, actual size of the map: 8
2021-12-20 09:44:23,683 INFO org.opentesting.services.rest.UploadController [main] ##### upload ##### test case local_test_00004 planned: Test scheduled - here's the time-to-live of your injects: inject-rest-1=5d (2021-12-20T09:44:23.625281) inject-rest-2=5d (2021-12-20T09:44:23.629406)
2021-12-20 09:44:23,692 INFO org.opentesting.services.rest.UploadController [main] ##### upload ##### file local_test_00005/check_oracle_1.json stored: local_test_00005 - check_oracle_1.json stored
2021-12-20 09:44:23,699 INFO org.opentesting.services.rest.UploadController [main] ##### upload ##### file local_test_00005/check_oracle_param_1.sql stored: local_test_00005 - check_oracle_param_1.sql stored
2021-12-20 09:44:23,706 INFO org.opentesting.services.rest.UploadController [main] ##### upload ##### file local_test_00005/source_oracle_1.sql stored: local_test_00005 - source_oracle_1.sql stored
2021-12-20 09:44:23,718 INFO org.opentesting.services.execution.TestScheduler [main] planing local_test_00005 with 1 injections and 1 checks
2021-12-20 09:44:23,751 INFO org.opentesting.services.scheduler.TimerFactory [main] Timer(s) 0b4febb7-ab17-46a3-9596-1b572c63cba2 created: 6
2021-12-20 09:44:23,779 INFO org.opentesting.services.prometheus.Prometheus [main] Prometheus Counter created: schedule#testid#local_test_00005#success#_total#labels#|stage-local|department-mydepartment|function-myfunction|, actual size of the map: 9
2021-12-20 09:44:23,784 INFO org.opentesting.services.prometheus.Prometheus [main] Prometheus Counter created: schedule#testid#local_test_00005#success#true#labels#|stage-local|department-mydepartment|function-myfunction|, actual size of the map: 10
2021-12-20 09:44:23,788 INFO org.opentesting.services.rest.UploadController [main] ##### upload ##### test case local_test_00005 planned: Test scheduled - here's the time-to-live of your injects: inject-oracle-1=5d (2021-12-20T09:44:23.755878)
2021-12-20 09:44:23,795 INFO org.opentesting.services.rest.UploadController [main] ##### upload ##### file local_test_00006/check_postgresql_param_1.sql stored: local_test_00006 - check_postgresql_param_1.sql stored
2021-12-20 09:44:23,804 INFO org.opentesting.services.rest.UploadController [main] ##### upload ##### file local_test_00006/source_postgresql_1.sql stored: local_test_00006 - source_postgresql_1.sql stored
2021-12-20 09:44:23,810 INFO org.opentesting.services.rest.UploadController [main] ##### upload ##### file local_test_00006/check_postgresql_1.json stored: local_test_00006 - check_postgresql_1.json stored
2021-12-20 09:44:23,832 INFO org.opentesting.services.execution.TestScheduler [main] planing local_test_00006 with 1 injections and 1 checks
2021-12-20 09:44:23,862 INFO org.opentesting.services.scheduler.TimerFactory [main] Timer(s) 585e4064-c33c-4e3a-b5ae-fbefa3224ae3 created: 6
2021-12-20 09:44:23,904 INFO org.opentesting.services.prometheus.Prometheus [main] Prometheus Counter created: schedule#testid#local_test_00006#success#_total#labels#|stage-local|department-mydepartment|function-myfunction|, actual size of the map: 11
2021-12-20 09:44:23,906 INFO org.opentesting.services.prometheus.Prometheus [main] Prometheus Counter created: schedule#testid#local_test_00006#success#true#labels#|stage-local|department-mydepartment|function-myfunction|, actual size of the map: 12
2021-12-20 09:44:23,909 INFO org.opentesting.services.rest.UploadController [main] ##### upload ##### test case local_test_00006 planned: Test scheduled - here's the time-to-live of your injects: inject-postgresql-1=5d (2021-12-20T09:44:23.883445)
2021-12-20 09:44:23,910 INFO org.opentesting.RestTests [main] ##### testUploadTestCases done #####
2021-12-20 09:44:23,951 WARN org.opentesting.services.rest.ReportingController [main] test not found: 1, 1
org.opentesting.util.exceptions.NotFoundException: value not found: 1, 1
	at org.opentesting.persistence.KeyValueRepository.select(KeyValueRepository.java:68)
	at org.opentesting.persistence.KeyValueRepository$$FastClassBySpringCGLIB$$88b486bd.invoke(<generated>)
	at org.springframework.cglib.proxy.MethodProxy.invoke(MethodProxy.java:218)
	at org.springframework.aop.framework.CglibAopProxy$CglibMethodInvocation.invokeJoinpoint(CglibAopProxy.java:783)
	at org.springframework.aop.framework.ReflectiveMethodInvocation.proceed(ReflectiveMethodInvocation.java:163)
	at org.springframework.aop.framework.CglibAopProxy$CglibMethodInvocation.proceed(CglibAopProxy.java:753)
	at org.springframework.aop.aspectj.MethodInvocationProceedingJoinPoint.proceed(MethodInvocationProceedingJoinPoint.java:89)
	at org.opentesting.util.LogExecutionTimeImpl.logExecutionTime(LogExecutionTimeImpl.java:26)
	at jdk.internal.reflect.GeneratedMethodAccessor74.invoke(Unknown Source)
	at java.base/jdk.internal.reflect.DelegatingMethodAccessorImpl.invoke(DelegatingMethodAccessorImpl.java:43)
	at java.base/java.lang.reflect.Method.invoke(Method.java:566)
	at org.springframework.aop.aspectj.AbstractAspectJAdvice.invokeAdviceMethodWithGivenArgs(AbstractAspectJAdvice.java:634)
	at org.springframework.aop.aspectj.AbstractAspectJAdvice.invokeAdviceMethod(AbstractAspectJAdvice.java:624)
	at org.springframework.aop.aspectj.AspectJAroundAdvice.invoke(AspectJAroundAdvice.java:72)
	at org.springframework.aop.framework.ReflectiveMethodInvocation.proceed(ReflectiveMethodInvocation.java:175)
	at org.springframework.aop.framework.CglibAopProxy$CglibMethodInvocation.proceed(CglibAopProxy.java:753)
	at org.springframework.aop.interceptor.ExposeInvocationInterceptor.invoke(ExposeInvocationInterceptor.java:97)
	at org.springframework.aop.framework.ReflectiveMethodInvocation.proceed(ReflectiveMethodInvocation.java:186)
	at org.springframework.aop.framework.CglibAopProxy$CglibMethodInvocation.proceed(CglibAopProxy.java:753)
	at org.springframework.aop.framework.CglibAopProxy$DynamicAdvisedInterceptor.intercept(CglibAopProxy.java:698)
	at org.opentesting.persistence.KeyValueRepository$$EnhancerBySpringCGLIB$$81f8e95.select(<generated>)
	at org.opentesting.services.execution.TestAbstractHandler.getFile(TestAbstractHandler.java:56)
	at org.opentesting.services.execution.TestAbstractHandler$$FastClassBySpringCGLIB$$85d3e202.invoke(<generated>)
	at org.springframework.cglib.proxy.MethodProxy.invoke(MethodProxy.java:218)
	at org.springframework.aop.framework.CglibAopProxy$CglibMethodInvocation.invokeJoinpoint(CglibAopProxy.java:783)
	at org.springframework.aop.framework.ReflectiveMethodInvocation.proceed(ReflectiveMethodInvocation.java:163)
	at org.springframework.aop.framework.CglibAopProxy$CglibMethodInvocation.proceed(CglibAopProxy.java:753)
	at org.springframework.aop.aspectj.MethodInvocationProceedingJoinPoint.proceed(MethodInvocationProceedingJoinPoint.java:89)
	at org.opentesting.util.LogExecutionTimeImpl.logExecutionTime(LogExecutionTimeImpl.java:26)
	at jdk.internal.reflect.GeneratedMethodAccessor74.invoke(Unknown Source)
	at java.base/jdk.internal.reflect.DelegatingMethodAccessorImpl.invoke(DelegatingMethodAccessorImpl.java:43)
	at java.base/java.lang.reflect.Method.invoke(Method.java:566)
	at org.springframework.aop.aspectj.AbstractAspectJAdvice.invokeAdviceMethodWithGivenArgs(AbstractAspectJAdvice.java:634)
	at org.springframework.aop.aspectj.AbstractAspectJAdvice.invokeAdviceMethod(AbstractAspectJAdvice.java:624)
	at org.springframework.aop.aspectj.AspectJAroundAdvice.invoke(AspectJAroundAdvice.java:72)
	at org.springframework.aop.framework.ReflectiveMethodInvocation.proceed(ReflectiveMethodInvocation.java:175)
	at org.springframework.aop.framework.CglibAopProxy$CglibMethodInvocation.proceed(CglibAopProxy.java:753)
	at org.springframework.aop.interceptor.ExposeInvocationInterceptor.invoke(ExposeInvocationInterceptor.java:97)
	at org.springframework.aop.framework.ReflectiveMethodInvocation.proceed(ReflectiveMethodInvocation.java:186)
	at org.springframework.aop.framework.CglibAopProxy$CglibMethodInvocation.proceed(CglibAopProxy.java:753)
	at org.springframework.aop.framework.CglibAopProxy$DynamicAdvisedInterceptor.intercept(CglibAopProxy.java:698)
	at org.opentesting.services.execution.TestReporting$$EnhancerBySpringCGLIB$$a80ae1f6.getFile(<generated>)
	at org.opentesting.services.rest.ReportingController.getFile(ReportingController.java:90)
	at org.opentesting.RestTests.testReportingGetFile(RestTests.java:78)
	at java.base/jdk.internal.reflect.NativeMethodAccessorImpl.invoke0(Native Method)
	at java.base/jdk.internal.reflect.NativeMethodAccessorImpl.invoke(NativeMethodAccessorImpl.java:62)
	at java.base/jdk.internal.reflect.DelegatingMethodAccessorImpl.invoke(DelegatingMethodAccessorImpl.java:43)
	at java.base/java.lang.reflect.Method.invoke(Method.java:566)
	at org.junit.platform.commons.util.ReflectionUtils.invokeMethod(ReflectionUtils.java:688)
	at org.junit.jupiter.engine.execution.MethodInvocation.proceed(MethodInvocation.java:60)
	at org.junit.jupiter.engine.execution.InvocationInterceptorChain$ValidatingInvocation.proceed(InvocationInterceptorChain.java:131)
	at org.junit.jupiter.engine.extension.TimeoutExtension.intercept(TimeoutExtension.java:149)
	at org.junit.jupiter.engine.extension.TimeoutExtension.interceptTestableMethod(TimeoutExtension.java:140)
	at org.junit.jupiter.engine.extension.TimeoutExtension.interceptTestMethod(TimeoutExtension.java:84)
	at org.junit.jupiter.engine.execution.ExecutableInvoker$ReflectiveInterceptorCall.lambda$ofVoidMethod$0(ExecutableInvoker.java:115)
	at org.junit.jupiter.engine.execution.ExecutableInvoker.lambda$invoke$0(ExecutableInvoker.java:105)
	at org.junit.jupiter.engine.execution.InvocationInterceptorChain$InterceptedInvocation.proceed(InvocationInterceptorChain.java:106)
	at org.junit.jupiter.engine.execution.InvocationInterceptorChain.proceed(InvocationInterceptorChain.java:64)
	at org.junit.jupiter.engine.execution.InvocationInterceptorChain.chainAndInvoke(InvocationInterceptorChain.java:45)
	at org.junit.jupiter.engine.execution.InvocationInterceptorChain.invoke(InvocationInterceptorChain.java:37)
	at org.junit.jupiter.engine.execution.ExecutableInvoker.invoke(ExecutableInvoker.java:104)
	at org.junit.jupiter.engine.execution.ExecutableInvoker.invoke(ExecutableInvoker.java:98)
	at org.junit.jupiter.engine.descriptor.TestMethodTestDescriptor.lambda$invokeTestMethod$6(TestMethodTestDescriptor.java:210)
	at org.junit.platform.engine.support.hierarchical.ThrowableCollector.execute(ThrowableCollector.java:73)
	at org.junit.jupiter.engine.descriptor.TestMethodTestDescriptor.invokeTestMethod(TestMethodTestDescriptor.java:206)
	at org.junit.jupiter.engine.descriptor.TestMethodTestDescriptor.execute(TestMethodTestDescriptor.java:131)
	at org.junit.jupiter.engine.descriptor.TestMethodTestDescriptor.execute(TestMethodTestDescriptor.java:65)
	at org.junit.platform.engine.support.hierarchical.NodeTestTask.lambda$executeRecursively$5(NodeTestTask.java:139)
	at org.junit.platform.engine.support.hierarchical.ThrowableCollector.execute(ThrowableCollector.java:73)
	at org.junit.platform.engine.support.hierarchical.NodeTestTask.lambda$executeRecursively$7(NodeTestTask.java:129)
	at org.junit.platform.engine.support.hierarchical.Node.around(Node.java:137)
	at org.junit.platform.engine.support.hierarchical.NodeTestTask.lambda$executeRecursively$8(NodeTestTask.java:127)
	at org.junit.platform.engine.support.hierarchical.ThrowableCollector.execute(ThrowableCollector.java:73)
	at org.junit.platform.engine.support.hierarchical.NodeTestTask.executeRecursively(NodeTestTask.java:126)
	at org.junit.platform.engine.support.hierarchical.NodeTestTask.execute(NodeTestTask.java:84)
	at java.base/java.util.ArrayList.forEach(ArrayList.java:1541)
	at org.junit.platform.engine.support.hierarchical.SameThreadHierarchicalTestExecutorService.invokeAll(SameThreadHierarchicalTestExecutorService.java:38)
	at org.junit.platform.engine.support.hierarchical.NodeTestTask.lambda$executeRecursively$5(NodeTestTask.java:143)
	at org.junit.platform.engine.support.hierarchical.ThrowableCollector.execute(ThrowableCollector.java:73)
	at org.junit.platform.engine.support.hierarchical.NodeTestTask.lambda$executeRecursively$7(NodeTestTask.java:129)
	at org.junit.platform.engine.support.hierarchical.Node.around(Node.java:137)
	at org.junit.platform.engine.support.hierarchical.NodeTestTask.lambda$executeRecursively$8(NodeTestTask.java:127)
	at org.junit.platform.engine.support.hierarchical.ThrowableCollector.execute(ThrowableCollector.java:73)
	at org.junit.platform.engine.support.hierarchical.NodeTestTask.executeRecursively(NodeTestTask.java:126)
	at org.junit.platform.engine.support.hierarchical.NodeTestTask.execute(NodeTestTask.java:84)
	at java.base/java.util.ArrayList.forEach(ArrayList.java:1541)
	at org.junit.platform.engine.support.hierarchical.SameThreadHierarchicalTestExecutorService.invokeAll(SameThreadHierarchicalTestExecutorService.java:38)
	at org.junit.platform.engine.support.hierarchical.NodeTestTask.lambda$executeRecursively$5(NodeTestTask.java:143)
	at org.junit.platform.engine.support.hierarchical.ThrowableCollector.execute(ThrowableCollector.java:73)
	at org.junit.platform.engine.support.hierarchical.NodeTestTask.lambda$executeRecursively$7(NodeTestTask.java:129)
	at org.junit.platform.engine.support.hierarchical.Node.around(Node.java:137)
	at org.junit.platform.engine.support.hierarchical.NodeTestTask.lambda$executeRecursively$8(NodeTestTask.java:127)
	at org.junit.platform.engine.support.hierarchical.ThrowableCollector.execute(ThrowableCollector.java:73)
	at org.junit.platform.engine.support.hierarchical.NodeTestTask.executeRecursively(NodeTestTask.java:126)
	at org.junit.platform.engine.support.hierarchical.NodeTestTask.execute(NodeTestTask.java:84)
	at org.junit.platform.engine.support.hierarchical.SameThreadHierarchicalTestExecutorService.submit(SameThreadHierarchicalTestExecutorService.java:32)
	at org.junit.platform.engine.support.hierarchical.HierarchicalTestExecutor.execute(HierarchicalTestExecutor.java:57)
	at org.junit.platform.engine.support.hierarchical.HierarchicalTestEngine.execute(HierarchicalTestEngine.java:51)
	at org.junit.platform.launcher.core.DefaultLauncher.execute(DefaultLauncher.java:220)
	at org.junit.platform.launcher.core.DefaultLauncher.lambda$execute$6(DefaultLauncher.java:188)
	at org.junit.platform.launcher.core.DefaultLauncher.withInterceptedStreams(DefaultLauncher.java:202)
	at org.junit.platform.launcher.core.DefaultLauncher.execute(DefaultLauncher.java:181)
	at org.junit.platform.launcher.core.DefaultLauncher.execute(DefaultLauncher.java:128)
	at org.apache.maven.surefire.junitplatform.JUnitPlatformProvider.invokeAllTests(JUnitPlatformProvider.java:150)
	at org.apache.maven.surefire.junitplatform.JUnitPlatformProvider.invoke(JUnitPlatformProvider.java:124)
	at org.apache.maven.surefire.booter.ForkedBooter.invokeProviderInSameClassLoader(ForkedBooter.java:384)
	at org.apache.maven.surefire.booter.ForkedBooter.runSuitesInProcess(ForkedBooter.java:345)
	at org.apache.maven.surefire.booter.ForkedBooter.execute(ForkedBooter.java:126)
	at org.apache.maven.surefire.booter.ForkedBooter.main(ForkedBooter.java:418)
2021-12-20 09:44:23,956 INFO org.opentesting.RestTests [main] ##### testReportingGetFile done #####
2021-12-20 09:44:23,991 INFO org.opentesting.RestTests [main] ##### testReportingSearch done #####
2021-12-20 09:44:24,008 INFO org.apache.kafka.clients.Metadata [-C-1] [Consumer clientId=consumer-e2etests-1, groupId=e2etests] Cluster ID: EdArnZYTQaafjBaPOpAEHA
2021-12-20 09:44:24,017 INFO org.springframework.test.context.support.AbstractTestContextBootstrapper [main] Neither @ContextConfiguration nor @ContextHierarchy found for test class [org.opentesting.BackendTests], using SpringBootContextLoader
2021-12-20 09:44:24,022 INFO org.springframework.test.context.support.AbstractContextLoader [main] Could not detect default resource locations for test class [org.opentesting.BackendTests]: no resource found for suffixes {-context.xml, Context.groovy}.
2021-12-20 09:44:24,023 INFO org.springframework.test.context.support.AnnotationConfigContextLoaderUtils [main] Could not detect default configuration classes for test class [org.opentesting.BackendTests]: BackendTests does not declare any static, non-private, non-final, nested classes annotated with @Configuration.
2021-12-20 09:44:24,024 INFO org.apache.kafka.clients.consumer.internals.AbstractCoordinator$FindCoordinatorResponseHandler [-C-1] [Consumer clientId=consumer-e2etests-1, groupId=e2etests] Discovered group coordinator localhost:9092 (id: 2147482646 rack: null)
2021-12-20 09:44:24,032 INFO org.springframework.boot.test.context.SpringBootTestContextBootstrapper [main] Found @SpringBootConfiguration org.opentesting.OpenTestingApplication for test class org.opentesting.BackendTests
2021-12-20 09:44:24,040 INFO org.springframework.test.context.support.AbstractTestContextBootstrapper [main] Loaded default TestExecutionListener class names from location [META-INF/spring.factories]: [org.springframework.boot.test.mock.mockito.MockitoTestExecutionListener, org.springframework.boot.test.mock.mockito.ResetMocksTestExecutionListener, org.springframework.boot.test.autoconfigure.restdocs.RestDocsTestExecutionListener, org.springframework.boot.test.autoconfigure.web.client.MockRestServiceServerResetTestExecutionListener, org.springframework.boot.test.autoconfigure.web.servlet.MockMvcPrintOnlyOnFailureTestExecutionListener, org.springframework.boot.test.autoconfigure.web.servlet.WebDriverTestExecutionListener, org.springframework.boot.test.autoconfigure.webservices.client.MockWebServiceServerTestExecutionListener, org.springframework.test.context.web.ServletTestExecutionListener, org.springframework.test.context.support.DirtiesContextBeforeModesTestExecutionListener, org.springframework.test.context.event.ApplicationEventsTestExecutionListener, org.springframework.test.context.support.DependencyInjectionTestExecutionListener, org.springframework.test.context.support.DirtiesContextTestExecutionListener, org.springframework.test.context.transaction.TransactionalTestExecutionListener, org.springframework.test.context.jdbc.SqlScriptsTestExecutionListener, org.springframework.test.context.event.EventPublishingTestExecutionListener]
2021-12-20 09:44:24,042 INFO org.springframework.test.context.support.AbstractTestContextBootstrapper [main] Using TestExecutionListeners: [org.springframework.test.context.web.ServletTestExecutionListener@1db4ea47, org.springframework.test.context.support.DirtiesContextBeforeModesTestExecutionListener@6259f18e, org.springframework.test.context.event.ApplicationEventsTestExecutionListener@3abe8714, org.springframework.boot.test.mock.mockito.MockitoTestExecutionListener@3b0b20a8, org.springframework.boot.test.autoconfigure.SpringBootDependencyInjectionTestExecutionListener@1d7135c, org.springframework.test.context.support.DirtiesContextTestExecutionListener@2c2f4769, org.springframework.test.context.transaction.TransactionalTestExecutionListener@62e7e3df, org.springframework.test.context.jdbc.SqlScriptsTestExecutionListener@8b814b, org.springframework.test.context.event.EventPublishingTestExecutionListener@397f3ff5, org.springframework.boot.test.mock.mockito.ResetMocksTestExecutionListener@6f3d33bc, org.springframework.boot.test.autoconfigure.restdocs.RestDocsTestExecutionListener@3299cc9f, org.springframework.boot.test.autoconfigure.web.client.MockRestServiceServerResetTestExecutionListener@6e44825e, org.springframework.boot.test.autoconfigure.web.servlet.MockMvcPrintOnlyOnFailureTestExecutionListener@2e8488f4, org.springframework.boot.test.autoconfigure.web.servlet.WebDriverTestExecutionListener@2822ee4b, org.springframework.boot.test.autoconfigure.webservices.client.MockWebServiceServerTestExecutionListener@54a332e4]
2021-12-20 09:44:24,115 INFO org.apache.kafka.clients.consumer.internals.AbstractCoordinator [-C-1] [Consumer clientId=consumer-e2etests-1, groupId=e2etests] (Re-)joining group
2021-12-20 09:44:24,159 INFO org.opentesting.BackendTests [main] {"injectid":"inject1","cron":["10 * * * * * ?"],"service":{"type":"kafka","connectstring":"kafka-broker","username":"user","password":"password","custom":[{"key":"topic","value":"mytopic","version":"TestCaseCustomParameterDTOapi1_0"}],"version":"TestCaseServiceDTOapi1_0"},"timetolive":"1d","sourcefile":"source.json","checks":["check1"],"replacements":[{"key":"#hallo#","value":[{"order":1,"type":"list","value":"aaaa|bbbb","param":"","version":"TestCaseReplacementValueDTOapi1_0"}],"maxlength":3,"version":"TestCaseReplacementDTOapi1_0"}],"active":true,"result2random":[],"timerid":"12345","injectinstanceid":"12345_235672813","schedulets":"2021-12-20T09:44:24.075817","randomdata":{"randomdata":{}},"bulkid":"bulkid","traceid":"traceid","version":"TestCaseInjectionDTOapi1_0"}
2021-12-20 09:44:24,181 INFO org.opentesting.BackendTests [main] ##### testTestCaseInjectionRepo done #####
2021-12-20 09:44:24,249 INFO org.opentesting.BackendTests [main] ##### testTestCaseCheckRepo done #####
2021-12-20 09:44:24,276 INFO org.apache.kafka.clients.consumer.internals.AbstractCoordinator [-C-1] [Consumer clientId=consumer-e2etests-1, groupId=e2etests] (Re-)joining group
2021-12-20 09:44:24,315 INFO org.opentesting.BackendTests [main] ##### testTestCaseRepo done #####
2021-12-20 09:44:24,350 INFO org.opentesting.BackendTests [main] ##### testTestCaseFileRepo done #####
2021-12-20 09:44:24,367 INFO org.springframework.test.context.support.AbstractTestContextBootstrapper [main] Neither @ContextConfiguration nor @ContextHierarchy found for test class [org.opentesting.PauseTests], using SpringBootContextLoader
2021-12-20 09:44:24,372 INFO org.springframework.test.context.support.AbstractContextLoader [main] Could not detect default resource locations for test class [org.opentesting.PauseTests]: no resource found for suffixes {-context.xml, Context.groovy}.
2021-12-20 09:44:24,373 INFO org.springframework.test.context.support.AnnotationConfigContextLoaderUtils [main] Could not detect default configuration classes for test class [org.opentesting.PauseTests]: PauseTests does not declare any static, non-private, non-final, nested classes annotated with @Configuration.
2021-12-20 09:44:24,378 INFO org.springframework.boot.test.context.SpringBootTestContextBootstrapper [main] Found @SpringBootConfiguration org.opentesting.OpenTestingApplication for test class org.opentesting.PauseTests
2021-12-20 09:44:24,384 INFO org.springframework.test.context.support.AbstractTestContextBootstrapper [main] Loaded default TestExecutionListener class names from location [META-INF/spring.factories]: [org.springframework.boot.test.mock.mockito.MockitoTestExecutionListener, org.springframework.boot.test.mock.mockito.ResetMocksTestExecutionListener, org.springframework.boot.test.autoconfigure.restdocs.RestDocsTestExecutionListener, org.springframework.boot.test.autoconfigure.web.client.MockRestServiceServerResetTestExecutionListener, org.springframework.boot.test.autoconfigure.web.servlet.MockMvcPrintOnlyOnFailureTestExecutionListener, org.springframework.boot.test.autoconfigure.web.servlet.WebDriverTestExecutionListener, org.springframework.boot.test.autoconfigure.webservices.client.MockWebServiceServerTestExecutionListener, org.springframework.test.context.web.ServletTestExecutionListener, org.springframework.test.context.support.DirtiesContextBeforeModesTestExecutionListener, org.springframework.test.context.event.ApplicationEventsTestExecutionListener, org.springframework.test.context.support.DependencyInjectionTestExecutionListener, org.springframework.test.context.support.DirtiesContextTestExecutionListener, org.springframework.test.context.transaction.TransactionalTestExecutionListener, org.springframework.test.context.jdbc.SqlScriptsTestExecutionListener, org.springframework.test.context.event.EventPublishingTestExecutionListener]
2021-12-20 09:44:24,386 INFO org.springframework.test.context.support.AbstractTestContextBootstrapper [main] Using TestExecutionListeners: [org.springframework.test.context.web.ServletTestExecutionListener@74efc394, org.springframework.test.context.support.DirtiesContextBeforeModesTestExecutionListener@794fbf0d, org.springframework.test.context.event.ApplicationEventsTestExecutionListener@41a372c1, org.springframework.boot.test.mock.mockito.MockitoTestExecutionListener@12bb3666, org.springframework.boot.test.autoconfigure.SpringBootDependencyInjectionTestExecutionListener@18c2b4c6, org.springframework.test.context.support.DirtiesContextTestExecutionListener@1c71d704, org.springframework.test.context.transaction.TransactionalTestExecutionListener@461e9b31, org.springframework.test.context.jdbc.SqlScriptsTestExecutionListener@d5d9d92, org.springframework.test.context.event.EventPublishingTestExecutionListener@347c7b, org.springframework.boot.test.mock.mockito.ResetMocksTestExecutionListener@126f428e, org.springframework.boot.test.autoconfigure.restdocs.RestDocsTestExecutionListener@201a84e1, org.springframework.boot.test.autoconfigure.web.client.MockRestServiceServerResetTestExecutionListener@414a3c7d, org.springframework.boot.test.autoconfigure.web.servlet.MockMvcPrintOnlyOnFailureTestExecutionListener@623e578b, org.springframework.boot.test.autoconfigure.web.servlet.WebDriverTestExecutionListener@aad1270, org.springframework.boot.test.autoconfigure.webservices.client.MockWebServiceServerTestExecutionListener@7e64b248]
2021-12-20 09:44:24,427 WARN org.opentesting.services.pause.Pause [main] junit pause test
2021-12-20 09:44:24,430 WARN org.opentesting.services.pause.Pause [main] junit pause test
2021-12-20 09:44:24,450 INFO org.springframework.test.context.support.AbstractTestContextBootstrapper [main] Neither @ContextConfiguration nor @ContextHierarchy found for test class [org.opentesting.PrometheusTests], using SpringBootContextLoader
2021-12-20 09:44:24,453 INFO org.springframework.test.context.support.AbstractContextLoader [main] Could not detect default resource locations for test class [org.opentesting.PrometheusTests]: no resource found for suffixes {-context.xml, Context.groovy}.
2021-12-20 09:44:24,455 INFO org.springframework.test.context.support.AnnotationConfigContextLoaderUtils [main] Could not detect default configuration classes for test class [org.opentesting.PrometheusTests]: PrometheusTests does not declare any static, non-private, non-final, nested classes annotated with @Configuration.
2021-12-20 09:44:24,460 INFO org.springframework.boot.test.context.SpringBootTestContextBootstrapper [main] Found @SpringBootConfiguration org.opentesting.OpenTestingApplication for test class org.opentesting.PrometheusTests
2021-12-20 09:44:24,467 INFO org.springframework.test.context.support.AbstractTestContextBootstrapper [main] Loaded default TestExecutionListener class names from location [META-INF/spring.factories]: [org.springframework.boot.test.mock.mockito.MockitoTestExecutionListener, org.springframework.boot.test.mock.mockito.ResetMocksTestExecutionListener, org.springframework.boot.test.autoconfigure.restdocs.RestDocsTestExecutionListener, org.springframework.boot.test.autoconfigure.web.client.MockRestServiceServerResetTestExecutionListener, org.springframework.boot.test.autoconfigure.web.servlet.MockMvcPrintOnlyOnFailureTestExecutionListener, org.springframework.boot.test.autoconfigure.web.servlet.WebDriverTestExecutionListener, org.springframework.boot.test.autoconfigure.webservices.client.MockWebServiceServerTestExecutionListener, org.springframework.test.context.web.ServletTestExecutionListener, org.springframework.test.context.support.DirtiesContextBeforeModesTestExecutionListener, org.springframework.test.context.event.ApplicationEventsTestExecutionListener, org.springframework.test.context.support.DependencyInjectionTestExecutionListener, org.springframework.test.context.support.DirtiesContextTestExecutionListener, org.springframework.test.context.transaction.TransactionalTestExecutionListener, org.springframework.test.context.jdbc.SqlScriptsTestExecutionListener, org.springframework.test.context.event.EventPublishingTestExecutionListener]
2021-12-20 09:44:24,469 INFO org.springframework.test.context.support.AbstractTestContextBootstrapper [main] Using TestExecutionListeners: [org.springframework.test.context.web.ServletTestExecutionListener@473ee461, org.springframework.test.context.support.DirtiesContextBeforeModesTestExecutionListener@47620803, org.springframework.test.context.event.ApplicationEventsTestExecutionListener@43aa9ccd, org.springframework.boot.test.mock.mockito.MockitoTestExecutionListener@40a0364a, org.springframework.boot.test.autoconfigure.SpringBootDependencyInjectionTestExecutionListener@708ddfd3, org.springframework.test.context.support.DirtiesContextTestExecutionListener@2778f3d1, org.springframework.test.context.transaction.TransactionalTestExecutionListener@30a34f07, org.springframework.test.context.jdbc.SqlScriptsTestExecutionListener@71702d3f, org.springframework.test.context.event.EventPublishingTestExecutionListener@6f9d1785, org.springframework.boot.test.mock.mockito.ResetMocksTestExecutionListener@f9b97dc, org.springframework.boot.test.autoconfigure.restdocs.RestDocsTestExecutionListener@25ea3a5f, org.springframework.boot.test.autoconfigure.web.client.MockRestServiceServerResetTestExecutionListener@5503e208, org.springframework.boot.test.autoconfigure.web.servlet.MockMvcPrintOnlyOnFailureTestExecutionListener@5225f612, org.springframework.boot.test.autoconfigure.web.servlet.WebDriverTestExecutionListener@1d3aefd, org.springframework.boot.test.autoconfigure.webservices.client.MockWebServiceServerTestExecutionListener@751f445a]
2021-12-20 09:44:24,489 INFO org.opentesting.services.prometheus.Prometheus [main] Prometheus Counter created: hallo, actual size of the map: 13
2021-12-20 09:44:24,543 INFO org.opentesting.PrometheusTests [main] ##### incrementCounter done #####
2021-12-20 09:44:24,565 INFO org.opentesting.services.prometheus.Prometheus [main] Prometheus Counter created: execution#name#_total#type#_total, actual size of the map: 14
2021-12-20 09:44:24,567 INFO org.opentesting.services.prometheus.Prometheus [main] Prometheus Counter created: execution#name#testexec#type#_total, actual size of the map: 15
2021-12-20 09:44:24,569 INFO org.opentesting.services.prometheus.Prometheus [main] Prometheus Counter created: execution#name#testexec#type#testtype, actual size of the map: 16
2021-12-20 09:44:24,580 INFO org.opentesting.PrometheusTests [main] ##### incrementExecution done #####
2021-12-20 09:44:24,605 INFO org.opentesting.services.prometheus.Prometheus [main] Prometheus Counter created: inject#testid#_total#success#_total#service#_total#injectid#_total#labels#_total, actual size of the map: 17
2021-12-20 09:44:24,609 INFO org.opentesting.services.prometheus.Prometheus [main] Prometheus Counter created: inject#testid#_total#success#true#service#_total#injectid#_total#labels#_total, actual size of the map: 18
2021-12-20 09:44:24,611 INFO org.opentesting.services.prometheus.Prometheus [main] Prometheus Counter created: inject#testid#_total#success#_total#service#kafka#injectid#_total#labels#_total, actual size of the map: 19
2021-12-20 09:44:24,614 INFO org.opentesting.services.prometheus.Prometheus [main] Prometheus Counter created: inject#testid#_total#success#true#service#kafka#injectid#_total#labels#_total, actual size of the map: 20
2021-12-20 09:44:24,616 INFO org.opentesting.services.prometheus.Prometheus [main] Prometheus Counter created: inject#testid#test123#success#_total#service#_total#injectid#_total#labels#||, actual size of the map: 21
2021-12-20 09:44:24,619 INFO org.opentesting.services.prometheus.Prometheus [main] Prometheus Counter created: inject#testid#test123#success#true#service#_total#injectid#_total#labels#||, actual size of the map: 22
2021-12-20 09:44:24,621 INFO org.opentesting.services.prometheus.Prometheus [main] Prometheus Counter created: inject#testid#test123#success#_total#service#kafka#injectid#_total#labels#||, actual size of the map: 23
2021-12-20 09:44:24,624 INFO org.opentesting.services.prometheus.Prometheus [main] Prometheus Counter created: inject#testid#test123#success#true#service#kafka#injectid#_total#labels#||, actual size of the map: 24
2021-12-20 09:44:24,628 INFO org.opentesting.services.prometheus.Prometheus [main] Prometheus Counter created: inject#testid#test123#success#_total#service#_total#injectid#inject1#labels#||, actual size of the map: 25
2021-12-20 09:44:24,632 INFO org.opentesting.services.prometheus.Prometheus [main] Prometheus Counter created: inject#testid#test123#success#true#service#_total#injectid#inject1#labels#||, actual size of the map: 26
2021-12-20 09:44:24,635 INFO org.opentesting.PrometheusTests [main] ##### incrementInject done #####
2021-12-20 09:44:24,656 INFO org.opentesting.services.prometheus.Prometheus [main] Prometheus Counter created: schedule#testid#testid1#success#_total#labels#|bar|foo|, actual size of the map: 27
2021-12-20 09:44:24,658 INFO org.opentesting.services.prometheus.Prometheus [main] Prometheus Counter created: schedule#testid#testid1#success#true#labels#|bar|foo|, actual size of the map: 28
2021-12-20 09:44:24,660 INFO org.opentesting.PrometheusTests [main] ##### incrementSchedule done #####
2021-12-20 09:44:24,688 INFO org.opentesting.services.prometheus.Prometheus [main] Prometheus Counter created: check#testid#_total#success#_total#service#_total#checkid#_total#labels#_total, actual size of the map: 29
2021-12-20 09:44:24,690 INFO org.opentesting.services.prometheus.Prometheus [main] Prometheus Counter created: check#testid#_total#success#n/a#service#_total#checkid#_total#labels#_total, actual size of the map: 30
2021-12-20 09:44:24,692 INFO org.opentesting.services.prometheus.Prometheus [main] Prometheus Counter created: check#testid#_total#success#_total#service#kafka#checkid#_total#labels#_total, actual size of the map: 31
2021-12-20 09:44:24,700 INFO org.opentesting.services.prometheus.Prometheus [main] Prometheus Counter created: check#testid#_total#success#n/a#service#kafka#checkid#_total#labels#_total, actual size of the map: 32
2021-12-20 09:44:24,705 INFO org.opentesting.services.prometheus.Prometheus [main] Prometheus Counter created: check#testid#testid#success#_total#service#_total#checkid#_total#labels#|bar|foo|, actual size of the map: 33
2021-12-20 09:44:24,708 INFO org.opentesting.services.prometheus.Prometheus [main] Prometheus Counter created: check#testid#testid#success#n/a#service#_total#checkid#_total#labels#|bar|foo|, actual size of the map: 34
2021-12-20 09:44:24,712 INFO org.opentesting.services.prometheus.Prometheus [main] Prometheus Counter created: check#testid#testid#success#_total#service#kafka#checkid#_total#labels#|bar|foo|, actual size of the map: 35
2021-12-20 09:44:24,717 INFO org.opentesting.services.prometheus.Prometheus [main] Prometheus Counter created: check#testid#testid#success#n/a#service#kafka#checkid#_total#labels#|bar|foo|, actual size of the map: 36
2021-12-20 09:44:24,720 INFO org.opentesting.services.prometheus.Prometheus [main] Prometheus Counter created: check#testid#testid#success#_total#service#_total#checkid#mycheckid#labels#|bar|foo|, actual size of the map: 37
2021-12-20 09:44:24,724 INFO org.opentesting.services.prometheus.Prometheus [main] Prometheus Counter created: check#testid#testid#success#n/a#service#_total#checkid#mycheckid#labels#|bar|foo|, actual size of the map: 38
2021-12-20 09:44:24,739 INFO org.opentesting.PrometheusTests [main] ##### testIncrementCheck done #####
2021-12-20 09:44:24,774 INFO org.opentesting.PrometheusTests [main] ##### incrementTests done #####
2021-12-20 09:44:25,970 INFO com.zaxxer.hikari.HikariDataSource [SpringApplicationShutdownHook] HikariPool-1 - Shutdown initiated...
2021-12-20 09:44:25,997 INFO com.zaxxer.hikari.HikariDataSource [SpringApplicationShutdownHook] HikariPool-1 - Shutdown completed.
