2021-12-08 10:41:57,372 INFO org.springframework.boot.StartupInfoLogger [main] Starting RandomTests using Java 11.0.12 on CPX-RB5SLRADOYE with PID 18775 (started by robert in /home/robert/code/github/opentestingapi/impl_java)
2021-12-08 10:41:57,385 INFO org.springframework.boot.SpringApplication [main] No active profile set, falling back to default profiles: default
2021-12-08 10:42:00,875 INFO org.springframework.data.repository.config.RepositoryConfigurationDelegate [main] Bootstrapping Spring Data JDBC repositories in DEFAULT mode.
2021-12-08 10:42:00,940 INFO org.springframework.data.repository.config.RepositoryConfigurationDelegate [main] Finished Spring Data repository scanning in 45 ms. Found 0 JDBC repository interfaces.
2021-12-08 10:42:01,797 INFO org.springframework.cloud.context.scope.GenericScope [main] BeanFactory id=283714b2-f5d5-35d9-ab40-0afae253ca74
2021-12-08 10:42:04,461 INFO org.opentesting.persistence.CheckRepository [main] execute: create table if not exists checkstore (testid VARCHAR(1000) NOT NULL)
2021-12-08 10:42:04,481 INFO com.zaxxer.hikari.HikariDataSource [main] HikariPool-1 - Starting...
2021-12-08 10:42:05,567 INFO com.zaxxer.hikari.HikariDataSource [main] HikariPool-1 - Start completed.
2021-12-08 10:42:05,621 INFO org.opentesting.persistence.CheckRepository [main] execute: alter table checkstore add if not exists checkid VARCHAR(1000)
2021-12-08 10:42:05,702 INFO org.opentesting.persistence.CheckRepository [main] execute: alter table checkstore add if not exists checkinstanceid VARCHAR(1000)
2021-12-08 10:42:05,723 INFO org.opentesting.persistence.CheckRepository [main] execute: alter table checkstore add if not exists version VARCHAR(100)
2021-12-08 10:42:05,742 INFO org.opentesting.persistence.CheckRepository [main] execute: alter table checkstore add if not exists value text
2021-12-08 10:42:05,758 INFO org.opentesting.persistence.CheckRepository [main] execute: alter table checkstore add if not exists insertts timestamp
2021-12-08 10:42:05,772 INFO org.opentesting.persistence.CheckRepository [main] execute: alter table checkstore add if not exists opentype VARCHAR(1000)
2021-12-08 10:42:05,928 INFO org.opentesting.persistence.IndexRepository [main] execute: create table if not exists indexstore (indexname VARCHAR(1000) NOT NULL)
2021-12-08 10:42:05,932 INFO org.opentesting.persistence.IndexRepository [main] execute: alter table indexstore add if not exists key VARCHAR(1000)
2021-12-08 10:42:05,944 INFO org.opentesting.persistence.IndexRepository [main] execute: alter table indexstore add if not exists value VARCHAR(1000)
2021-12-08 10:42:05,954 INFO org.opentesting.persistence.IndexRepository [main] execute: alter table indexstore add if not exists insertts timestamp
2021-12-08 10:42:06,049 INFO org.opentesting.persistence.InjectRepository [main] execute: create table if not exists injectstore (testid VARCHAR(1000) NOT NULL)
2021-12-08 10:42:06,054 INFO org.opentesting.persistence.InjectRepository [main] execute: alter table injectstore add if not exists injectid VARCHAR(1000)
2021-12-08 10:42:06,065 INFO org.opentesting.persistence.InjectRepository [main] execute: alter table injectstore add if not exists injectinstanceid VARCHAR(1000)
2021-12-08 10:42:06,077 INFO org.opentesting.persistence.InjectRepository [main] execute: alter table injectstore add if not exists version VARCHAR(100)
2021-12-08 10:42:06,093 INFO org.opentesting.persistence.InjectRepository [main] execute: alter table injectstore add if not exists value text
2021-12-08 10:42:06,112 INFO org.opentesting.persistence.InjectRepository [main] execute: alter table injectstore add if not exists insertts timestamp
2021-12-08 10:42:06,179 INFO org.opentesting.persistence.KeyValueRepository [main] execute: create table if not exists keyvaluestore (testid VARCHAR(1000) NOT NULL)
2021-12-08 10:42:06,184 INFO org.opentesting.persistence.KeyValueRepository [main] execute: alter table keyvaluestore add if not exists key VARCHAR(1000)
2021-12-08 10:42:06,196 INFO org.opentesting.persistence.KeyValueRepository [main] execute: alter table keyvaluestore add if not exists value text
2021-12-08 10:42:06,211 INFO org.opentesting.persistence.KeyValueRepository [main] execute: alter table keyvaluestore add if not exists insertts timestamp
2021-12-08 10:42:06,295 INFO org.opentesting.persistence.TestRepository [main] execute: create table if not exists teststore (testid VARCHAR(1000) NOT NULL)
2021-12-08 10:42:06,311 INFO org.opentesting.persistence.TestRepository [main] execute: alter table teststore add if not exists version VARCHAR(100)
2021-12-08 10:42:06,331 INFO org.opentesting.persistence.TestRepository [main] execute: alter table teststore add if not exists value text
2021-12-08 10:42:06,352 INFO org.opentesting.persistence.TestRepository [main] execute: alter table teststore add if not exists insertts timestamp
2021-12-08 10:42:06,567 INFO org.opentesting.util.OpenTestingConfig [main] OpenTesting appname: opentesting junit
2021-12-08 10:42:06,574 INFO org.opentesting.util.OpenTestingConfig [main] OpenTesting poolsize: 50
2021-12-08 10:42:06,578 INFO org.opentesting.util.OpenTestingConfig [main] OpenTesting checkcron: [0 * * * * ?, 10 * * * * ?, 20 * * * * ?, 30 * * * * ?, 40 * * * * ?, 50 * * * * ?]
2021-12-08 10:42:06,580 INFO org.opentesting.util.OpenTestingConfig [main] OpenTesting longrunningwarn (sec): 5
2021-12-08 10:42:06,585 INFO org.opentesting.util.OpenTestingConfig [main] OpenTesting resttimeout (sec): 30
2021-12-08 10:42:06,590 INFO org.opentesting.util.OpenTestingConfig [main] OpenTesting reloadtestcases: false
2021-12-08 10:42:06,594 INFO org.opentesting.util.OpenTestingConfig [main] OpenTesting autodelete (days): 365
2021-12-08 10:42:06,596 INFO org.opentesting.util.OpenTestingConfig [main] OpenTesting uselock: true
2021-12-08 10:42:06,885 INFO org.cache2k.core.log.Log$Slf4jLogger [main] cache2k starting. version=2.4.1.Final
2021-12-08 10:42:09,364 WARN org.springframework.cloud.sleuth.autoconfig.zipkin2.ZipkinAutoConfiguration [main] Check result of the [RestTemplateSender{http://localhost:9411/api/v2/spans}] contains an error [CheckResult{ok=false, error=org.springframework.web.client.ResourceAccessException: I/O error on POST request for "http://localhost:9411/api/v2/spans": Connection refused (Connection refused); nested exception is java.net.ConnectException: Connection refused (Connection refused)}]
2021-12-08 10:42:10,636 INFO org.opentesting.services.adapter.AdapterResolver [main] ##### Adapter ##### cassandra
2021-12-08 10:42:10,674 INFO org.opentesting.services.adapter.AdapterResolver [main] ##### Adapter ##### jdbc
2021-12-08 10:42:10,716 INFO org.opentesting.services.adapter.AdapterResolver [main] ##### Adapter ##### kafka
2021-12-08 10:42:10,760 INFO org.opentesting.services.adapter.AdapterResolver [main] ##### Adapter ##### rest
2021-12-08 10:42:11,225 INFO org.opentesting.services.execution.Startup [main] auto-delete timer created
2021-12-08 10:42:11,227 WARN org.opentesting.services.execution.Startup [main] skipped reloadTestCases()
2021-12-08 10:42:11,461 INFO org.opentesting.services.execution.TestManager [ThreadPoolTaskScheduler1] autodelete (365 days) done
2021-12-08 10:42:14,698 INFO org.springframework.boot.actuate.endpoint.web.EndpointLinksResolver [main] Exposing 4 endpoint(s) beneath base path '/actuator'
2021-12-08 10:42:16,360 INFO org.springframework.boot.autoconfigure.web.servlet.WelcomePageHandlerMapping [main] Adding welcome page: class path resource [static/index.html]
2021-12-08 10:42:21,093 INFO org.springframework.boot.StartupInfoLogger [main] Started RandomTests in 24.983 seconds (JVM running for 27.908)
2021-12-08 10:42:22,126 INFO org.opentesting.RandomTests [main] 2021-12-09 10:42 2021-12-09 10:42
2021-12-08 10:42:22,223 INFO org.opentesting.RandomTests [main] b91aa79a-5708-4934-90ff-881d97fcd223
2021-12-08 10:42:22,224 INFO org.opentesting.RandomTests [main] a2d94a41-d755-c8dd-611f-b7a964080ec1
2021-12-08 10:42:22,226 INFO org.opentesting.RandomTests [main] cf38b8ce-363a-ad7d-eb31-6499b7b15b17
2021-12-08 10:42:22,229 INFO org.opentesting.RandomTests [main] [0-9a-f]{8}-[0-9a-f]{4}-[0-9a-f]{4}-[0-9a-f]{4}-[0-9a-f]{12}
2021-12-08 10:42:22,356 INFO org.opentesting.RandomTests [main] 3 aaa aaa|bbb|ccc
2021-12-08 10:42:22,411 INFO org.opentesting.RandomTests [main] {"checkid":"testcheck1","service":{"type":"kafka","connectstring":"kafka-broker","username":"user","password":"password","custom":[{"key":"topic","value":"mytopic","version":"TestCaseCustomParameterDTOapi1_0"}],"version":"TestCaseServiceDTOapi1_0"},"validations":[{"order":1,"request":"requestfile","type":"contains","response":["responsefile"],"version":"TestCaseValidationDTOapi1_0"}],"maxwaittime":"1d","active":true,"mandatory":false,"injects":["dummy-inject-1"],"checks":["dummy-check-1"],"result2random":["datenlieferungid"],"checkinstanceid":"testcheck1_848004826","checkinstancetestid":"testid","startts":"2021-12-08T10:42:22.373245","targetts":"2021-12-08T10:47:22.373283","randomdata":{"randomdata":{"#hallo#":"Hallo Welt!"}},"bulkid":"bulkid","traceid":"traceid","version":"TestCaseCheckDTOapi1_0"}
2021-12-08 10:42:22,414 INFO org.opentesting.RandomTests [main] {"randomdata":{}}
2021-12-08 10:42:22,490 INFO org.opentesting.RandomTests [main] {"randomdata":{"#testcheck1.datenlieferungid#":"DL-5948bf82-4e36-3a4f-8ca9-d0b379505ff0ÃŸ"}}
2021-12-08 10:42:22,592 INFO org.opentesting.RandomTests [main] aaa aaa
2021-12-08 10:42:22,616 INFO org.springframework.test.context.support.AbstractTestContextBootstrapper [main] Neither @ContextConfiguration nor @ContextHierarchy found for test class [org.opentesting.EncryptionTests], using SpringBootContextLoader
2021-12-08 10:42:22,619 INFO org.springframework.test.context.support.AbstractContextLoader [main] Could not detect default resource locations for test class [org.opentesting.EncryptionTests]: no resource found for suffixes {-context.xml, Context.groovy}.
2021-12-08 10:42:22,621 INFO org.springframework.test.context.support.AnnotationConfigContextLoaderUtils [main] Could not detect default configuration classes for test class [org.opentesting.EncryptionTests]: EncryptionTests does not declare any static, non-private, non-final, nested classes annotated with @Configuration.
2021-12-08 10:42:22,626 INFO org.springframework.boot.test.context.SpringBootTestContextBootstrapper [main] Found @SpringBootConfiguration org.opentesting.OpenTestingApplication for test class org.opentesting.EncryptionTests
2021-12-08 10:42:22,634 INFO org.springframework.test.context.support.AbstractTestContextBootstrapper [main] Loaded default TestExecutionListener class names from location [META-INF/spring.factories]: [org.springframework.boot.test.mock.mockito.MockitoTestExecutionListener, org.springframework.boot.test.mock.mockito.ResetMocksTestExecutionListener, org.springframework.boot.test.autoconfigure.restdocs.RestDocsTestExecutionListener, org.springframework.boot.test.autoconfigure.web.client.MockRestServiceServerResetTestExecutionListener, org.springframework.boot.test.autoconfigure.web.servlet.MockMvcPrintOnlyOnFailureTestExecutionListener, org.springframework.boot.test.autoconfigure.web.servlet.WebDriverTestExecutionListener, org.springframework.boot.test.autoconfigure.webservices.client.MockWebServiceServerTestExecutionListener, org.springframework.test.context.web.ServletTestExecutionListener, org.springframework.test.context.support.DirtiesContextBeforeModesTestExecutionListener, org.springframework.test.context.event.ApplicationEventsTestExecutionListener, org.springframework.test.context.support.DependencyInjectionTestExecutionListener, org.springframework.test.context.support.DirtiesContextTestExecutionListener, org.springframework.test.context.transaction.TransactionalTestExecutionListener, org.springframework.test.context.jdbc.SqlScriptsTestExecutionListener, org.springframework.test.context.event.EventPublishingTestExecutionListener]
2021-12-08 10:42:22,637 INFO org.springframework.test.context.support.AbstractTestContextBootstrapper [main] Using TestExecutionListeners: [org.springframework.test.context.web.ServletTestExecutionListener@468d1fcc, org.springframework.test.context.support.DirtiesContextBeforeModesTestExecutionListener@267093ea, org.springframework.test.context.event.ApplicationEventsTestExecutionListener@6b3bcab7, org.springframework.boot.test.mock.mockito.MockitoTestExecutionListener@7138e064, org.springframework.boot.test.autoconfigure.SpringBootDependencyInjectionTestExecutionListener@5fe5f2f0, org.springframework.test.context.support.DirtiesContextTestExecutionListener@7d28d525, org.springframework.test.context.transaction.TransactionalTestExecutionListener@4873c645, org.springframework.test.context.jdbc.SqlScriptsTestExecutionListener@7e7e34ef, org.springframework.test.context.event.EventPublishingTestExecutionListener@e7c3ba2, org.springframework.boot.test.mock.mockito.ResetMocksTestExecutionListener@35c646b5, org.springframework.boot.test.autoconfigure.restdocs.RestDocsTestExecutionListener@6351efa6, org.springframework.boot.test.autoconfigure.web.client.MockRestServiceServerResetTestExecutionListener@6c07666f, org.springframework.boot.test.autoconfigure.web.servlet.MockMvcPrintOnlyOnFailureTestExecutionListener@349e166, org.springframework.boot.test.autoconfigure.web.servlet.WebDriverTestExecutionListener@4bdec54, org.springframework.boot.test.autoconfigure.webservices.client.MockWebServiceServerTestExecutionListener@68fd0fba]
2021-12-08 10:42:22,721 INFO org.springframework.test.context.support.AbstractTestContextBootstrapper [main] Neither @ContextConfiguration nor @ContextHierarchy found for test class [org.opentesting.RestTests], using SpringBootContextLoader
2021-12-08 10:42:22,726 INFO org.springframework.test.context.support.AbstractContextLoader [main] Could not detect default resource locations for test class [org.opentesting.RestTests]: no resource found for suffixes {-context.xml, Context.groovy}.
2021-12-08 10:42:22,732 INFO org.springframework.test.context.support.AnnotationConfigContextLoaderUtils [main] Could not detect default configuration classes for test class [org.opentesting.RestTests]: RestTests does not declare any static, non-private, non-final, nested classes annotated with @Configuration.
2021-12-08 10:42:22,736 INFO org.springframework.boot.test.context.SpringBootTestContextBootstrapper [main] Found @SpringBootConfiguration org.opentesting.OpenTestingApplication for test class org.opentesting.RestTests
2021-12-08 10:42:22,742 INFO org.springframework.test.context.support.AbstractTestContextBootstrapper [main] Loaded default TestExecutionListener class names from location [META-INF/spring.factories]: [org.springframework.boot.test.mock.mockito.MockitoTestExecutionListener, org.springframework.boot.test.mock.mockito.ResetMocksTestExecutionListener, org.springframework.boot.test.autoconfigure.restdocs.RestDocsTestExecutionListener, org.springframework.boot.test.autoconfigure.web.client.MockRestServiceServerResetTestExecutionListener, org.springframework.boot.test.autoconfigure.web.servlet.MockMvcPrintOnlyOnFailureTestExecutionListener, org.springframework.boot.test.autoconfigure.web.servlet.WebDriverTestExecutionListener, org.springframework.boot.test.autoconfigure.webservices.client.MockWebServiceServerTestExecutionListener, org.springframework.test.context.web.ServletTestExecutionListener, org.springframework.test.context.support.DirtiesContextBeforeModesTestExecutionListener, org.springframework.test.context.event.ApplicationEventsTestExecutionListener, org.springframework.test.context.support.DependencyInjectionTestExecutionListener, org.springframework.test.context.support.DirtiesContextTestExecutionListener, org.springframework.test.context.transaction.TransactionalTestExecutionListener, org.springframework.test.context.jdbc.SqlScriptsTestExecutionListener, org.springframework.test.context.event.EventPublishingTestExecutionListener]
2021-12-08 10:42:22,744 INFO org.springframework.test.context.support.AbstractTestContextBootstrapper [main] Using TestExecutionListeners: [org.springframework.test.context.web.ServletTestExecutionListener@61563a91, org.springframework.test.context.support.DirtiesContextBeforeModesTestExecutionListener@42a057b6, org.springframework.test.context.event.ApplicationEventsTestExecutionListener@4e1ffe54, org.springframework.boot.test.mock.mockito.MockitoTestExecutionListener@62036b05, org.springframework.boot.test.autoconfigure.SpringBootDependencyInjectionTestExecutionListener@32514766, org.springframework.test.context.support.DirtiesContextTestExecutionListener@720cbb7d, org.springframework.test.context.transaction.TransactionalTestExecutionListener@43d00636, org.springframework.test.context.jdbc.SqlScriptsTestExecutionListener@3a72160a, org.springframework.test.context.event.EventPublishingTestExecutionListener@2a01c55, org.springframework.boot.test.mock.mockito.ResetMocksTestExecutionListener@1560982f, org.springframework.boot.test.autoconfigure.restdocs.RestDocsTestExecutionListener@5642cd03, org.springframework.boot.test.autoconfigure.web.client.MockRestServiceServerResetTestExecutionListener@7caa5387, org.springframework.boot.test.autoconfigure.web.servlet.MockMvcPrintOnlyOnFailureTestExecutionListener@7eeabaf3, org.springframework.boot.test.autoconfigure.web.servlet.WebDriverTestExecutionListener@6f5ae4e1, org.springframework.boot.test.autoconfigure.webservices.client.MockWebServiceServerTestExecutionListener@2fb006dc]
2021-12-08 10:42:22,812 WARN org.opentesting.services.rest.ReportingController [main] test not found: 1
org.opentesting.util.exceptions.NotFoundException: test not found: 1
	at org.opentesting.persistence.TestRepository.select(TestRepository.java:89)
	at org.opentesting.persistence.TestRepository$$FastClassBySpringCGLIB$$5dccbd7d.invoke(<generated>)
	at org.springframework.cglib.proxy.MethodProxy.invoke(MethodProxy.java:218)
	at org.springframework.aop.framework.CglibAopProxy$CglibMethodInvocation.invokeJoinpoint(CglibAopProxy.java:783)
	at org.springframework.aop.framework.ReflectiveMethodInvocation.proceed(ReflectiveMethodInvocation.java:163)
	at org.springframework.aop.framework.CglibAopProxy$CglibMethodInvocation.proceed(CglibAopProxy.java:753)
	at org.springframework.aop.aspectj.MethodInvocationProceedingJoinPoint.proceed(MethodInvocationProceedingJoinPoint.java:89)
	at org.opentesting.util.LogExecutionTimeImpl.logExecutionTime(LogExecutionTimeImpl.java:26)
	at jdk.internal.reflect.GeneratedMethodAccessor74.invoke(Unknown Source)
	at java.base/jdk.internal.reflect.DelegatingMethodAccessorImpl.invoke(DelegatingMethodAccessorImpl.java:43)
	at java.base/java.lang.reflect.Method.invoke(Method.java:566)
	at org.springframework.aop.aspectj.AbstractAspectJAdvice.invokeAdviceMethodWithGivenArgs(AbstractAspectJAdvice.java:634)
	at org.springframework.aop.aspectj.AbstractAspectJAdvice.invokeAdviceMethod(AbstractAspectJAdvice.java:624)
	at org.springframework.aop.aspectj.AspectJAroundAdvice.invoke(AspectJAroundAdvice.java:72)
	at org.springframework.aop.framework.ReflectiveMethodInvocation.proceed(ReflectiveMethodInvocation.java:175)
	at org.springframework.aop.framework.CglibAopProxy$CglibMethodInvocation.proceed(CglibAopProxy.java:753)
	at org.springframework.aop.interceptor.ExposeInvocationInterceptor.invoke(ExposeInvocationInterceptor.java:97)
	at org.springframework.aop.framework.ReflectiveMethodInvocation.proceed(ReflectiveMethodInvocation.java:186)
	at org.springframework.aop.framework.CglibAopProxy$CglibMethodInvocation.proceed(CglibAopProxy.java:753)
	at org.springframework.aop.framework.CglibAopProxy$DynamicAdvisedInterceptor.intercept(CglibAopProxy.java:698)
	at org.opentesting.persistence.TestRepository$$EnhancerBySpringCGLIB$$ac78d9dd.select(<generated>)
	at org.opentesting.services.execution.TestAbstractHandler.getTest(TestAbstractHandler.java:76)
	at org.opentesting.services.execution.TestReporting.getTest(TestReporting.java:30)
	at org.opentesting.services.execution.TestReporting$$FastClassBySpringCGLIB$$ce91a6e8.invoke(<generated>)
	at org.springframework.cglib.proxy.MethodProxy.invoke(MethodProxy.java:218)
	at org.springframework.aop.framework.CglibAopProxy$CglibMethodInvocation.invokeJoinpoint(CglibAopProxy.java:783)
	at org.springframework.aop.framework.ReflectiveMethodInvocation.proceed(ReflectiveMethodInvocation.java:163)
	at org.springframework.aop.framework.CglibAopProxy$CglibMethodInvocation.proceed(CglibAopProxy.java:753)
	at org.springframework.aop.aspectj.MethodInvocationProceedingJoinPoint.proceed(MethodInvocationProceedingJoinPoint.java:89)
	at org.opentesting.util.LogExecutionTimeImpl.logExecutionTime(LogExecutionTimeImpl.java:26)
	at jdk.internal.reflect.GeneratedMethodAccessor74.invoke(Unknown Source)
	at java.base/jdk.internal.reflect.DelegatingMethodAccessorImpl.invoke(DelegatingMethodAccessorImpl.java:43)
	at java.base/java.lang.reflect.Method.invoke(Method.java:566)
	at org.springframework.aop.aspectj.AbstractAspectJAdvice.invokeAdviceMethodWithGivenArgs(AbstractAspectJAdvice.java:634)
	at org.springframework.aop.aspectj.AbstractAspectJAdvice.invokeAdviceMethod(AbstractAspectJAdvice.java:624)
	at org.springframework.aop.aspectj.AspectJAroundAdvice.invoke(AspectJAroundAdvice.java:72)
	at org.springframework.aop.framework.ReflectiveMethodInvocation.proceed(ReflectiveMethodInvocation.java:175)
	at org.springframework.aop.framework.CglibAopProxy$CglibMethodInvocation.proceed(CglibAopProxy.java:753)
	at org.springframework.aop.interceptor.ExposeInvocationInterceptor.invoke(ExposeInvocationInterceptor.java:97)
	at org.springframework.aop.framework.ReflectiveMethodInvocation.proceed(ReflectiveMethodInvocation.java:186)
	at org.springframework.aop.framework.CglibAopProxy$CglibMethodInvocation.proceed(CglibAopProxy.java:753)
	at org.springframework.aop.framework.CglibAopProxy$DynamicAdvisedInterceptor.intercept(CglibAopProxy.java:698)
	at org.opentesting.services.execution.TestReporting$$EnhancerBySpringCGLIB$$5aa350fe.getTest(<generated>)
	at org.opentesting.services.rest.ReportingController.get(ReportingController.java:67)
	at org.opentesting.RestTests.testReportingGet(RestTests.java:68)
	at java.base/jdk.internal.reflect.NativeMethodAccessorImpl.invoke0(Native Method)
	at java.base/jdk.internal.reflect.NativeMethodAccessorImpl.invoke(NativeMethodAccessorImpl.java:62)
	at java.base/jdk.internal.reflect.DelegatingMethodAccessorImpl.invoke(DelegatingMethodAccessorImpl.java:43)
	at java.base/java.lang.reflect.Method.invoke(Method.java:566)
	at org.junit.platform.commons.util.ReflectionUtils.invokeMethod(ReflectionUtils.java:688)
	at org.junit.jupiter.engine.execution.MethodInvocation.proceed(MethodInvocation.java:60)
	at org.junit.jupiter.engine.execution.InvocationInterceptorChain$ValidatingInvocation.proceed(InvocationInterceptorChain.java:131)
	at org.junit.jupiter.engine.extension.TimeoutExtension.intercept(TimeoutExtension.java:149)
	at org.junit.jupiter.engine.extension.TimeoutExtension.interceptTestableMethod(TimeoutExtension.java:140)
	at org.junit.jupiter.engine.extension.TimeoutExtension.interceptTestMethod(TimeoutExtension.java:84)
	at org.junit.jupiter.engine.execution.ExecutableInvoker$ReflectiveInterceptorCall.lambda$ofVoidMethod$0(ExecutableInvoker.java:115)
	at org.junit.jupiter.engine.execution.ExecutableInvoker.lambda$invoke$0(ExecutableInvoker.java:105)
	at org.junit.jupiter.engine.execution.InvocationInterceptorChain$InterceptedInvocation.proceed(InvocationInterceptorChain.java:106)
	at org.junit.jupiter.engine.execution.InvocationInterceptorChain.proceed(InvocationInterceptorChain.java:64)
	at org.junit.jupiter.engine.execution.InvocationInterceptorChain.chainAndInvoke(InvocationInterceptorChain.java:45)
	at org.junit.jupiter.engine.execution.InvocationInterceptorChain.invoke(InvocationInterceptorChain.java:37)
	at org.junit.jupiter.engine.execution.ExecutableInvoker.invoke(ExecutableInvoker.java:104)
	at org.junit.jupiter.engine.execution.ExecutableInvoker.invoke(ExecutableInvoker.java:98)
	at org.junit.jupiter.engine.descriptor.TestMethodTestDescriptor.lambda$invokeTestMethod$6(TestMethodTestDescriptor.java:210)
	at org.junit.platform.engine.support.hierarchical.ThrowableCollector.execute(ThrowableCollector.java:73)
	at org.junit.jupiter.engine.descriptor.TestMethodTestDescriptor.invokeTestMethod(TestMethodTestDescriptor.java:206)
	at org.junit.jupiter.engine.descriptor.TestMethodTestDescriptor.execute(TestMethodTestDescriptor.java:131)
	at org.junit.jupiter.engine.descriptor.TestMethodTestDescriptor.execute(TestMethodTestDescriptor.java:65)
	at org.junit.platform.engine.support.hierarchical.NodeTestTask.lambda$executeRecursively$5(NodeTestTask.java:139)
	at org.junit.platform.engine.support.hierarchical.ThrowableCollector.execute(ThrowableCollector.java:73)
	at org.junit.platform.engine.support.hierarchical.NodeTestTask.lambda$executeRecursively$7(NodeTestTask.java:129)
	at org.junit.platform.engine.support.hierarchical.Node.around(Node.java:137)
	at org.junit.platform.engine.support.hierarchical.NodeTestTask.lambda$executeRecursively$8(NodeTestTask.java:127)
	at org.junit.platform.engine.support.hierarchical.ThrowableCollector.execute(ThrowableCollector.java:73)
	at org.junit.platform.engine.support.hierarchical.NodeTestTask.executeRecursively(NodeTestTask.java:126)
	at org.junit.platform.engine.support.hierarchical.NodeTestTask.execute(NodeTestTask.java:84)
	at java.base/java.util.ArrayList.forEach(ArrayList.java:1541)
	at org.junit.platform.engine.support.hierarchical.SameThreadHierarchicalTestExecutorService.invokeAll(SameThreadHierarchicalTestExecutorService.java:38)
	at org.junit.platform.engine.support.hierarchical.NodeTestTask.lambda$executeRecursively$5(NodeTestTask.java:143)
	at org.junit.platform.engine.support.hierarchical.ThrowableCollector.execute(ThrowableCollector.java:73)
	at org.junit.platform.engine.support.hierarchical.NodeTestTask.lambda$executeRecursively$7(NodeTestTask.java:129)
	at org.junit.platform.engine.support.hierarchical.Node.around(Node.java:137)
	at org.junit.platform.engine.support.hierarchical.NodeTestTask.lambda$executeRecursively$8(NodeTestTask.java:127)
	at org.junit.platform.engine.support.hierarchical.ThrowableCollector.execute(ThrowableCollector.java:73)
	at org.junit.platform.engine.support.hierarchical.NodeTestTask.executeRecursively(NodeTestTask.java:126)
	at org.junit.platform.engine.support.hierarchical.NodeTestTask.execute(NodeTestTask.java:84)
	at java.base/java.util.ArrayList.forEach(ArrayList.java:1541)
	at org.junit.platform.engine.support.hierarchical.SameThreadHierarchicalTestExecutorService.invokeAll(SameThreadHierarchicalTestExecutorService.java:38)
	at org.junit.platform.engine.support.hierarchical.NodeTestTask.lambda$executeRecursively$5(NodeTestTask.java:143)
	at org.junit.platform.engine.support.hierarchical.ThrowableCollector.execute(ThrowableCollector.java:73)
	at org.junit.platform.engine.support.hierarchical.NodeTestTask.lambda$executeRecursively$7(NodeTestTask.java:129)
	at org.junit.platform.engine.support.hierarchical.Node.around(Node.java:137)
	at org.junit.platform.engine.support.hierarchical.NodeTestTask.lambda$executeRecursively$8(NodeTestTask.java:127)
	at org.junit.platform.engine.support.hierarchical.ThrowableCollector.execute(ThrowableCollector.java:73)
	at org.junit.platform.engine.support.hierarchical.NodeTestTask.executeRecursively(NodeTestTask.java:126)
	at org.junit.platform.engine.support.hierarchical.NodeTestTask.execute(NodeTestTask.java:84)
	at org.junit.platform.engine.support.hierarchical.SameThreadHierarchicalTestExecutorService.submit(SameThreadHierarchicalTestExecutorService.java:32)
	at org.junit.platform.engine.support.hierarchical.HierarchicalTestExecutor.execute(HierarchicalTestExecutor.java:57)
	at org.junit.platform.engine.support.hierarchical.HierarchicalTestEngine.execute(HierarchicalTestEngine.java:51)
	at org.junit.platform.launcher.core.DefaultLauncher.execute(DefaultLauncher.java:220)
	at org.junit.platform.launcher.core.DefaultLauncher.lambda$execute$6(DefaultLauncher.java:188)
	at org.junit.platform.launcher.core.DefaultLauncher.withInterceptedStreams(DefaultLauncher.java:202)
	at org.junit.platform.launcher.core.DefaultLauncher.execute(DefaultLauncher.java:181)
	at org.junit.platform.launcher.core.DefaultLauncher.execute(DefaultLauncher.java:128)
	at org.apache.maven.surefire.junitplatform.JUnitPlatformProvider.invokeAllTests(JUnitPlatformProvider.java:150)
	at org.apache.maven.surefire.junitplatform.JUnitPlatformProvider.invoke(JUnitPlatformProvider.java:124)
	at org.apache.maven.surefire.booter.ForkedBooter.invokeProviderInSameClassLoader(ForkedBooter.java:384)
	at org.apache.maven.surefire.booter.ForkedBooter.runSuitesInProcess(ForkedBooter.java:345)
	at org.apache.maven.surefire.booter.ForkedBooter.execute(ForkedBooter.java:126)
	at org.apache.maven.surefire.booter.ForkedBooter.main(ForkedBooter.java:418)
2021-12-08 10:42:22,822 INFO org.opentesting.RestTests [main] ##### testReportingGet done #####
2021-12-08 10:42:22,846 INFO org.opentesting.RestTests [main] ##### testTemplateTestcase done #####
2021-12-08 10:42:22,869 INFO org.opentesting.RestTests [main] ##### testDummyGet done #####
2021-12-08 10:42:22,895 INFO org.opentesting.RestTests [main] ##### testTemplateDashboard done #####
2021-12-08 10:42:22,927 INFO org.opentesting.RestTests [main] ##### testDummyPost done #####
2021-12-08 10:42:22,998 INFO org.opentesting.services.rest.UploadController [main] ##### upload ##### file local_test_00001/source_rest_headers_1.json stored: local_test_00001 - source_rest_headers_1.json stored
2021-12-08 10:42:23,004 INFO org.opentesting.services.rest.UploadController [main] ##### upload ##### file local_test_00001/check_cassandra_2.json stored: local_test_00001 - check_cassandra_2.json stored
2021-12-08 10:42:23,011 INFO org.opentesting.services.rest.UploadController [main] ##### upload ##### file local_test_00001/source_kafka_1.txt stored: local_test_00001 - source_kafka_1.txt stored
2021-12-08 10:42:23,018 INFO org.opentesting.services.rest.UploadController [main] ##### upload ##### file local_test_00001/source_cassandra_1.cql stored: local_test_00001 - source_cassandra_1.cql stored
2021-12-08 10:42:23,023 INFO org.opentesting.services.rest.UploadController [main] ##### upload ##### file local_test_00001/check_rest_headers_1.json stored: local_test_00001 - check_rest_headers_1.json stored
2021-12-08 10:42:23,028 INFO org.opentesting.services.rest.UploadController [main] ##### upload ##### file local_test_00001/source_kafka_headers_1.json stored: local_test_00001 - source_kafka_headers_1.json stored
2021-12-08 10:42:23,036 INFO org.opentesting.services.rest.UploadController [main] ##### upload ##### file local_test_00001/check_cassandra_param_1.cql stored: local_test_00001 - check_cassandra_param_1.cql stored
2021-12-08 10:42:23,043 INFO org.opentesting.services.rest.UploadController [main] ##### upload ##### file local_test_00001/source_rest_1.json stored: local_test_00001 - source_rest_1.json stored
2021-12-08 10:42:23,052 INFO org.opentesting.services.rest.UploadController [main] ##### upload ##### file local_test_00001/check_rest_1.json stored: local_test_00001 - check_rest_1.json stored
2021-12-08 10:42:23,058 INFO org.opentesting.services.rest.UploadController [main] ##### upload ##### file local_test_00001/check_kafka_1.txt stored: local_test_00001 - check_kafka_1.txt stored
2021-12-08 10:42:23,070 INFO org.opentesting.services.rest.UploadController [main] ##### upload ##### file local_test_00001/check_cassandra_param_2.cql stored: local_test_00001 - check_cassandra_param_2.cql stored
2021-12-08 10:42:23,078 INFO org.opentesting.services.rest.UploadController [main] ##### upload ##### file local_test_00001/check_cassandra_1.json stored: local_test_00001 - check_cassandra_1.json stored
2021-12-08 10:42:23,194 INFO org.opentesting.services.execution.TestScheduler [main] planing local_test_00001 with 3 injections and 4 checks
2021-12-08 10:42:23,427 INFO org.apache.kafka.common.config.AbstractConfig [main] ConsumerConfig values: 
	allow.auto.create.topics = true
	auto.commit.interval.ms = 5000
	auto.offset.reset = latest
	bootstrap.servers = [localhost:9092]
	check.crcs = true
	client.dns.lookup = use_all_dns_ips
	client.id = consumer-e2etests-1
	client.rack = 
	connections.max.idle.ms = 540000
	default.api.timeout.ms = 60000
	enable.auto.commit = false
	exclude.internal.topics = true
	fetch.max.bytes = 52428800
	fetch.max.wait.ms = 500
	fetch.min.bytes = 1
	group.id = e2etests
	group.instance.id = null
	heartbeat.interval.ms = 3000
	interceptor.classes = []
	internal.leave.group.on.close = true
	internal.throw.on.fetch.stable.offset.unsupported = false
	isolation.level = read_uncommitted
	key.deserializer = class org.apache.kafka.common.serialization.StringDeserializer
	max.partition.fetch.bytes = 1048576
	max.poll.interval.ms = 300000
	max.poll.records = 500
	metadata.max.age.ms = 300000
	metric.reporters = []
	metrics.num.samples = 2
	metrics.recording.level = INFO
	metrics.sample.window.ms = 30000
	partition.assignment.strategy = [class org.apache.kafka.clients.consumer.RangeAssignor]
	receive.buffer.bytes = 65536
	reconnect.backoff.max.ms = 1000
	reconnect.backoff.ms = 50
	request.timeout.ms = 30000
	retry.backoff.ms = 100
	sasl.client.callback.handler.class = null
	sasl.jaas.config = null
	sasl.kerberos.kinit.cmd = /usr/bin/kinit
	sasl.kerberos.min.time.before.relogin = 60000
	sasl.kerberos.service.name = null
	sasl.kerberos.ticket.renew.jitter = 0.05
	sasl.kerberos.ticket.renew.window.factor = 0.8
	sasl.login.callback.handler.class = null
	sasl.login.class = null
	sasl.login.refresh.buffer.seconds = 300
	sasl.login.refresh.min.period.seconds = 60
	sasl.login.refresh.window.factor = 0.8
	sasl.login.refresh.window.jitter = 0.05
	sasl.mechanism = GSSAPI
	security.protocol = PLAINTEXT
	security.providers = null
	send.buffer.bytes = 131072
	session.timeout.ms = 10000
	socket.connection.setup.timeout.max.ms = 127000
	socket.connection.setup.timeout.ms = 10000
	ssl.cipher.suites = null
	ssl.enabled.protocols = [TLSv1.2, TLSv1.3]
	ssl.endpoint.identification.algorithm = https
	ssl.engine.factory.class = null
	ssl.key.password = null
	ssl.keymanager.algorithm = SunX509
	ssl.keystore.certificate.chain = null
	ssl.keystore.key = null
	ssl.keystore.location = null
	ssl.keystore.password = null
	ssl.keystore.type = JKS
	ssl.protocol = TLSv1.3
	ssl.provider = null
	ssl.secure.random.implementation = null
	ssl.trustmanager.algorithm = PKIX
	ssl.truststore.certificates = null
	ssl.truststore.location = null
	ssl.truststore.password = null
	ssl.truststore.type = JKS
	value.deserializer = class org.apache.kafka.common.serialization.StringDeserializer

2021-12-08 10:42:23,747 INFO org.apache.kafka.common.utils.AppInfoParser$AppInfo [main] Kafka version: 2.7.1
2021-12-08 10:42:23,748 INFO org.apache.kafka.common.utils.AppInfoParser$AppInfo [main] Kafka commitId: 61dbce85d0d41457
2021-12-08 10:42:23,749 INFO org.apache.kafka.common.utils.AppInfoParser$AppInfo [main] Kafka startTimeMs: 1638956543741
2021-12-08 10:42:23,763 INFO org.apache.kafka.clients.consumer.KafkaConsumer [main] [Consumer clientId=consumer-e2etests-1, groupId=e2etests] Subscribed to topic(s): mytopic1
2021-12-08 10:42:24,708 INFO org.apache.kafka.clients.Metadata [-C-1] [Consumer clientId=consumer-e2etests-1, groupId=e2etests] Cluster ID: tfYwtpXjS4KAeeb-Xq0e2w
2021-12-08 10:42:24,713 INFO org.apache.kafka.clients.consumer.internals.AbstractCoordinator$FindCoordinatorResponseHandler [-C-1] [Consumer clientId=consumer-e2etests-1, groupId=e2etests] Discovered group coordinator localhost:9092 (id: 2147482646 rack: null)
2021-12-08 10:42:24,724 INFO org.apache.kafka.clients.consumer.internals.AbstractCoordinator [-C-1] [Consumer clientId=consumer-e2etests-1, groupId=e2etests] (Re-)joining group
2021-12-08 10:42:24,759 INFO org.apache.kafka.clients.consumer.internals.AbstractCoordinator [-C-1] [Consumer clientId=consumer-e2etests-1, groupId=e2etests] (Re-)joining group
2021-12-08 10:42:24,780 INFO org.opentesting.services.adapter.kafka.OpenTestingKafkaConsumerFactory [main] KafkaConsumer created: localhost:9092#mytopic1#
2021-12-08 10:42:24,818 INFO org.opentesting.services.scheduler.TimerFactory [main] Timer(s) 3bd804d5-d8f1-4b9d-875d-43b3f4bad543 created: 6
2021-12-08 10:42:24,842 INFO org.opentesting.services.scheduler.TimerFactory [main] Timer(s) 2db38a68-6631-4029-9c6c-585ab1fddb1d created: 6
2021-12-08 10:42:24,856 INFO org.opentesting.services.scheduler.TimerFactory [main] Timer(s) 2346f8ec-b5a0-49ed-9a23-4fed0731c1f7 created: 6
2021-12-08 10:42:24,908 INFO org.opentesting.services.prometheus.Prometheus [main] Prometheus Counter created: schedule#testid#_total#success#_total#labels#_total, actual size of the map: 0
2021-12-08 10:42:24,913 INFO org.opentesting.services.prometheus.Prometheus [main] Prometheus Counter created: schedule#testid#local_test_00001#success#_total#labels#|stage-all|department-mydepartment|function-myfunction|, actual size of the map: 1
2021-12-08 10:42:24,918 INFO org.opentesting.services.prometheus.Prometheus [main] Prometheus Counter created: schedule#testid#local_test_00001#success#true#labels#|stage-all|department-mydepartment|function-myfunction|, actual size of the map: 2
2021-12-08 10:42:24,920 INFO org.opentesting.services.rest.UploadController [main] ##### upload ##### test case local_test_00001 planned: Test scheduled - here's the time-to-live of your injects: inject-kafka-1=5d (2021-12-08T10:42:24.820070) inject-cassandra-1=5d (2021-12-08T10:42:24.844713) inject-rest-1=5d (2021-12-08T10:42:24.857719)
2021-12-08 10:42:24,925 INFO org.opentesting.services.rest.UploadController [main] ##### upload ##### file local_test_00002/source_kafka_1.txt stored: local_test_00002 - source_kafka_1.txt stored
2021-12-08 10:42:24,934 INFO org.opentesting.services.rest.UploadController [main] ##### upload ##### file local_test_00002/source_kafka_headers_1.json stored: local_test_00002 - source_kafka_headers_1.json stored
2021-12-08 10:42:24,941 INFO org.opentesting.services.rest.UploadController [main] ##### upload ##### file local_test_00002/check_kafka_1.txt stored: local_test_00002 - check_kafka_1.txt stored
2021-12-08 10:42:24,951 INFO org.opentesting.services.execution.TestScheduler [main] planing local_test_00002 with 1 injections and 1 checks
2021-12-08 10:42:24,957 INFO org.opentesting.services.adapter.kafka.OpenTestingKafkaConsumerFactory [main] kafka consumer already exists: localhost:9092#mytopic1#
2021-12-08 10:42:24,970 INFO org.opentesting.services.scheduler.TimerFactory [main] Timer(s) 3a288b27-a1f0-46cf-a020-54a384775cbe created: 6
2021-12-08 10:42:24,986 INFO org.opentesting.services.prometheus.Prometheus [main] Prometheus Counter created: schedule#testid#local_test_00002#success#_total#labels#|stage-local|department-mydepartment|function-myfunction|, actual size of the map: 3
2021-12-08 10:42:24,987 INFO org.opentesting.services.prometheus.Prometheus [main] Prometheus Counter created: schedule#testid#local_test_00002#success#true#labels#|stage-local|department-mydepartment|function-myfunction|, actual size of the map: 4
2021-12-08 10:42:24,994 INFO org.opentesting.services.rest.UploadController [main] ##### upload ##### test case local_test_00002 planned: Test scheduled - here's the time-to-live of your injects: inject-kafka-1=5d (2021-12-08T10:42:24.974241)
2021-12-08 10:42:25,001 INFO org.opentesting.services.rest.UploadController [main] ##### upload ##### file local_test_00003/check_cassandra_2.json stored: local_test_00003 - check_cassandra_2.json stored
2021-12-08 10:42:25,006 INFO org.opentesting.services.rest.UploadController [main] ##### upload ##### file local_test_00003/source_cassandra_1.cql stored: local_test_00003 - source_cassandra_1.cql stored
2021-12-08 10:42:25,012 INFO org.opentesting.services.rest.UploadController [main] ##### upload ##### file local_test_00003/check_cassandra_param_1.cql stored: local_test_00003 - check_cassandra_param_1.cql stored
2021-12-08 10:42:25,018 INFO org.opentesting.services.rest.UploadController [main] ##### upload ##### file local_test_00003/check_cassandra_param_2.cql stored: local_test_00003 - check_cassandra_param_2.cql stored
2021-12-08 10:42:25,023 INFO org.opentesting.services.rest.UploadController [main] ##### upload ##### file local_test_00003/check_cassandra_1.json stored: local_test_00003 - check_cassandra_1.json stored
2021-12-08 10:42:25,031 INFO org.opentesting.services.execution.TestScheduler [main] planing local_test_00003 with 1 injections and 2 checks
2021-12-08 10:42:25,048 INFO org.opentesting.services.scheduler.TimerFactory [main] Timer(s) 88b2ce2d-7c28-434f-a450-9f8b865148b9 created: 6
2021-12-08 10:42:25,061 INFO org.opentesting.services.prometheus.Prometheus [main] Prometheus Counter created: schedule#testid#local_test_00003#success#_total#labels#|stage-local|department-mydepartment|function-myfunction|, actual size of the map: 5
2021-12-08 10:42:25,063 INFO org.opentesting.services.prometheus.Prometheus [main] Prometheus Counter created: schedule#testid#local_test_00003#success#true#labels#|stage-local|department-mydepartment|function-myfunction|, actual size of the map: 6
2021-12-08 10:42:25,064 INFO org.opentesting.services.rest.UploadController [main] ##### upload ##### test case local_test_00003 planned: Test scheduled - here's the time-to-live of your injects: inject-cassandra-1=5d (2021-12-08T10:42:25.050022)
2021-12-08 10:42:25,070 INFO org.opentesting.services.rest.UploadController [main] ##### upload ##### file local_test_00004/source_rest_headers_1.json stored: local_test_00004 - source_rest_headers_1.json stored
2021-12-08 10:42:25,078 INFO org.opentesting.services.rest.UploadController [main] ##### upload ##### file local_test_00004/check_rest_param1.json stored: local_test_00004 - check_rest_param1.json stored
2021-12-08 10:42:25,083 INFO org.opentesting.services.rest.UploadController [main] ##### upload ##### file local_test_00004/check_rest_2.json stored: local_test_00004 - check_rest_2.json stored
2021-12-08 10:42:25,089 INFO org.opentesting.services.rest.UploadController [main] ##### upload ##### file local_test_00004/check_rest_headers_1.json stored: local_test_00004 - check_rest_headers_1.json stored
2021-12-08 10:42:25,095 INFO org.opentesting.services.rest.UploadController [main] ##### upload ##### file local_test_00004/source_rest_1.json stored: local_test_00004 - source_rest_1.json stored
2021-12-08 10:42:25,104 INFO org.opentesting.services.rest.UploadController [main] ##### upload ##### file local_test_00004/check_rest_1.json stored: local_test_00004 - check_rest_1.json stored
2021-12-08 10:42:25,119 INFO org.opentesting.services.execution.TestScheduler [main] planing local_test_00004 with 2 injections and 2 checks
2021-12-08 10:42:25,137 INFO org.opentesting.services.scheduler.TimerFactory [main] Timer(s) e832347f-996a-46c4-82de-86839b1024e7 created: 2
2021-12-08 10:42:25,139 INFO org.opentesting.services.scheduler.TimerFactory [main] Timer(s) de29d912-8f71-4d57-9a37-25504ad8d4de created: 0
2021-12-08 10:42:25,157 INFO org.opentesting.services.prometheus.Prometheus [main] Prometheus Counter created: schedule#testid#local_test_00004#success#_total#labels#|stage-local|department-mydepartment|function-myfunction|, actual size of the map: 7
2021-12-08 10:42:25,158 INFO org.opentesting.services.prometheus.Prometheus [main] Prometheus Counter created: schedule#testid#local_test_00004#success#true#labels#|stage-local|department-mydepartment|function-myfunction|, actual size of the map: 8
2021-12-08 10:42:25,160 INFO org.opentesting.services.rest.UploadController [main] ##### upload ##### test case local_test_00004 planned: Test scheduled - here's the time-to-live of your injects: inject-rest-1=5d (2021-12-08T10:42:25.138822) inject-rest-2=5d (2021-12-08T10:42:25.140545)
2021-12-08 10:42:25,166 INFO org.opentesting.services.rest.UploadController [main] ##### upload ##### file local_test_00005/check_oracle_1.json stored: local_test_00005 - check_oracle_1.json stored
2021-12-08 10:42:25,172 INFO org.opentesting.services.rest.UploadController [main] ##### upload ##### file local_test_00005/check_oracle_param_1.sql stored: local_test_00005 - check_oracle_param_1.sql stored
2021-12-08 10:42:25,177 INFO org.opentesting.services.rest.UploadController [main] ##### upload ##### file local_test_00005/source_oracle_1.sql stored: local_test_00005 - source_oracle_1.sql stored
2021-12-08 10:42:25,184 INFO org.opentesting.services.execution.TestScheduler [main] planing local_test_00005 with 1 injections and 1 checks
2021-12-08 10:42:25,197 INFO org.opentesting.services.scheduler.TimerFactory [main] Timer(s) f74f8fe8-d224-4a10-abe8-40133c2fb412 created: 6
2021-12-08 10:42:25,211 INFO org.opentesting.services.prometheus.Prometheus [main] Prometheus Counter created: schedule#testid#local_test_00005#success#_total#labels#|stage-local|department-mydepartment|function-myfunction|, actual size of the map: 9
2021-12-08 10:42:25,212 INFO org.opentesting.services.prometheus.Prometheus [main] Prometheus Counter created: schedule#testid#local_test_00005#success#true#labels#|stage-local|department-mydepartment|function-myfunction|, actual size of the map: 10
2021-12-08 10:42:25,213 INFO org.opentesting.services.rest.UploadController [main] ##### upload ##### test case local_test_00005 planned: Test scheduled - here's the time-to-live of your injects: inject-oracle-1=5d (2021-12-08T10:42:25.198248)
2021-12-08 10:42:25,221 INFO org.opentesting.services.rest.UploadController [main] ##### upload ##### file local_test_00006/check_postgresql_param_1.sql stored: local_test_00006 - check_postgresql_param_1.sql stored
2021-12-08 10:42:25,227 INFO org.opentesting.services.rest.UploadController [main] ##### upload ##### file local_test_00006/source_postgresql_1.sql stored: local_test_00006 - source_postgresql_1.sql stored
2021-12-08 10:42:25,234 INFO org.opentesting.services.rest.UploadController [main] ##### upload ##### file local_test_00006/check_postgresql_1.json stored: local_test_00006 - check_postgresql_1.json stored
2021-12-08 10:42:25,239 INFO org.opentesting.services.execution.TestScheduler [main] planing local_test_00006 with 1 injections and 1 checks
2021-12-08 10:42:25,259 INFO org.opentesting.services.scheduler.TimerFactory [main] Timer(s) e3e5e636-e961-431f-b52d-06e4f16be505 created: 6
2021-12-08 10:42:25,274 INFO org.opentesting.services.prometheus.Prometheus [main] Prometheus Counter created: schedule#testid#local_test_00006#success#_total#labels#|stage-local|department-mydepartment|function-myfunction|, actual size of the map: 11
2021-12-08 10:42:25,275 INFO org.opentesting.services.prometheus.Prometheus [main] Prometheus Counter created: schedule#testid#local_test_00006#success#true#labels#|stage-local|department-mydepartment|function-myfunction|, actual size of the map: 12
2021-12-08 10:42:25,277 INFO org.opentesting.services.rest.UploadController [main] ##### upload ##### test case local_test_00006 planned: Test scheduled - here's the time-to-live of your injects: inject-postgresql-1=5d (2021-12-08T10:42:25.261417)
2021-12-08 10:42:25,278 INFO org.opentesting.RestTests [main] ##### testUploadTestCases done #####
2021-12-08 10:42:25,303 WARN org.opentesting.services.rest.ReportingController [main] test not found: 1, 1
org.opentesting.util.exceptions.NotFoundException: value not found: 1, 1
	at org.opentesting.persistence.KeyValueRepository.select(KeyValueRepository.java:68)
	at org.opentesting.persistence.KeyValueRepository$$FastClassBySpringCGLIB$$88b486bd.invoke(<generated>)
	at org.springframework.cglib.proxy.MethodProxy.invoke(MethodProxy.java:218)
	at org.springframework.aop.framework.CglibAopProxy$CglibMethodInvocation.invokeJoinpoint(CglibAopProxy.java:783)
	at org.springframework.aop.framework.ReflectiveMethodInvocation.proceed(ReflectiveMethodInvocation.java:163)
	at org.springframework.aop.framework.CglibAopProxy$CglibMethodInvocation.proceed(CglibAopProxy.java:753)
	at org.springframework.aop.aspectj.MethodInvocationProceedingJoinPoint.proceed(MethodInvocationProceedingJoinPoint.java:89)
	at org.opentesting.util.LogExecutionTimeImpl.logExecutionTime(LogExecutionTimeImpl.java:26)
	at jdk.internal.reflect.GeneratedMethodAccessor74.invoke(Unknown Source)
	at java.base/jdk.internal.reflect.DelegatingMethodAccessorImpl.invoke(DelegatingMethodAccessorImpl.java:43)
	at java.base/java.lang.reflect.Method.invoke(Method.java:566)
	at org.springframework.aop.aspectj.AbstractAspectJAdvice.invokeAdviceMethodWithGivenArgs(AbstractAspectJAdvice.java:634)
	at org.springframework.aop.aspectj.AbstractAspectJAdvice.invokeAdviceMethod(AbstractAspectJAdvice.java:624)
	at org.springframework.aop.aspectj.AspectJAroundAdvice.invoke(AspectJAroundAdvice.java:72)
	at org.springframework.aop.framework.ReflectiveMethodInvocation.proceed(ReflectiveMethodInvocation.java:175)
	at org.springframework.aop.framework.CglibAopProxy$CglibMethodInvocation.proceed(CglibAopProxy.java:753)
	at org.springframework.aop.interceptor.ExposeInvocationInterceptor.invoke(ExposeInvocationInterceptor.java:97)
	at org.springframework.aop.framework.ReflectiveMethodInvocation.proceed(ReflectiveMethodInvocation.java:186)
	at org.springframework.aop.framework.CglibAopProxy$CglibMethodInvocation.proceed(CglibAopProxy.java:753)
	at org.springframework.aop.framework.CglibAopProxy$DynamicAdvisedInterceptor.intercept(CglibAopProxy.java:698)
	at org.opentesting.persistence.KeyValueRepository$$EnhancerBySpringCGLIB$$bab7fd9d.select(<generated>)
	at org.opentesting.services.execution.TestAbstractHandler.getFile(TestAbstractHandler.java:56)
	at org.opentesting.services.execution.TestAbstractHandler$$FastClassBySpringCGLIB$$85d3e202.invoke(<generated>)
	at org.springframework.cglib.proxy.MethodProxy.invoke(MethodProxy.java:218)
	at org.springframework.aop.framework.CglibAopProxy$CglibMethodInvocation.invokeJoinpoint(CglibAopProxy.java:783)
	at org.springframework.aop.framework.ReflectiveMethodInvocation.proceed(ReflectiveMethodInvocation.java:163)
	at org.springframework.aop.framework.CglibAopProxy$CglibMethodInvocation.proceed(CglibAopProxy.java:753)
	at org.springframework.aop.aspectj.MethodInvocationProceedingJoinPoint.proceed(MethodInvocationProceedingJoinPoint.java:89)
	at org.opentesting.util.LogExecutionTimeImpl.logExecutionTime(LogExecutionTimeImpl.java:26)
	at jdk.internal.reflect.GeneratedMethodAccessor74.invoke(Unknown Source)
	at java.base/jdk.internal.reflect.DelegatingMethodAccessorImpl.invoke(DelegatingMethodAccessorImpl.java:43)
	at java.base/java.lang.reflect.Method.invoke(Method.java:566)
	at org.springframework.aop.aspectj.AbstractAspectJAdvice.invokeAdviceMethodWithGivenArgs(AbstractAspectJAdvice.java:634)
	at org.springframework.aop.aspectj.AbstractAspectJAdvice.invokeAdviceMethod(AbstractAspectJAdvice.java:624)
	at org.springframework.aop.aspectj.AspectJAroundAdvice.invoke(AspectJAroundAdvice.java:72)
	at org.springframework.aop.framework.ReflectiveMethodInvocation.proceed(ReflectiveMethodInvocation.java:175)
	at org.springframework.aop.framework.CglibAopProxy$CglibMethodInvocation.proceed(CglibAopProxy.java:753)
	at org.springframework.aop.interceptor.ExposeInvocationInterceptor.invoke(ExposeInvocationInterceptor.java:97)
	at org.springframework.aop.framework.ReflectiveMethodInvocation.proceed(ReflectiveMethodInvocation.java:186)
	at org.springframework.aop.framework.CglibAopProxy$CglibMethodInvocation.proceed(CglibAopProxy.java:753)
	at org.springframework.aop.framework.CglibAopProxy$DynamicAdvisedInterceptor.intercept(CglibAopProxy.java:698)
	at org.opentesting.services.execution.TestReporting$$EnhancerBySpringCGLIB$$5aa350fe.getFile(<generated>)
	at org.opentesting.services.rest.ReportingController.getFile(ReportingController.java:90)
	at org.opentesting.RestTests.testReportingGetFile(RestTests.java:78)
	at java.base/jdk.internal.reflect.NativeMethodAccessorImpl.invoke0(Native Method)
	at java.base/jdk.internal.reflect.NativeMethodAccessorImpl.invoke(NativeMethodAccessorImpl.java:62)
	at java.base/jdk.internal.reflect.DelegatingMethodAccessorImpl.invoke(DelegatingMethodAccessorImpl.java:43)
	at java.base/java.lang.reflect.Method.invoke(Method.java:566)
	at org.junit.platform.commons.util.ReflectionUtils.invokeMethod(ReflectionUtils.java:688)
	at org.junit.jupiter.engine.execution.MethodInvocation.proceed(MethodInvocation.java:60)
	at org.junit.jupiter.engine.execution.InvocationInterceptorChain$ValidatingInvocation.proceed(InvocationInterceptorChain.java:131)
	at org.junit.jupiter.engine.extension.TimeoutExtension.intercept(TimeoutExtension.java:149)
	at org.junit.jupiter.engine.extension.TimeoutExtension.interceptTestableMethod(TimeoutExtension.java:140)
	at org.junit.jupiter.engine.extension.TimeoutExtension.interceptTestMethod(TimeoutExtension.java:84)
	at org.junit.jupiter.engine.execution.ExecutableInvoker$ReflectiveInterceptorCall.lambda$ofVoidMethod$0(ExecutableInvoker.java:115)
	at org.junit.jupiter.engine.execution.ExecutableInvoker.lambda$invoke$0(ExecutableInvoker.java:105)
	at org.junit.jupiter.engine.execution.InvocationInterceptorChain$InterceptedInvocation.proceed(InvocationInterceptorChain.java:106)
	at org.junit.jupiter.engine.execution.InvocationInterceptorChain.proceed(InvocationInterceptorChain.java:64)
	at org.junit.jupiter.engine.execution.InvocationInterceptorChain.chainAndInvoke(InvocationInterceptorChain.java:45)
	at org.junit.jupiter.engine.execution.InvocationInterceptorChain.invoke(InvocationInterceptorChain.java:37)
	at org.junit.jupiter.engine.execution.ExecutableInvoker.invoke(ExecutableInvoker.java:104)
	at org.junit.jupiter.engine.execution.ExecutableInvoker.invoke(ExecutableInvoker.java:98)
	at org.junit.jupiter.engine.descriptor.TestMethodTestDescriptor.lambda$invokeTestMethod$6(TestMethodTestDescriptor.java:210)
	at org.junit.platform.engine.support.hierarchical.ThrowableCollector.execute(ThrowableCollector.java:73)
	at org.junit.jupiter.engine.descriptor.TestMethodTestDescriptor.invokeTestMethod(TestMethodTestDescriptor.java:206)
	at org.junit.jupiter.engine.descriptor.TestMethodTestDescriptor.execute(TestMethodTestDescriptor.java:131)
	at org.junit.jupiter.engine.descriptor.TestMethodTestDescriptor.execute(TestMethodTestDescriptor.java:65)
	at org.junit.platform.engine.support.hierarchical.NodeTestTask.lambda$executeRecursively$5(NodeTestTask.java:139)
	at org.junit.platform.engine.support.hierarchical.ThrowableCollector.execute(ThrowableCollector.java:73)
	at org.junit.platform.engine.support.hierarchical.NodeTestTask.lambda$executeRecursively$7(NodeTestTask.java:129)
	at org.junit.platform.engine.support.hierarchical.Node.around(Node.java:137)
	at org.junit.platform.engine.support.hierarchical.NodeTestTask.lambda$executeRecursively$8(NodeTestTask.java:127)
	at org.junit.platform.engine.support.hierarchical.ThrowableCollector.execute(ThrowableCollector.java:73)
	at org.junit.platform.engine.support.hierarchical.NodeTestTask.executeRecursively(NodeTestTask.java:126)
	at org.junit.platform.engine.support.hierarchical.NodeTestTask.execute(NodeTestTask.java:84)
	at java.base/java.util.ArrayList.forEach(ArrayList.java:1541)
	at org.junit.platform.engine.support.hierarchical.SameThreadHierarchicalTestExecutorService.invokeAll(SameThreadHierarchicalTestExecutorService.java:38)
	at org.junit.platform.engine.support.hierarchical.NodeTestTask.lambda$executeRecursively$5(NodeTestTask.java:143)
	at org.junit.platform.engine.support.hierarchical.ThrowableCollector.execute(ThrowableCollector.java:73)
	at org.junit.platform.engine.support.hierarchical.NodeTestTask.lambda$executeRecursively$7(NodeTestTask.java:129)
	at org.junit.platform.engine.support.hierarchical.Node.around(Node.java:137)
	at org.junit.platform.engine.support.hierarchical.NodeTestTask.lambda$executeRecursively$8(NodeTestTask.java:127)
	at org.junit.platform.engine.support.hierarchical.ThrowableCollector.execute(ThrowableCollector.java:73)
	at org.junit.platform.engine.support.hierarchical.NodeTestTask.executeRecursively(NodeTestTask.java:126)
	at org.junit.platform.engine.support.hierarchical.NodeTestTask.execute(NodeTestTask.java:84)
	at java.base/java.util.ArrayList.forEach(ArrayList.java:1541)
	at org.junit.platform.engine.support.hierarchical.SameThreadHierarchicalTestExecutorService.invokeAll(SameThreadHierarchicalTestExecutorService.java:38)
	at org.junit.platform.engine.support.hierarchical.NodeTestTask.lambda$executeRecursively$5(NodeTestTask.java:143)
	at org.junit.platform.engine.support.hierarchical.ThrowableCollector.execute(ThrowableCollector.java:73)
	at org.junit.platform.engine.support.hierarchical.NodeTestTask.lambda$executeRecursively$7(NodeTestTask.java:129)
	at org.junit.platform.engine.support.hierarchical.Node.around(Node.java:137)
	at org.junit.platform.engine.support.hierarchical.NodeTestTask.lambda$executeRecursively$8(NodeTestTask.java:127)
	at org.junit.platform.engine.support.hierarchical.ThrowableCollector.execute(ThrowableCollector.java:73)
	at org.junit.platform.engine.support.hierarchical.NodeTestTask.executeRecursively(NodeTestTask.java:126)
	at org.junit.platform.engine.support.hierarchical.NodeTestTask.execute(NodeTestTask.java:84)
	at org.junit.platform.engine.support.hierarchical.SameThreadHierarchicalTestExecutorService.submit(SameThreadHierarchicalTestExecutorService.java:32)
	at org.junit.platform.engine.support.hierarchical.HierarchicalTestExecutor.execute(HierarchicalTestExecutor.java:57)
	at org.junit.platform.engine.support.hierarchical.HierarchicalTestEngine.execute(HierarchicalTestEngine.java:51)
	at org.junit.platform.launcher.core.DefaultLauncher.execute(DefaultLauncher.java:220)
	at org.junit.platform.launcher.core.DefaultLauncher.lambda$execute$6(DefaultLauncher.java:188)
	at org.junit.platform.launcher.core.DefaultLauncher.withInterceptedStreams(DefaultLauncher.java:202)
	at org.junit.platform.launcher.core.DefaultLauncher.execute(DefaultLauncher.java:181)
	at org.junit.platform.launcher.core.DefaultLauncher.execute(DefaultLauncher.java:128)
	at org.apache.maven.surefire.junitplatform.JUnitPlatformProvider.invokeAllTests(JUnitPlatformProvider.java:150)
	at org.apache.maven.surefire.junitplatform.JUnitPlatformProvider.invoke(JUnitPlatformProvider.java:124)
	at org.apache.maven.surefire.booter.ForkedBooter.invokeProviderInSameClassLoader(ForkedBooter.java:384)
	at org.apache.maven.surefire.booter.ForkedBooter.runSuitesInProcess(ForkedBooter.java:345)
	at org.apache.maven.surefire.booter.ForkedBooter.execute(ForkedBooter.java:126)
	at org.apache.maven.surefire.booter.ForkedBooter.main(ForkedBooter.java:418)
2021-12-08 10:42:25,307 INFO org.opentesting.RestTests [main] ##### testReportingGetFile done #####
2021-12-08 10:42:25,336 INFO org.opentesting.RestTests [main] ##### testReportingSearch done #####
2021-12-08 10:42:25,365 INFO org.springframework.test.context.support.AbstractTestContextBootstrapper [main] Neither @ContextConfiguration nor @ContextHierarchy found for test class [org.opentesting.BackendTests], using SpringBootContextLoader
2021-12-08 10:42:25,369 INFO org.springframework.test.context.support.AbstractContextLoader [main] Could not detect default resource locations for test class [org.opentesting.BackendTests]: no resource found for suffixes {-context.xml, Context.groovy}.
2021-12-08 10:42:25,370 INFO org.springframework.test.context.support.AnnotationConfigContextLoaderUtils [main] Could not detect default configuration classes for test class [org.opentesting.BackendTests]: BackendTests does not declare any static, non-private, non-final, nested classes annotated with @Configuration.
2021-12-08 10:42:25,373 INFO org.springframework.boot.test.context.SpringBootTestContextBootstrapper [main] Found @SpringBootConfiguration org.opentesting.OpenTestingApplication for test class org.opentesting.BackendTests
2021-12-08 10:42:25,380 INFO org.springframework.test.context.support.AbstractTestContextBootstrapper [main] Loaded default TestExecutionListener class names from location [META-INF/spring.factories]: [org.springframework.boot.test.mock.mockito.MockitoTestExecutionListener, org.springframework.boot.test.mock.mockito.ResetMocksTestExecutionListener, org.springframework.boot.test.autoconfigure.restdocs.RestDocsTestExecutionListener, org.springframework.boot.test.autoconfigure.web.client.MockRestServiceServerResetTestExecutionListener, org.springframework.boot.test.autoconfigure.web.servlet.MockMvcPrintOnlyOnFailureTestExecutionListener, org.springframework.boot.test.autoconfigure.web.servlet.WebDriverTestExecutionListener, org.springframework.boot.test.autoconfigure.webservices.client.MockWebServiceServerTestExecutionListener, org.springframework.test.context.web.ServletTestExecutionListener, org.springframework.test.context.support.DirtiesContextBeforeModesTestExecutionListener, org.springframework.test.context.event.ApplicationEventsTestExecutionListener, org.springframework.test.context.support.DependencyInjectionTestExecutionListener, org.springframework.test.context.support.DirtiesContextTestExecutionListener, org.springframework.test.context.transaction.TransactionalTestExecutionListener, org.springframework.test.context.jdbc.SqlScriptsTestExecutionListener, org.springframework.test.context.event.EventPublishingTestExecutionListener]
2021-12-08 10:42:25,383 INFO org.springframework.test.context.support.AbstractTestContextBootstrapper [main] Using TestExecutionListeners: [org.springframework.test.context.web.ServletTestExecutionListener@2b991034, org.springframework.test.context.support.DirtiesContextBeforeModesTestExecutionListener@666033b1, org.springframework.test.context.event.ApplicationEventsTestExecutionListener@db9ecd, org.springframework.boot.test.mock.mockito.MockitoTestExecutionListener@23ac164d, org.springframework.boot.test.autoconfigure.SpringBootDependencyInjectionTestExecutionListener@4057babc, org.springframework.test.context.support.DirtiesContextTestExecutionListener@274de4bc, org.springframework.test.context.transaction.TransactionalTestExecutionListener@7bbc3b6e, org.springframework.test.context.jdbc.SqlScriptsTestExecutionListener@38e1442a, org.springframework.test.context.event.EventPublishingTestExecutionListener@451e8bd0, org.springframework.boot.test.mock.mockito.ResetMocksTestExecutionListener@d3effcb, org.springframework.boot.test.autoconfigure.restdocs.RestDocsTestExecutionListener@1743c249, org.springframework.boot.test.autoconfigure.web.client.MockRestServiceServerResetTestExecutionListener@2531049f, org.springframework.boot.test.autoconfigure.web.servlet.MockMvcPrintOnlyOnFailureTestExecutionListener@14404be2, org.springframework.boot.test.autoconfigure.web.servlet.WebDriverTestExecutionListener@6efa2e06, org.springframework.boot.test.autoconfigure.webservices.client.MockWebServiceServerTestExecutionListener@6722f81a]
2021-12-08 10:42:25,448 INFO org.opentesting.BackendTests [main] {"injectid":"inject1","cron":["10 * * * * * ?"],"service":{"type":"kafka","connectstring":"kafka-broker","username":"user","password":"password","custom":[{"key":"topic","value":"mytopic","version":"TestCaseCustomParameterDTOapi1_0"}],"version":"TestCaseServiceDTOapi1_0"},"timetolive":"1d","sourcefile":"source.json","checks":["check1"],"replacements":[{"key":"#hallo#","value":[{"order":1,"type":"list","value":"aaaa|bbbb","param":"","version":"TestCaseReplacementValueDTOapi1_0"}],"maxlength":3,"version":"TestCaseReplacementDTOapi1_0"}],"active":true,"result2random":[],"timerid":"12345","injectinstanceid":"12345_1850530042","schedulets":"2021-12-08T10:42:25.407836","randomdata":{"randomdata":{}},"bulkid":"bulkid","traceid":"traceid","version":"TestCaseInjectionDTOapi1_0"}
2021-12-08 10:42:25,449 INFO org.opentesting.BackendTests [main] ##### testTestCaseInjectionRepo done #####
2021-12-08 10:42:25,501 INFO org.opentesting.BackendTests [main] ##### testTestCaseCheckRepo done #####
2021-12-08 10:42:25,537 INFO org.opentesting.BackendTests [main] ##### testTestCaseRepo done #####
2021-12-08 10:42:25,565 INFO org.opentesting.BackendTests [main] ##### testTestCaseFileRepo done #####
2021-12-08 10:42:25,580 INFO org.springframework.test.context.support.AbstractTestContextBootstrapper [main] Neither @ContextConfiguration nor @ContextHierarchy found for test class [org.opentesting.PauseTests], using SpringBootContextLoader
2021-12-08 10:42:25,583 INFO org.springframework.test.context.support.AbstractContextLoader [main] Could not detect default resource locations for test class [org.opentesting.PauseTests]: no resource found for suffixes {-context.xml, Context.groovy}.
2021-12-08 10:42:25,584 INFO org.springframework.test.context.support.AnnotationConfigContextLoaderUtils [main] Could not detect default configuration classes for test class [org.opentesting.PauseTests]: PauseTests does not declare any static, non-private, non-final, nested classes annotated with @Configuration.
2021-12-08 10:42:25,590 INFO org.springframework.boot.test.context.SpringBootTestContextBootstrapper [main] Found @SpringBootConfiguration org.opentesting.OpenTestingApplication for test class org.opentesting.PauseTests
2021-12-08 10:42:25,598 INFO org.springframework.test.context.support.AbstractTestContextBootstrapper [main] Loaded default TestExecutionListener class names from location [META-INF/spring.factories]: [org.springframework.boot.test.mock.mockito.MockitoTestExecutionListener, org.springframework.boot.test.mock.mockito.ResetMocksTestExecutionListener, org.springframework.boot.test.autoconfigure.restdocs.RestDocsTestExecutionListener, org.springframework.boot.test.autoconfigure.web.client.MockRestServiceServerResetTestExecutionListener, org.springframework.boot.test.autoconfigure.web.servlet.MockMvcPrintOnlyOnFailureTestExecutionListener, org.springframework.boot.test.autoconfigure.web.servlet.WebDriverTestExecutionListener, org.springframework.boot.test.autoconfigure.webservices.client.MockWebServiceServerTestExecutionListener, org.springframework.test.context.web.ServletTestExecutionListener, org.springframework.test.context.support.DirtiesContextBeforeModesTestExecutionListener, org.springframework.test.context.event.ApplicationEventsTestExecutionListener, org.springframework.test.context.support.DependencyInjectionTestExecutionListener, org.springframework.test.context.support.DirtiesContextTestExecutionListener, org.springframework.test.context.transaction.TransactionalTestExecutionListener, org.springframework.test.context.jdbc.SqlScriptsTestExecutionListener, org.springframework.test.context.event.EventPublishingTestExecutionListener]
2021-12-08 10:42:25,600 INFO org.springframework.test.context.support.AbstractTestContextBootstrapper [main] Using TestExecutionListeners: [org.springframework.test.context.web.ServletTestExecutionListener@1c93f349, org.springframework.test.context.support.DirtiesContextBeforeModesTestExecutionListener@473ee461, org.springframework.test.context.event.ApplicationEventsTestExecutionListener@47620803, org.springframework.boot.test.mock.mockito.MockitoTestExecutionListener@43aa9ccd, org.springframework.boot.test.autoconfigure.SpringBootDependencyInjectionTestExecutionListener@40a0364a, org.springframework.test.context.support.DirtiesContextTestExecutionListener@708ddfd3, org.springframework.test.context.transaction.TransactionalTestExecutionListener@2778f3d1, org.springframework.test.context.jdbc.SqlScriptsTestExecutionListener@30a34f07, org.springframework.test.context.event.EventPublishingTestExecutionListener@71702d3f, org.springframework.boot.test.mock.mockito.ResetMocksTestExecutionListener@6f9d1785, org.springframework.boot.test.autoconfigure.restdocs.RestDocsTestExecutionListener@f9b97dc, org.springframework.boot.test.autoconfigure.web.client.MockRestServiceServerResetTestExecutionListener@25ea3a5f, org.springframework.boot.test.autoconfigure.web.servlet.MockMvcPrintOnlyOnFailureTestExecutionListener@5503e208, org.springframework.boot.test.autoconfigure.web.servlet.WebDriverTestExecutionListener@5225f612, org.springframework.boot.test.autoconfigure.webservices.client.MockWebServiceServerTestExecutionListener@1d3aefd]
2021-12-08 10:42:25,634 WARN org.opentesting.services.pause.Pause [main] junit pause test
2021-12-08 10:42:25,637 WARN org.opentesting.services.pause.Pause [main] junit pause test
2021-12-08 10:42:25,655 INFO org.springframework.test.context.support.AbstractTestContextBootstrapper [main] Neither @ContextConfiguration nor @ContextHierarchy found for test class [org.opentesting.PrometheusTests], using SpringBootContextLoader
2021-12-08 10:42:25,658 INFO org.springframework.test.context.support.AbstractContextLoader [main] Could not detect default resource locations for test class [org.opentesting.PrometheusTests]: no resource found for suffixes {-context.xml, Context.groovy}.
2021-12-08 10:42:25,658 INFO org.springframework.test.context.support.AnnotationConfigContextLoaderUtils [main] Could not detect default configuration classes for test class [org.opentesting.PrometheusTests]: PrometheusTests does not declare any static, non-private, non-final, nested classes annotated with @Configuration.
2021-12-08 10:42:25,666 INFO org.springframework.boot.test.context.SpringBootTestContextBootstrapper [main] Found @SpringBootConfiguration org.opentesting.OpenTestingApplication for test class org.opentesting.PrometheusTests
2021-12-08 10:42:25,671 INFO org.springframework.test.context.support.AbstractTestContextBootstrapper [main] Loaded default TestExecutionListener class names from location [META-INF/spring.factories]: [org.springframework.boot.test.mock.mockito.MockitoTestExecutionListener, org.springframework.boot.test.mock.mockito.ResetMocksTestExecutionListener, org.springframework.boot.test.autoconfigure.restdocs.RestDocsTestExecutionListener, org.springframework.boot.test.autoconfigure.web.client.MockRestServiceServerResetTestExecutionListener, org.springframework.boot.test.autoconfigure.web.servlet.MockMvcPrintOnlyOnFailureTestExecutionListener, org.springframework.boot.test.autoconfigure.web.servlet.WebDriverTestExecutionListener, org.springframework.boot.test.autoconfigure.webservices.client.MockWebServiceServerTestExecutionListener, org.springframework.test.context.web.ServletTestExecutionListener, org.springframework.test.context.support.DirtiesContextBeforeModesTestExecutionListener, org.springframework.test.context.event.ApplicationEventsTestExecutionListener, org.springframework.test.context.support.DependencyInjectionTestExecutionListener, org.springframework.test.context.support.DirtiesContextTestExecutionListener, org.springframework.test.context.transaction.TransactionalTestExecutionListener, org.springframework.test.context.jdbc.SqlScriptsTestExecutionListener, org.springframework.test.context.event.EventPublishingTestExecutionListener]
2021-12-08 10:42:25,673 INFO org.springframework.test.context.support.AbstractTestContextBootstrapper [main] Using TestExecutionListeners: [org.springframework.test.context.web.ServletTestExecutionListener@5e16e521, org.springframework.test.context.support.DirtiesContextBeforeModesTestExecutionListener@51a4472d, org.springframework.test.context.event.ApplicationEventsTestExecutionListener@5930a229, org.springframework.boot.test.mock.mockito.MockitoTestExecutionListener@6bd21eb7, org.springframework.boot.test.autoconfigure.SpringBootDependencyInjectionTestExecutionListener@204d101, org.springframework.test.context.support.DirtiesContextTestExecutionListener@716a6343, org.springframework.test.context.transaction.TransactionalTestExecutionListener@2d17b6ad, org.springframework.test.context.jdbc.SqlScriptsTestExecutionListener@564b221e, org.springframework.test.context.event.EventPublishingTestExecutionListener@72e36d0f, org.springframework.boot.test.mock.mockito.ResetMocksTestExecutionListener@5031786b, org.springframework.boot.test.autoconfigure.restdocs.RestDocsTestExecutionListener@40830e1e, org.springframework.boot.test.autoconfigure.web.client.MockRestServiceServerResetTestExecutionListener@4f578fc2, org.springframework.boot.test.autoconfigure.web.servlet.MockMvcPrintOnlyOnFailureTestExecutionListener@26350832, org.springframework.boot.test.autoconfigure.web.servlet.WebDriverTestExecutionListener@7d1cdebf, org.springframework.boot.test.autoconfigure.webservices.client.MockWebServiceServerTestExecutionListener@25b7ccfc]
2021-12-08 10:42:25,693 INFO org.opentesting.services.prometheus.Prometheus [main] Prometheus Counter created: hallo, actual size of the map: 13
2021-12-08 10:42:25,753 INFO org.opentesting.PrometheusTests [main] ##### incrementCounter done #####
2021-12-08 10:42:25,779 INFO org.opentesting.services.prometheus.Prometheus [main] Prometheus Counter created: execution#name#_total#type#_total, actual size of the map: 14
2021-12-08 10:42:25,781 INFO org.opentesting.services.prometheus.Prometheus [main] Prometheus Counter created: execution#name#testexec#type#_total, actual size of the map: 15
2021-12-08 10:42:25,784 INFO org.opentesting.services.prometheus.Prometheus [main] Prometheus Counter created: execution#name#testexec#type#testtype, actual size of the map: 16
2021-12-08 10:42:25,797 INFO org.opentesting.PrometheusTests [main] ##### incrementExecution done #####
2021-12-08 10:42:25,823 INFO org.opentesting.services.prometheus.Prometheus [main] Prometheus Counter created: inject#testid#_total#success#_total#service#_total#injectid#_total#labels#_total, actual size of the map: 17
2021-12-08 10:42:25,825 INFO org.opentesting.services.prometheus.Prometheus [main] Prometheus Counter created: inject#testid#_total#success#true#service#_total#injectid#_total#labels#_total, actual size of the map: 18
2021-12-08 10:42:25,827 INFO org.opentesting.services.prometheus.Prometheus [main] Prometheus Counter created: inject#testid#_total#success#_total#service#kafka#injectid#_total#labels#_total, actual size of the map: 19
2021-12-08 10:42:25,830 INFO org.opentesting.services.prometheus.Prometheus [main] Prometheus Counter created: inject#testid#_total#success#true#service#kafka#injectid#_total#labels#_total, actual size of the map: 20
2021-12-08 10:42:25,835 INFO org.opentesting.services.prometheus.Prometheus [main] Prometheus Counter created: inject#testid#test123#success#_total#service#_total#injectid#_total#labels#||, actual size of the map: 21
2021-12-08 10:42:25,838 INFO org.opentesting.services.prometheus.Prometheus [main] Prometheus Counter created: inject#testid#test123#success#true#service#_total#injectid#_total#labels#||, actual size of the map: 22
2021-12-08 10:42:25,841 INFO org.opentesting.services.prometheus.Prometheus [main] Prometheus Counter created: inject#testid#test123#success#_total#service#kafka#injectid#_total#labels#||, actual size of the map: 23
2021-12-08 10:42:25,845 INFO org.opentesting.services.prometheus.Prometheus [main] Prometheus Counter created: inject#testid#test123#success#true#service#kafka#injectid#_total#labels#||, actual size of the map: 24
2021-12-08 10:42:25,849 INFO org.opentesting.services.prometheus.Prometheus [main] Prometheus Counter created: inject#testid#test123#success#_total#service#_total#injectid#inject1#labels#||, actual size of the map: 25
2021-12-08 10:42:25,855 INFO org.opentesting.services.prometheus.Prometheus [main] Prometheus Counter created: inject#testid#test123#success#true#service#_total#injectid#inject1#labels#||, actual size of the map: 26
2021-12-08 10:42:25,857 INFO org.opentesting.PrometheusTests [main] ##### incrementInject done #####
2021-12-08 10:42:25,884 INFO org.opentesting.services.prometheus.Prometheus [main] Prometheus Counter created: schedule#testid#testid1#success#_total#labels#|bar|foo|, actual size of the map: 27
2021-12-08 10:42:25,886 INFO org.opentesting.services.prometheus.Prometheus [main] Prometheus Counter created: schedule#testid#testid1#success#true#labels#|bar|foo|, actual size of the map: 28
2021-12-08 10:42:25,894 INFO org.opentesting.PrometheusTests [main] ##### incrementSchedule done #####
2021-12-08 10:42:25,912 INFO org.opentesting.services.prometheus.Prometheus [main] Prometheus Counter created: check#testid#_total#success#_total#service#_total#checkid#_total#labels#_total, actual size of the map: 29
2021-12-08 10:42:25,914 INFO org.opentesting.services.prometheus.Prometheus [main] Prometheus Counter created: check#testid#_total#success#n/a#service#_total#checkid#_total#labels#_total, actual size of the map: 30
2021-12-08 10:42:25,916 INFO org.opentesting.services.prometheus.Prometheus [main] Prometheus Counter created: check#testid#_total#success#_total#service#kafka#checkid#_total#labels#_total, actual size of the map: 31
2021-12-08 10:42:25,921 INFO org.opentesting.services.prometheus.Prometheus [main] Prometheus Counter created: check#testid#_total#success#n/a#service#kafka#checkid#_total#labels#_total, actual size of the map: 32
2021-12-08 10:42:25,924 INFO org.opentesting.services.prometheus.Prometheus [main] Prometheus Counter created: check#testid#testid#success#_total#service#_total#checkid#_total#labels#|bar|foo|, actual size of the map: 33
2021-12-08 10:42:25,927 INFO org.opentesting.services.prometheus.Prometheus [main] Prometheus Counter created: check#testid#testid#success#n/a#service#_total#checkid#_total#labels#|bar|foo|, actual size of the map: 34
2021-12-08 10:42:25,929 INFO org.opentesting.services.prometheus.Prometheus [main] Prometheus Counter created: check#testid#testid#success#_total#service#kafka#checkid#_total#labels#|bar|foo|, actual size of the map: 35
2021-12-08 10:42:25,934 INFO org.opentesting.services.prometheus.Prometheus [main] Prometheus Counter created: check#testid#testid#success#n/a#service#kafka#checkid#_total#labels#|bar|foo|, actual size of the map: 36
2021-12-08 10:42:25,936 INFO org.opentesting.services.prometheus.Prometheus [main] Prometheus Counter created: check#testid#testid#success#_total#service#_total#checkid#mycheckid#labels#|bar|foo|, actual size of the map: 37
2021-12-08 10:42:25,938 INFO org.opentesting.services.prometheus.Prometheus [main] Prometheus Counter created: check#testid#testid#success#n/a#service#_total#checkid#mycheckid#labels#|bar|foo|, actual size of the map: 38
2021-12-08 10:42:25,948 INFO org.opentesting.PrometheusTests [main] ##### testIncrementCheck done #####
2021-12-08 10:42:25,968 INFO org.opentesting.PrometheusTests [main] ##### incrementTests done #####
2021-12-08 10:42:27,095 INFO com.zaxxer.hikari.HikariDataSource [SpringApplicationShutdownHook] HikariPool-1 - Shutdown initiated...
2021-12-08 10:42:27,115 INFO com.zaxxer.hikari.HikariDataSource [SpringApplicationShutdownHook] HikariPool-1 - Shutdown completed.
